     1 00000000                                 [FORMAT "WCOFF"]
     2 00000000                                 [INSTRSET "i486p"]
     3 00000000                                 [OPTIMIZE 1]
     4 00000000                                 [OPTION 1]
     5 00000000                                 [BITS 32]
     6 00000000                                 	EXTERN	__alloca
     7 00000000                                 	EXTERN	_api_openwin
     8 00000000                                 	EXTERN	_api_boxfilwin
     9 00000000                                 	EXTERN	_api_alloctimer
    10 00000000                                 	EXTERN	_api_inittimer
    11 00000000                                 	EXTERN	_invstr0.0
    12 00000000                                 	EXTERN	_api_cmdline
    13 00000000                                 	EXTERN	_api_fopen
    14 00000000                                 	EXTERN	_api_fsize
    15 00000000                                 	EXTERN	_api_fread
    16 00000000                                 	EXTERN	_api_fclose
    17 00000000                                 	EXTERN	_strtol
    18 00000000                                 	EXTERN	_tonetable.1
    19 00000000                                 	EXTERN	_api_beep
    20 00000000                                 	EXTERN	_notetable.2
    21 00000000                                 	EXTERN	_api_putstr0
    22 00000000                                 	EXTERN	_api_end
    23 00000000                                 	EXTERN	_charset
    24 00000000                                 	EXTERN	_api_putstrwin
    25 00000000                                 	EXTERN	_api_refreshwin
    26 00000000                                 	EXTERN	_api_settimer
    27 00000000                                 	EXTERN	_api_getkey
    28 00000000                                 [FILE "mmlGame.c"]
    29                                          [SECTION .data]
    30 00000000                                 _charset:
    31 00000000 00                              	DB	0
    32 00000001 00                              	DB	0
    33 00000002 00                              	DB	0
    34 00000003 43                              	DB	67
    35 00000004 5F                              	DB	95
    36 00000005 5F                              	DB	95
    37 00000006 5F                              	DB	95
    38 00000007 7F                              	DB	127
    39 00000008 1F                              	DB	31
    40 00000009 1F                              	DB	31
    41 0000000A 1F                              	DB	31
    42 0000000B 1F                              	DB	31
    43 0000000C 00                              	DB	0
    44 0000000D 20                              	DB	32
    45 0000000E 3F                              	DB	63
    46 0000000F 00                              	DB	0
    47 00000010 00                              	DB	0
    48 00000011 0F                              	DB	15
    49 00000012 7F                              	DB	127
    50 00000013 FF                              	DB	-1
    51 00000014 CF                              	DB	-49
    52 00000015 CF                              	DB	-49
    53 00000016 CF                              	DB	-49
    54 00000017 FF                              	DB	-1
    55 00000018 FF                              	DB	-1
    56 00000019 E0                              	DB	-32
    57 0000001A FF                              	DB	-1
    58 0000001B FF                              	DB	-1
    59 0000001C C0                              	DB	-64
    60 0000001D C0                              	DB	-64
    61 0000001E C0                              	DB	-64
    62 0000001F 00                              	DB	0
    63 00000020 00                              	DB	0
    64 00000021 F0                              	DB	-16
    65 00000022 FE                              	DB	-2
    66 00000023 FF                              	DB	-1
    67 00000024 F3                              	DB	-13
    68 00000025 F3                              	DB	-13
    69 00000026 F3                              	DB	-13
    70 00000027 FF                              	DB	-1
    71 00000028 FF                              	DB	-1
    72 00000029 07                              	DB	7
    73 0000002A FF                              	DB	-1
    74 0000002B FF                              	DB	-1
    75 0000002C 03                              	DB	3
    76 0000002D 03                              	DB	3
    77 0000002E 03                              	DB	3
    78 0000002F 00                              	DB	0
    79 00000030 00                              	DB	0
    80 00000031 00                              	DB	0
    81 00000032 00                              	DB	0
    82 00000033 C2                              	DB	-62
    83 00000034 FA                              	DB	-6
    84 00000035 FA                              	DB	-6
    85 00000036 FA                              	DB	-6
    86 00000037 FE                              	DB	-2
    87 00000038 F8                              	DB	-8
    88 00000039 F8                              	DB	-8
    89 0000003A F8                              	DB	-8
    90 0000003B F8                              	DB	-8
    91 0000003C 00                              	DB	0
    92 0000003D 04                              	DB	4
    93 0000003E FC                              	DB	-4
    94 0000003F 00                              	DB	0
    95 00000040 00                              	DB	0
    96 00000041 00                              	DB	0
    97 00000042 01                              	DB	1
    98 00000043 01                              	DB	1
    99 00000044 01                              	DB	1
   100 00000045 01                              	DB	1
   101 00000046 01                              	DB	1
   102 00000047 01                              	DB	1
   103 00000048 01                              	DB	1
   104 00000049 43                              	DB	67
   105 0000004A 47                              	DB	71
   106 0000004B 4F                              	DB	79
   107 0000004C 5F                              	DB	95
   108 0000004D 7F                              	DB	127
   109 0000004E 7F                              	DB	127
   110 0000004F 00                              	DB	0
   111 00000050 18                              	DB	24
   112 00000051 7E                              	DB	126
   113 00000052 FF                              	DB	-1
   114 00000053 C3                              	DB	-61
   115 00000054 C3                              	DB	-61
   116 00000055 C3                              	DB	-61
   117 00000056 C3                              	DB	-61
   118 00000057 FF                              	DB	-1
   119 00000058 FF                              	DB	-1
   120 00000059 FF                              	DB	-1
   121 0000005A E7                              	DB	-25
   122 0000005B E7                              	DB	-25
   123 0000005C E7                              	DB	-25
   124 0000005D E7                              	DB	-25
   125 0000005E FF                              	DB	-1
   126 0000005F 00                              	DB	0
   127 00000060 00                              	DB	0
   128 00000061 00                              	DB	0
   129 00000062 80                              	DB	-128
   130 00000063 80                              	DB	-128
   131 00000064 80                              	DB	-128
   132 00000065 80                              	DB	-128
   133 00000066 80                              	DB	-128
   134 00000067 80                              	DB	-128
   135 00000068 80                              	DB	-128
   136 00000069 C2                              	DB	-62
   137 0000006A E2                              	DB	-30
   138 0000006B F2                              	DB	-14
   139 0000006C FA                              	DB	-6
   140 0000006D FE                              	DB	-2
   141 0000006E FE                              	DB	-2
   142 0000006F 00                              	DB	0
   143 00000070 00                              	DB	0
   144 00000071 18                              	DB	24
   145 00000072 18                              	DB	24
   146 00000073 18                              	DB	24
   147 00000074 18                              	DB	24
   148 00000075 18                              	DB	24
   149 00000076 18                              	DB	24
   150 00000077 18                              	DB	24
   151 00000078 18                              	DB	24
   152 00000079 18                              	DB	24
   153 0000007A 18                              	DB	24
   154 0000007B 18                              	DB	24
   155 0000007C 18                              	DB	24
   156 0000007D 18                              	DB	24
   157 0000007E 18                              	DB	24
   158 0000007F 00                              	DB	0
   159 00000080                                 _invstr0.0:
   160 00000080 20 61 62 63 64 20 61 62 63 64   	DB	" abcd abcd abcd abcd abcd ",0x00
       0000008A 20 61 62 63 64 20 61 62 63 64 
       00000094 20 61 62 63 64 20 00 
   161 0000009B 00 00 00 00 00                  	RESB	5
   162 000000A0                                 _tonetable.1:
   163 000000A0 3FDF990B                        	DD	1071618315
   164 000000A4 43ABEA18                        	DD	1135340056
   165 000000A8 47B20C49                        	DD	1202850889
   166 000000AC 4BF56FBD                        	DD	1274376125
   167 000000B0 5079B8E9                        	DD	1350154473
   168 000000B4 5542C3B4                        	DD	1430438836
   169 000000B8 5A54A6C3                        	DD	1515497155
   170 000000BC 5FB3B6FA                        	DD	1605613306
   171 000000C0 65648B29                        	DD	1701088041
   172 000000C4 6B6C0000                        	DD	1802240000
   173 000000C8 71CF3C2F                        	DD	1909406767
   174 000000CC 7893B4D2                        	DD	2022946002
   175 000000D0                                 	ALIGNB	4
   176 000000D0                                 _notetable.2:
   177 000000D0 00000009                        	DD	9
   178 000000D4 0000000B                        	DD	11
   179 000000D8 00000000                        	DD	0
   180 000000DC 00000002                        	DD	2
   181 000000E0 00000004                        	DD	4
   182 000000E4 00000005                        	DD	5
   183 000000E8 00000007                        	DD	7
   184 000000EC                                 LC0:
   185 000000EC 69 6E 76 61 64 65 72 00         	DB	"invader",0x00
   186 000000F4                                 LC1:
   187 000000F4 48 49 47 48 3A 30 30 30 30 30   	DB	"HIGH:00000000",0x00
       000000FE 30 30 30 00 
   188 00000102                                 LC2:
   189 00000102 53 43 4F 52 45 3A 30 30 30 30   	DB	"SCORE:00000000",0x00
       0000010C 30 30 30 30 00 
   190 00000111                                 LC3:
   191 00000111 65 66 67 00                     	DB	"efg",0x00
   192 00000115                                 LC4:
   193 00000115 66 69 6C 65 20 6F 70 65 6E 20   	DB	"file open error.",0x0A,0x00
       0000011F 65 72 72 6F 72 2E 0A 00 
   194 00000127                                 LC7:
   195 00000127 65 66 67 20 00                  	DB	"efg ",0x00
   196 0000012C                                 LC8:
   197 0000012C 20 65 66 67 00                  	DB	" efg",0x00
   198 00000131                                 LC11:
   199 00000131 68 00                           	DB	"h",0x00
   200 00000133                                 LC10:
   201 00000133 20 00                           	DB	" ",0x00
   202 00000135                                 LC9:
   203 00000135 20 20 20 20 20 20 20 20 20 20   	DB	"                         ",0x00
       0000013F 20 20 20 20 20 20 20 20 20 20 
       00000149 20 20 20 20 20 00 
   204 0000014F                                 LC12:
   205 0000014F 47 41 4D 45 20 4F 56 45 52 00   	DB	"GAME OVER",0x00
   206 00000159                                 LC13:
   207 00000159 20 20 20 20 20 20 20 20 20 20   	DB	"                                        ",0x00
       00000163 20 20 20 20 20 20 20 20 20 20 
       0000016D 20 20 20 20 20 20 20 20 20 20 
       00000177 20 20 20 20 20 20 20 20 20 20 
       00000181 00 
   208 00000182                                 LC6:
   209 00000182 6D 6D 6C 20 73 79 6E 74 61 78   	DB	"mml syntax error.",0x0A,0x00
       0000018C 20 65 72 72 6F 72 2E 0A 00 
   210 00000195                                 LC5:
   211 00000195 6B 61 72 61 6F 6B 65 20 74 6F   	DB	"karaoke too long.",0x0A,0x00
       0000019F 6F 20 6C 6F 6E 67 2E 0A 00 
   212                                          [SECTION .text]
   213 00000000                                 	GLOBAL	_HariMain
   214 00000000                                 _HariMain:
   215 00000000 55                              	PUSH	EBP
   216 00000001 B8 0002E7D0                     	MOV	EAX,190416
   217 00000006 89 E5                           	MOV	EBP,ESP
   218 00000008 57                              	PUSH	EDI
   219 00000009 56                              	PUSH	ESI
   220 0000000A 53                              	PUSH	EBX
   221 0000000B 8D 9D FFFD1944                  	LEA	EBX,DWORD [-190140+EBP]
   222 00000011 E8 [00000000]                   	CALL	__alloca
   223 00000016 68 [000000EC]                   	PUSH	LC0
   224 0000001B 6A FF                           	PUSH	-1
   225 0000001D 68 00000105                     	PUSH	261
   226 00000022 68 00000150                     	PUSH	336
   227 00000027 53                              	PUSH	EBX
   228 00000028 C7 85 FFFD1868 00000004         	MOV	DWORD [-190360+EBP],4
   229 00000032 C7 85 FFFD1864 00000007         	MOV	DWORD [-190364+EBP],7
   230 0000003C C7 85 FFFD1860 00000000         	MOV	DWORD [-190368+EBP],0
   231 00000046 C7 85 FFFD184C 00000000         	MOV	DWORD [-190388+EBP],0
   232 00000050 E8 [00000000]                   	CALL	_api_openwin
   233 00000055 6A 00                           	PUSH	0
   234 00000057 68 000000FE                     	PUSH	254
   235 0000005C 68 00000149                     	PUSH	329
   236 00000061 89 85 FFFD185C                  	MOV	DWORD [-190372+EBP],EAX
   237 00000067 6A 1B                           	PUSH	27
   238 00000069 6A 06                           	PUSH	6
   239 0000006B 50                              	PUSH	EAX
   240 0000006C E8 [00000000]                   	CALL	_api_boxfilwin
   241 00000071 83 C4 2C                        	ADD	ESP,44
   242 00000074 E8 [00000000]                   	CALL	_api_alloctimer
   243 00000079 68 00000080                     	PUSH	128
   244 0000007E 50                              	PUSH	EAX
   245 0000007F 89 85 FFFD1858                  	MOV	DWORD [-190376+EBP],EAX
   246 00000085 E8 [00000000]                   	CALL	_api_inittimer
   247 0000008A 68 [000000F4]                   	PUSH	LC1
   248 0000008F 6A 07                           	PUSH	7
   249 00000091 6A 00                           	PUSH	0
   250 00000093 6A 16                           	PUSH	22
   251 00000095 53                              	PUSH	EBX
   252 00000096 FF B5 FFFD185C                  	PUSH	DWORD [-190372+EBP]
   253 0000009C C7 85 FFFD1828 00000000         	MOV	DWORD [-190424+EBP],0
   254 000000A6 E8 00000BD4                     	CALL	_putstr
   255 000000AB 83 C4 20                        	ADD	ESP,32
   256 000000AE                                 L2:
   257 000000AE 68 [00000102]                   	PUSH	LC2
   258 000000B3 8D 9D FFFD1944                  	LEA	EBX,DWORD [-190140+EBP]
   259 000000B9 6A 07                           	PUSH	7
   260 000000BB 6A 00                           	PUSH	0
   261 000000BD 6A 04                           	PUSH	4
   262 000000BF 53                              	PUSH	EBX
   263 000000C0 FF B5 FFFD185C                  	PUSH	DWORD [-190372+EBP]
   264 000000C6 C7 85 FFFD182C 00000000         	MOV	DWORD [-190420+EBP],0
   265 000000D0 C7 85 FFFD1824 00000001         	MOV	DWORD [-190428+EBP],1
   266 000000DA E8 00000BA0                     	CALL	_putstr
   267 000000DF 68 [00000111]                   	PUSH	LC3
   268 000000E4 6A 06                           	PUSH	6
   269 000000E6 6A 0D                           	PUSH	13
   270 000000E8 6A 12                           	PUSH	18
   271 000000EA 53                              	PUSH	EBX
   272 000000EB FF B5 FFFD185C                  	PUSH	DWORD [-190372+EBP]
   273 000000F1 C7 85 FFFD183C 00000005         	MOV	DWORD [-190404+EBP],5
   274 000000FB C7 85 FFFD1854 00000012         	MOV	DWORD [-190380+EBP],18
   275 00000105 E8 00000B75                     	CALL	_putstr
   276 0000010A 8D 85 FFFD1870                  	LEA	EAX,DWORD [-190352+EBP]
   277 00000110 83 C4 30                        	ADD	ESP,48
   278 00000113 50                              	PUSH	EAX
   279 00000114 FF B5 FFFD1858                  	PUSH	DWORD [-190376+EBP]
   280 0000011A 6A 64                           	PUSH	100
   281 0000011C E8 00000CCA                     	CALL	_wait
   282 00000121 83 C4 0C                        	ADD	ESP,12
   283 00000124                                 L3:
   284 00000124 8D 85 FFFD1870                  	LEA	EAX,DWORD [-190352+EBP]
   285 0000012A 31 FF                           	XOR	EDI,EDI
   286 0000012C 50                              	PUSH	EAX
   287 0000012D FF B5 FFFD1858                  	PUSH	DWORD [-190376+EBP]
   288 00000133 6A 64                           	PUSH	100
   289 00000135 E8 00000CB1                     	CALL	_wait
   290 0000013A 83 C4 0C                        	ADD	ESP,12
   291 0000013D C7 85 FFFD1844 00000007         	MOV	DWORD [-190396+EBP],7
   292 00000147 C7 85 FFFD1840 00000001         	MOV	DWORD [-190400+EBP],1
   293 00000151 C7 85 FFFD1830 00000006         	MOV	DWORD [-190416+EBP],6
   294 0000015B                                 L13:
   295 0000015B 31 F6                           	XOR	ESI,ESI
   296 0000015D                                 L12:
   297 0000015D 89 F9                           	MOV	ECX,EDI
   298 0000015F 8D 5D F4                        	LEA	EBX,DWORD [-12+EBP]
   299 00000162 C1 E1 05                        	SAL	ECX,5
   300 00000165 8A 86 [00000080]                	MOV	AL,BYTE [_invstr0.0+ESI]
   301 0000016B 8D 14 0B                        	LEA	EDX,DWORD [EBX+ECX*1]
   302 0000016E 88 84 16 FFFD1890               	MOV	BYTE [-190320+ESI+EDX*1],AL
   303 00000175 46                              	INC	ESI
   304 00000176 83 FE 1A                        	CMP	ESI,26
   305 00000179 7E E2                           	JLE	L12
   306 0000017B 8D 84 29 FFFD1884               	LEA	EAX,DWORD [-190332+ECX+EBP*1]
   307 00000182 8D 5F 01                        	LEA	EBX,DWORD [1+EDI]
   308 00000185 50                              	PUSH	EAX
   309 00000186 89 DF                           	MOV	EDI,EBX
   310 00000188 6A 02                           	PUSH	2
   311 0000018A 8D 85 FFFD1944                  	LEA	EAX,DWORD [-190140+EBP]
   312 00000190 53                              	PUSH	EBX
   313 00000191 6A 07                           	PUSH	7
   314 00000193 50                              	PUSH	EAX
   315 00000194 FF B5 FFFD185C                  	PUSH	DWORD [-190372+EBP]
   316 0000019A E8 00000AE0                     	CALL	_putstr
   317 0000019F 83 C4 18                        	ADD	ESP,24
   318 000001A2 83 FB 05                        	CMP	EBX,5
   319 000001A5 7E B4                           	JLE	L13
   320 000001A7 8D 8D FFFD1870                  	LEA	ECX,DWORD [-190352+EBP]
   321 000001AD 8B 85 FFFD183C                  	MOV	EAX,DWORD [-190404+EBP]
   322 000001B3 51                              	PUSH	ECX
   323 000001B4 8D 9D FFFE6FD4                  	LEA	EBX,DWORD [-102444+EBP]
   324 000001BA FF B5 FFFD1858                  	PUSH	DWORD [-190376+EBP]
   325 000001C0 6A 64                           	PUSH	100
   326 000001C2 89 85 FFFD1838                  	MOV	DWORD [-190408+EBP],EAX
   327 000001C8 C6 85 FFFD1870 00               	MOV	BYTE [-190352+EBP],0
   328 000001CF C6 85 FFFD1871 00               	MOV	BYTE [-190351+EBP],0
   329 000001D6 C6 85 FFFD1872 00               	MOV	BYTE [-190350+EBP],0
   330 000001DD C7 85 FFFD1848 00000000         	MOV	DWORD [-190392+EBP],0
   331 000001E7 C7 85 FFFD1850 00000000         	MOV	DWORD [-190384+EBP],0
   332 000001F1 C7 85 FFFD1834 00000001         	MOV	DWORD [-190412+EBP],1
   333 000001FB E8 00000BEB                     	CALL	_wait
   334 00000200 6A 1E                           	PUSH	30
   335 00000202 53                              	PUSH	EBX
   336 00000203 E8 [00000000]                   	CALL	_api_cmdline
   337 00000208 89 D9                           	MOV	ECX,EBX
   338 0000020A 83 C4 14                        	ADD	ESP,20
   339 0000020D 89 9D FFFD186C                  	MOV	DWORD [-190356+EBP],EBX
   340 00000213 80 BD FFFE6FD4 20               	CMP	BYTE [-102444+EBP],32
   341 0000021A 7E 19                           	JLE	L180
   342 0000021C 8D 95 FFFE6FD5                  	LEA	EDX,DWORD [-102443+EBP]
   343 00000222                                 L18:
   344 00000222 89 D0                           	MOV	EAX,EDX
   345 00000224 89 95 FFFD186C                  	MOV	DWORD [-190356+EBP],EDX
   346 0000022A 8D 51 02                        	LEA	EDX,DWORD [2+ECX]
   347 0000022D 89 C1                           	MOV	ECX,EAX
   348 0000022F 80 7A FF 20                     	CMP	BYTE [-1+EDX],32
   349 00000233 7F ED                           	JG	L18
   350 00000235                                 L180:
   351 00000235 8B 8D FFFD186C                  	MOV	ECX,DWORD [-190356+EBP]
   352 0000023B 80 39 20                        	CMP	BYTE [ECX],32
   353 0000023E 0F 84 00000A01                  	JE	L210
   354 00000244                                 L182:
   355 00000244 FC                              	CLD
   356 00000245 8B BD FFFD186C                  	MOV	EDI,DWORD [-190356+EBP]
   357 0000024B 83 C9 FF                        	OR	ECX,-1
   358 0000024E 31 C0                           	XOR	EAX,EAX
   359 00000250 F2                              	REPNE
   360 00000251 AE                              	SCASB
   361 00000252 F7 D1                           	NOT	ECX
   362 00000254 8D 79 FF                        	LEA	EDI,DWORD [-1+ECX]
   363 00000257 83 FF 0C                        	CMP	EDI,12
   364 0000025A 7E 0B                           	JLE	L24
   365 0000025C                                 L25:
   366 0000025C 68 [00000115]                   	PUSH	LC4
   367 00000261 E8 000009FA                     	CALL	_end
   368 00000266 5E                              	POP	ESI
   369 00000267                                 L24:
   370 00000267 85 FF                           	TEST	EDI,EDI
   371 00000269 75 08                           	JNE	L26
   372 0000026B 6A 00                           	PUSH	0
   373 0000026D E8 000009EE                     	CALL	_end
   374 00000272 5B                              	POP	EBX
   375 00000273                                 L26:
   376 00000273 FF B5 FFFD186C                  	PUSH	DWORD [-190356+EBP]
   377 00000279 E8 [00000000]                   	CALL	_api_fopen
   378 0000027E 59                              	POP	ECX
   379 0000027F 89 C7                           	MOV	EDI,EAX
   380 00000281 85 C0                           	TEST	EAX,EAX
   381 00000283 74 D7                           	JE	L25
   382 00000285 6A 00                           	PUSH	0
   383 00000287 50                              	PUSH	EAX
   384 00000288 E8 [00000000]                   	CALL	_api_fsize
   385 0000028D 89 C6                           	MOV	ESI,EAX
   386 0000028F 58                              	POP	EAX
   387 00000290 5A                              	POP	EDX
   388 00000291 81 FE 00018FFF                  	CMP	ESI,102399
   389 00000297 7E 05                           	JLE	L28
   390 00000299 BE 00018FFF                     	MOV	ESI,102399
   391 0000029E                                 L28:
   392 0000029E 57                              	PUSH	EDI
   393 0000029F 8D 9D FFFE6FF4                  	LEA	EBX,DWORD [-102412+EBP]
   394 000002A5 56                              	PUSH	ESI
   395 000002A6 53                              	PUSH	EBX
   396 000002A7 E8 [00000000]                   	CALL	_api_fread
   397 000002AC 57                              	PUSH	EDI
   398 000002AD 31 FF                           	XOR	EDI,EDI
   399 000002AF E8 [00000000]                   	CALL	_api_fclose
   400 000002B4 C6 84 35 FFFE6FF4 00            	MOV	BYTE [-102412+EBP+ESI*1],0
   401 000002BC 83 C4 10                        	ADD	ESP,16
   402 000002BF 89 D9                           	MOV	ECX,EBX
   403 000002C1 89 9D FFFD186C                  	MOV	DWORD [-190356+EBP],EBX
   404 000002C7 80 BD FFFE6FF4 00               	CMP	BYTE [-102412+EBP],0
   405 000002CE 74 40                           	JE	L184
   406 000002D0                                 L52:
   407 000002D0 85 FF                           	TEST	EDI,EDI
   408 000002D2 0F 85 000008FC                  	JNE	L33
   409 000002D8 8B 95 FFFD186C                  	MOV	EDX,DWORD [-190356+EBP]
   410 000002DE 8A 02                           	MOV	AL,BYTE [EDX]
   411 000002E0 3C 20                           	CMP	AL,32
   412 000002E2 0F 8E 000008EC                  	JLE	L33
   413 000002E8 3C 2F                           	CMP	AL,47
   414 000002EA 0F 84 000008A7                  	JE	L211
   415 000002F0 3C 22                           	CMP	AL,34
   416 000002F2 0F 84 00000891                  	JE	L212
   417 000002F8                                 L205:
   418 000002F8 88 01                           	MOV	BYTE [ECX],AL
   419 000002FA                                 L206:
   420 000002FA 41                              	INC	ECX
   421 000002FB                                 L31:
   422 000002FB 8B 95 FFFD186C                  	MOV	EDX,DWORD [-190356+EBP]
   423 00000301 8D 42 01                        	LEA	EAX,DWORD [1+EDX]
   424 00000304 89 85 FFFD186C                  	MOV	DWORD [-190356+EBP],EAX
   425 0000030A 80 7A 01 00                     	CMP	BYTE [1+EDX],0
   426 0000030E 75 C0                           	JNE	L52
   427 00000310                                 L184:
   428 00000310 C6 01 00                        	MOV	BYTE [ECX],0
   429 00000313 E8 [00000000]                   	CALL	_api_alloctimer
   430 00000318 68 00000080                     	PUSH	128
   431 0000031D 50                              	PUSH	EAX
   432 0000031E 89 85 FFFD1858                  	MOV	DWORD [-190376+EBP],EAX
   433 00000324 E8 [00000000]                   	CALL	_api_inittimer
   434 00000329 5B                              	POP	EBX
   435 0000032A 8D 85 FFFE6FF4                  	LEA	EAX,DWORD [-102412+EBP]
   436 00000330 5E                              	POP	ESI
   437 00000331 89 85 FFFD186C                  	MOV	DWORD [-190356+EBP],EAX
   438 00000337                                 L53:
   439 00000337 8B 8D FFFD186C                  	MOV	ECX,DWORD [-190356+EBP]
   440 0000033D 8A 11                           	MOV	DL,BYTE [ECX]
   441 0000033F 8D 42 BF                        	LEA	EAX,DWORD [-65+EDX]
   442 00000342 3C 06                           	CMP	AL,6
   443 00000344 0F 86 000007F1                  	JBE	L57
   444 0000034A 80 FA 52                        	CMP	DL,82
   445 0000034D 0F 84 000006A6                  	JE	L203
   446 00000353 80 FA 3C                        	CMP	DL,60
   447 00000356 0F 84 00000689                  	JE	L214
   448 0000035C 80 FA 3E                        	CMP	DL,62
   449 0000035F 0F 84 0000066C                  	JE	L215
   450 00000365 80 FA 4F                        	CMP	DL,79
   451 00000368 0F 84 00000646                  	JE	L216
   452 0000036E 80 FA 51                        	CMP	DL,81
   453 00000371 0F 84 00000623                  	JE	L217
   454 00000377 80 FA 4C                        	CMP	DL,76
   455 0000037A 0F 84 000005D4                  	JE	L218
   456 00000380 8A 01                           	MOV	AL,BYTE [ECX]
   457 00000382 3C 54                           	CMP	AL,84
   458 00000384 0F 84 000005B0                  	JE	L219
   459 0000038A 3C 24                           	CMP	AL,36
   460 0000038C 0F 84 000004E6                  	JE	L220
   461 00000392 84 C0                           	TEST	AL,AL
   462 00000394 0F 85 000004CE                  	JNE	L88
   463 0000039A 8D 85 FFFE6FF4                  	LEA	EAX,DWORD [-102412+EBP]
   464 000003A0 89 85 FFFD186C                  	MOV	DWORD [-190356+EBP],EAX
   465 000003A6                                 L77:
   466 000003A6 83 BD FFFD1850 00               	CMP	DWORD [-190384+EBP],0
   467 000003AD 74 0D                           	JE	L124
   468 000003AF FF 8D FFFD1850                  	DEC	DWORD [-190384+EBP]
   469 000003B5 C6 85 FFFD1872 00               	MOV	BYTE [-190350+EBP],0
   470 000003BC                                 L124:
   471 000003BC 8D 9D FFFD1870                  	LEA	EBX,DWORD [-190352+EBP]
   472 000003C2 53                              	PUSH	EBX
   473 000003C3 FF B5 FFFD1858                  	PUSH	DWORD [-190376+EBP]
   474 000003C9 6A 01                           	PUSH	1
   475 000003CB E8 00000A1B                     	CALL	_wait
   476 000003D0 83 C4 0C                        	ADD	ESP,12
   477 000003D3 80 BD FFFD1870 00               	CMP	BYTE [-190352+EBP],0
   478 000003DA 74 3A                           	JE	L125
   479 000003DC 83 BD FFFD1854 00               	CMP	DWORD [-190380+EBP],0
   480 000003E3 7E 31                           	JLE	L125
   481 000003E5 68 [00000127]                   	PUSH	LC7
   482 000003EA FF 8D FFFD1854                  	DEC	DWORD [-190380+EBP]
   483 000003F0 6A 06                           	PUSH	6
   484 000003F2 8D 85 FFFD1944                  	LEA	EAX,DWORD [-190140+EBP]
   485 000003F8 6A 0D                           	PUSH	13
   486 000003FA FF B5 FFFD1854                  	PUSH	DWORD [-190380+EBP]
   487 00000400 50                              	PUSH	EAX
   488 00000401 FF B5 FFFD185C                  	PUSH	DWORD [-190372+EBP]
   489 00000407 E8 00000873                     	CALL	_putstr
   490 0000040C 83 C4 18                        	ADD	ESP,24
   491 0000040F C6 85 FFFD1870 00               	MOV	BYTE [-190352+EBP],0
   492 00000416                                 L125:
   493 00000416 80 7B 01 00                     	CMP	BYTE [1+EBX],0
   494 0000041A 74 37                           	JE	L126
   495 0000041C 83 BD FFFD1854 24               	CMP	DWORD [-190380+EBP],36
   496 00000423 7F 2E                           	JG	L126
   497 00000425 68 [0000012C]                   	PUSH	LC8
   498 0000042A 8D 85 FFFD1944                  	LEA	EAX,DWORD [-190140+EBP]
   499 00000430 6A 06                           	PUSH	6
   500 00000432 6A 0D                           	PUSH	13
   501 00000434 FF B5 FFFD1854                  	PUSH	DWORD [-190380+EBP]
   502 0000043A 50                              	PUSH	EAX
   503 0000043B FF B5 FFFD185C                  	PUSH	DWORD [-190372+EBP]
   504 00000441 E8 00000839                     	CALL	_putstr
   505 00000446 83 C4 18                        	ADD	ESP,24
   506 00000449 FF 85 FFFD1854                  	INC	DWORD [-190380+EBP]
   507 0000044F C6 43 01 00                     	MOV	BYTE [1+EBX],0
   508 00000453                                 L126:
   509 00000453 80 7B 02 00                     	CMP	BYTE [2+EBX],0
   510 00000457 74 2A                           	JE	L127
   511 00000459 83 BD FFFD1850 00               	CMP	DWORD [-190384+EBP],0
   512 00000460 75 21                           	JNE	L127
   513 00000462 8B 85 FFFD1854                  	MOV	EAX,DWORD [-190380+EBP]
   514 00000468 40                              	INC	EAX
   515 00000469 C7 85 FFFD1850 0000000F         	MOV	DWORD [-190384+EBP],15
   516 00000473 89 85 FFFD184C                  	MOV	DWORD [-190388+EBP],EAX
   517 00000479 C7 85 FFFD1848 0000000D         	MOV	DWORD [-190392+EBP],13
   518 00000483                                 L127:
   519 00000483 83 BD FFFD1838 00               	CMP	DWORD [-190408+EBP],0
   520 0000048A 0F 84 000002B5                  	JE	L128
   521 00000490 FF 8D FFFD1838                  	DEC	DWORD [-190408+EBP]
   522 00000496                                 L129:
   523 00000496 83 BD FFFD1848 00               	CMP	DWORD [-190392+EBP],0
   524 0000049D 0F 8E FFFFFE94                  	JLE	L53
   525 000004A3 83 BD FFFD1848 0C               	CMP	DWORD [-190392+EBP],12
   526 000004AA 0F 8F 00000087                  	JG	L139
   527 000004B0 8B 9D FFFD184C                  	MOV	EBX,DWORD [-190388+EBP]
   528 000004B6 39 9D FFFD1844                  	CMP	DWORD [-190396+EBP],EBX
   529 000004BC 0F 8D 0000026B                  	JGE	L140
   530 000004C2 8B 85 FFFD1844                  	MOV	EAX,DWORD [-190396+EBP]
   531 000004C8 83 C0 19                        	ADD	EAX,25
   532 000004CB 39 C3                           	CMP	EBX,EAX
   533 000004CD 0F 8D 0000025A                  	JGE	L140
   534 000004D3 8B 85 FFFD1848                  	MOV	EAX,DWORD [-190392+EBP]
   535 000004D9 39 85 FFFD1840                  	CMP	DWORD [-190400+EBP],EAX
   536 000004DF 0F 8F 00000248                  	JG	L140
   537 000004E5 8B 85 FFFD1840                  	MOV	EAX,DWORD [-190400+EBP]
   538 000004EB 03 85 FFFD1830                  	ADD	EAX,DWORD [-190416+EBP]
   539 000004F1 39 85 FFFD1848                  	CMP	DWORD [-190392+EBP],EAX
   540 000004F7 0F 8D 00000230                  	JGE	L140
   541 000004FD 8B 85 FFFD1848                  	MOV	EAX,DWORD [-190392+EBP]
   542 00000503 2B 85 FFFD1840                  	SUB	EAX,DWORD [-190400+EBP]
   543 00000509 C1 E0 05                        	SAL	EAX,5
   544 0000050C 8D 84 28 FFFD1884               	LEA	EAX,DWORD [-190332+EAX+EBP*1]
   545 00000513 50                              	PUSH	EAX
   546 00000514 6A 02                           	PUSH	2
   547 00000516 FF B5 FFFD1848                  	PUSH	DWORD [-190392+EBP]
   548 0000051C FF B5 FFFD1844                  	PUSH	DWORD [-190396+EBP]
   549 00000522                                 L209:
   550 00000522 8D 85 FFFD1944                  	LEA	EAX,DWORD [-190140+EBP]
   551 00000528 50                              	PUSH	EAX
   552 00000529 FF B5 FFFD185C                  	PUSH	DWORD [-190372+EBP]
   553 0000052F E8 0000074B                     	CALL	_putstr
   554 00000534 83 C4 18                        	ADD	ESP,24
   555 00000537                                 L139:
   556 00000537 FF 8D FFFD1848                  	DEC	DWORD [-190392+EBP]
   557 0000053D 83 BD FFFD1848 00               	CMP	DWORD [-190392+EBP],0
   558 00000544 0F 8E 000001C0                  	JLE	L142
   559 0000054A 68 [00000131]                   	PUSH	LC11
   560 0000054F 8D 85 FFFD1944                  	LEA	EAX,DWORD [-190140+EBP]
   561 00000555 6A 03                           	PUSH	3
   562 00000557 FF B5 FFFD1848                  	PUSH	DWORD [-190392+EBP]
   563 0000055D FF B5 FFFD184C                  	PUSH	DWORD [-190388+EBP]
   564 00000563 50                              	PUSH	EAX
   565 00000564 FF B5 FFFD185C                  	PUSH	DWORD [-190372+EBP]
   566 0000056A E8 00000710                     	CALL	_putstr
   567 0000056F 83 C4 18                        	ADD	ESP,24
   568 00000572                                 L143:
   569 00000572 8B 8D FFFD184C                  	MOV	ECX,DWORD [-190388+EBP]
   570 00000578 39 8D FFFD1844                  	CMP	DWORD [-190396+EBP],ECX
   571 0000057E 0F 8D FFFFFDB3                  	JGE	L53
   572 00000584 8B 85 FFFD1844                  	MOV	EAX,DWORD [-190396+EBP]
   573 0000058A 83 C0 19                        	ADD	EAX,25
   574 0000058D 39 C1                           	CMP	ECX,EAX
   575 0000058F 0F 8D FFFFFDA2                  	JGE	L53
   576 00000595 8B 9D FFFD1848                  	MOV	EBX,DWORD [-190392+EBP]
   577 0000059B 39 9D FFFD1840                  	CMP	DWORD [-190400+EBP],EBX
   578 000005A1 0F 8F FFFFFD90                  	JG	L53
   579 000005A7 8B 85 FFFD1840                  	MOV	EAX,DWORD [-190400+EBP]
   580 000005AD 03 85 FFFD1830                  	ADD	EAX,DWORD [-190416+EBP]
   581 000005B3 39 C3                           	CMP	EBX,EAX
   582 000005B5 0F 8D FFFFFD7C                  	JGE	L53
   583 000005BB 89 D8                           	MOV	EAX,EBX
   584 000005BD 2B 85 FFFD1840                  	SUB	EAX,DWORD [-190400+EBP]
   585 000005C3 C1 E0 05                        	SAL	EAX,5
   586 000005C6 8D 94 28 FFFD1884               	LEA	EDX,DWORD [-190332+EAX+EBP*1]
   587 000005CD 89 C8                           	MOV	EAX,ECX
   588 000005CF 2B 85 FFFD1844                  	SUB	EAX,DWORD [-190396+EBP]
   589 000005D5 8D 1C 10                        	LEA	EBX,DWORD [EAX+EDX*1]
   590 000005D8 80 3B 20                        	CMP	BYTE [EBX],32
   591 000005DB 0F 84 FFFFFD56                  	JE	L53
   592 000005E1 8B 85 FFFD1824                  	MOV	EAX,DWORD [-190428+EBP]
   593 000005E7 8D B5 FFFD1874                  	LEA	ESI,DWORD [-190348+EBP]
   594 000005ED 01 85 FFFD182C                  	ADD	DWORD [-190420+EBP],EAX
   595 000005F3 8D BD FFFD1944                  	LEA	EDI,DWORD [-190140+EBP]
   596 000005F9 40                              	INC	EAX
   597 000005FA 89 85 FFFD1824                  	MOV	DWORD [-190428+EBP],EAX
   598 00000600 FF B5 FFFD182C                  	PUSH	DWORD [-190420+EBP]
   599 00000606 56                              	PUSH	ESI
   600 00000607 E8 00000851                     	CALL	_setdec8
   601 0000060C 56                              	PUSH	ESI
   602 0000060D 6A 07                           	PUSH	7
   603 0000060F 6A 00                           	PUSH	0
   604 00000611 6A 0A                           	PUSH	10
   605 00000613 57                              	PUSH	EDI
   606 00000614 FF B5 FFFD185C                  	PUSH	DWORD [-190372+EBP]
   607 0000061A E8 00000660                     	CALL	_putstr
   608 0000061F 8B 8D FFFD182C                  	MOV	ECX,DWORD [-190420+EBP]
   609 00000625 83 C4 20                        	ADD	ESP,32
   610 00000628 39 8D FFFD1828                  	CMP	DWORD [-190424+EBP],ECX
   611 0000062E 7D 1C                           	JGE	L147
   612 00000630 56                              	PUSH	ESI
   613 00000631 89 8D FFFD1828                  	MOV	DWORD [-190424+EBP],ECX
   614 00000637 6A 07                           	PUSH	7
   615 00000639 6A 00                           	PUSH	0
   616 0000063B 6A 1B                           	PUSH	27
   617 0000063D 57                              	PUSH	EDI
   618 0000063E FF B5 FFFD185C                  	PUSH	DWORD [-190372+EBP]
   619 00000644 E8 00000636                     	CALL	_putstr
   620 00000649 83 C4 18                        	ADD	ESP,24
   621 0000064C                                 L147:
   622 0000064C 4B                              	DEC	EBX
   623 0000064D 80 3B 20                        	CMP	BYTE [EBX],32
   624 00000650 74 06                           	JE	L195
   625 00000652                                 L152:
   626 00000652 4B                              	DEC	EBX
   627 00000653 80 3B 20                        	CMP	BYTE [EBX],32
   628 00000656 75 FA                           	JNE	L152
   629 00000658                                 L195:
   630 00000658 BF 00000001                     	MOV	EDI,1
   631 0000065D                                 L157:
   632 0000065D C6 04 1F 20                     	MOV	BYTE [EDI+EBX*1],32
   633 00000661 47                              	INC	EDI
   634 00000662 83 FF 04                        	CMP	EDI,4
   635 00000665 7E F6                           	JLE	L157
   636 00000667 8B 85 FFFD1848                  	MOV	EAX,DWORD [-190392+EBP]
   637 0000066D 2B 85 FFFD1840                  	SUB	EAX,DWORD [-190400+EBP]
   638 00000673 C1 E0 05                        	SAL	EAX,5
   639 00000676 8D 84 28 FFFD1884               	LEA	EAX,DWORD [-190332+EAX+EBP*1]
   640 0000067D 50                              	PUSH	EAX
   641 0000067E 8D 85 FFFD1944                  	LEA	EAX,DWORD [-190140+EBP]
   642 00000684 6A 02                           	PUSH	2
   643 00000686 FF B5 FFFD1848                  	PUSH	DWORD [-190392+EBP]
   644 0000068C FF B5 FFFD1844                  	PUSH	DWORD [-190396+EBP]
   645 00000692 50                              	PUSH	EAX
   646 00000693 FF B5 FFFD185C                  	PUSH	DWORD [-190372+EBP]
   647 00000699 E8 000005E1                     	CALL	_putstr
   648 0000069E 83 C4 18                        	ADD	ESP,24
   649 000006A1 83 BD FFFD1830 00               	CMP	DWORD [-190416+EBP],0
   650 000006A8 7E 36                           	JLE	L199
   651 000006AA 8B 95 FFFD1830                  	MOV	EDX,DWORD [-190416+EBP]
   652 000006B0 C1 E2 05                        	SAL	EDX,5
   653 000006B3                                 L169:
   654 000006B3 8D 84 2A FFFD1884               	LEA	EAX,DWORD [-190332+EDX+EBP*1]
   655 000006BA 8D 58 E0                        	LEA	EBX,DWORD [-32+EAX]
   656 000006BD 80 78 E0 00                     	CMP	BYTE [-32+EAX],0
   657 000006C1 74 0B                           	JE	L201
   658 000006C3                                 L168:
   659 000006C3 80 3B 20                        	CMP	BYTE [EBX],32
   660 000006C6 75 33                           	JNE	L167
   661 000006C8 43                              	INC	EBX
   662 000006C9 80 3B 00                        	CMP	BYTE [EBX],0
   663 000006CC 75 F5                           	JNE	L168
   664 000006CE                                 L201:
   665 000006CE FF 8D FFFD1830                  	DEC	DWORD [-190416+EBP]
   666 000006D4 83 EA 20                        	SUB	EDX,32
   667 000006D7 83 BD FFFD1830 00               	CMP	DWORD [-190416+EBP],0
   668 000006DE 7F D3                           	JG	L169
   669 000006E0                                 L199:
   670 000006E0 8B 85 FFFD183C                  	MOV	EAX,DWORD [-190404+EBP]
   671 000006E6 BA 00000003                     	MOV	EDX,3
   672 000006EB 89 D3                           	MOV	EBX,EDX
   673 000006ED 99                              	CDQ
   674 000006EE F7 FB                           	IDIV	EBX
   675 000006F0 29 85 FFFD183C                  	SUB	DWORD [-190404+EBP],EAX
   676 000006F6 E9 FFFFFA29                     	JMP	L3
   677 000006FB                                 L167:
   678 000006FB C7 85 FFFD1848 00000000         	MOV	DWORD [-190392+EBP],0
   679 00000705 E9 FFFFFC2D                     	JMP	L53
   680 0000070A                                 L142:
   681 0000070A 83 AD FFFD1824 0A               	SUB	DWORD [-190428+EBP],10
   682 00000711 83 BD FFFD1824 00               	CMP	DWORD [-190428+EBP],0
   683 00000718 0F 8F FFFFFE54                  	JG	L143
   684 0000071E C7 85 FFFD1824 00000001         	MOV	DWORD [-190428+EBP],1
   685 00000728 E9 FFFFFE45                     	JMP	L143
   686 0000072D                                 L140:
   687 0000072D 68 [00000133]                   	PUSH	LC10
   688 00000732 6A 00                           	PUSH	0
   689 00000734 FF B5 FFFD1848                  	PUSH	DWORD [-190392+EBP]
   690 0000073A FF B5 FFFD184C                  	PUSH	DWORD [-190388+EBP]
   691 00000740 E9 FFFFFDDD                     	JMP	L209
   692 00000745                                 L128:
   693 00000745 8B 85 FFFD1844                  	MOV	EAX,DWORD [-190396+EBP]
   694 0000074B 8B 8D FFFD183C                  	MOV	ECX,DWORD [-190404+EBP]
   695 00000751 03 85 FFFD1834                  	ADD	EAX,DWORD [-190412+EBP]
   696 00000757 89 8D FFFD1838                  	MOV	DWORD [-190408+EBP],ECX
   697 0000075D 83 F8 0E                        	CMP	EAX,14
   698 00000760 0F 86 000000F7                  	JBE	L130
   699 00000766 8B 85 FFFD1840                  	MOV	EAX,DWORD [-190400+EBP]
   700 0000076C 03 85 FFFD1830                  	ADD	EAX,DWORD [-190416+EBP]
   701 00000772 83 F8 0D                        	CMP	EAX,13
   702 00000775 0F 84 00000085                  	JE	L54
   703 0000077B 68 [00000135]                   	PUSH	LC9
   704 00000780 8B 85 FFFD1844                  	MOV	EAX,DWORD [-190396+EBP]
   705 00000786 6A 00                           	PUSH	0
   706 00000788 40                              	INC	EAX
   707 00000789 FF B5 FFFD1840                  	PUSH	DWORD [-190400+EBP]
   708 0000078F 50                              	PUSH	EAX
   709 00000790 8D 85 FFFD1944                  	LEA	EAX,DWORD [-190140+EBP]
   710 00000796 50                              	PUSH	EAX
   711 00000797 F7 9D FFFD1834                  	NEG	DWORD [-190412+EBP]
   712 0000079D FF B5 FFFD185C                  	PUSH	DWORD [-190372+EBP]
   713 000007A3 E8 000004D7                     	CALL	_putstr
   714 000007A8 83 C4 18                        	ADD	ESP,24
   715 000007AB FF 85 FFFD1840                  	INC	DWORD [-190400+EBP]
   716 000007B1                                 L132:
   717 000007B1 31 FF                           	XOR	EDI,EDI
   718 000007B3 3B BD FFFD1830                  	CMP	EDI,DWORD [-190416+EBP]
   719 000007B9 0F 8D FFFFFCD7                  	JGE	L129
   720 000007BF 31 DB                           	XOR	EBX,EBX
   721 000007C1                                 L137:
   722 000007C1 8D 84 2B FFFD1884               	LEA	EAX,DWORD [-190332+EBX+EBP*1]
   723 000007C8 83 C3 20                        	ADD	EBX,32
   724 000007CB 50                              	PUSH	EAX
   725 000007CC 8B 85 FFFD1840                  	MOV	EAX,DWORD [-190400+EBP]
   726 000007D2 6A 02                           	PUSH	2
   727 000007D4 01 F8                           	ADD	EAX,EDI
   728 000007D6 50                              	PUSH	EAX
   729 000007D7 47                              	INC	EDI
   730 000007D8 FF B5 FFFD1844                  	PUSH	DWORD [-190396+EBP]
   731 000007DE 8D 85 FFFD1944                  	LEA	EAX,DWORD [-190140+EBP]
   732 000007E4 50                              	PUSH	EAX
   733 000007E5 FF B5 FFFD185C                  	PUSH	DWORD [-190372+EBP]
   734 000007EB E8 0000048F                     	CALL	_putstr
   735 000007F0 83 C4 18                        	ADD	ESP,24
   736 000007F3 3B BD FFFD1830                  	CMP	EDI,DWORD [-190416+EBP]
   737 000007F9 7C C6                           	JL	L137
   738 000007FB E9 FFFFFC96                     	JMP	L129
   739 00000800                                 L54:
   740 00000800 68 [0000014F]                   	PUSH	LC12
   741 00000805 8D 85 FFFD1944                  	LEA	EAX,DWORD [-190140+EBP]
   742 0000080B 6A 01                           	PUSH	1
   743 0000080D BF 00000001                     	MOV	EDI,1
   744 00000812 6A 06                           	PUSH	6
   745 00000814 6A 0F                           	PUSH	15
   746 00000816 50                              	PUSH	EAX
   747 00000817 FF B5 FFFD185C                  	PUSH	DWORD [-190372+EBP]
   748 0000081D E8 0000045D                     	CALL	_putstr
   749 00000822 53                              	PUSH	EBX
   750 00000823 FF B5 FFFD1858                  	PUSH	DWORD [-190376+EBP]
   751 00000829 6A 00                           	PUSH	0
   752 0000082B E8 000005BB                     	CALL	_wait
   753 00000830 83 C4 24                        	ADD	ESP,36
   754 00000833                                 L174:
   755 00000833 68 [00000159]                   	PUSH	LC13
   756 00000838 8D 85 FFFD1944                  	LEA	EAX,DWORD [-190140+EBP]
   757 0000083E 6A 00                           	PUSH	0
   758 00000840 57                              	PUSH	EDI
   759 00000841 47                              	INC	EDI
   760 00000842 6A 00                           	PUSH	0
   761 00000844 50                              	PUSH	EAX
   762 00000845 FF B5 FFFD185C                  	PUSH	DWORD [-190372+EBP]
   763 0000084B E8 0000042F                     	CALL	_putstr
   764 00000850 83 C4 18                        	ADD	ESP,24
   765 00000853 83 FF 0D                        	CMP	EDI,13
   766 00000856 7E DB                           	JLE	L174
   767 00000858 E9 FFFFF851                     	JMP	L2
   768 0000085D                                 L130:
   769 0000085D 89 85 FFFD1844                  	MOV	DWORD [-190396+EBP],EAX
   770 00000863 E9 FFFFFF49                     	JMP	L132
   771 00000868                                 L88:
   772 00000868 68 [00000182]                   	PUSH	LC6
   773 0000086D E8 000003EE                     	CALL	_end
   774 00000872 58                              	POP	EAX
   775 00000873 E9 FFFFFB2E                     	JMP	L77
   776 00000878                                 L220:
   777 00000878 80 79 01 4B                     	CMP	BYTE [1+ECX],75
   778 0000087C 74 30                           	JE	L221
   779 0000087E                                 L98:
   780 0000087E 8B 85 FFFD186C                  	MOV	EAX,DWORD [-190356+EBP]
   781 00000884 80 38 3B                        	CMP	BYTE [EAX],59
   782 00000887 74 1A                           	JE	L192
   783 00000889                                 L120:
   784 00000889 8B 95 FFFD186C                  	MOV	EDX,DWORD [-190356+EBP]
   785 0000088F 80 3A 00                        	CMP	BYTE [EDX],0
   786 00000892 74 D4                           	JE	L88
   787 00000894 8D 42 01                        	LEA	EAX,DWORD [1+EDX]
   788 00000897 89 85 FFFD186C                  	MOV	DWORD [-190356+EBP],EAX
   789 0000089D 80 7A 01 3B                     	CMP	BYTE [1+EDX],59
   790 000008A1 75 E6                           	JNE	L120
   791 000008A3                                 L192:
   792 000008A3 FF 85 FFFD186C                  	INC	DWORD [-190356+EBP]
   793 000008A9 E9 FFFFFAF8                     	JMP	L77
   794 000008AE                                 L221:
   795 000008AE 8D 41 02                        	LEA	EAX,DWORD [2+ECX]
   796 000008B1 89 85 FFFD186C                  	MOV	DWORD [-190356+EBP],EAX
   797 000008B7 80 79 02 22                     	CMP	BYTE [2+ECX],34
   798 000008BB 74 1A                           	JE	L189
   799 000008BD                                 L104:
   800 000008BD 8B 95 FFFD186C                  	MOV	EDX,DWORD [-190356+EBP]
   801 000008C3 80 3A 00                        	CMP	BYTE [EDX],0
   802 000008C6 74 A0                           	JE	L88
   803 000008C8 8D 42 01                        	LEA	EAX,DWORD [1+EDX]
   804 000008CB 89 85 FFFD186C                  	MOV	DWORD [-190356+EBP],EAX
   805 000008D1 80 7A 01 22                     	CMP	BYTE [1+EDX],34
   806 000008D5 75 E6                           	JNE	L104
   807 000008D7                                 L189:
   808 000008D7 FF 85 FFFD186C                  	INC	DWORD [-190356+EBP]
   809 000008DD 31 FF                           	XOR	EDI,EDI
   810 000008DF                                 L113:
   811 000008DF 8B 95 FFFD186C                  	MOV	EDX,DWORD [-190356+EBP]
   812 000008E5 8A 02                           	MOV	AL,BYTE [EDX]
   813 000008E7 84 C0                           	TEST	AL,AL
   814 000008E9 0F 84 FFFFFF79                  	JE	L88
   815 000008EF 3C 22                           	CMP	AL,34
   816 000008F1 74 17                           	JE	L106
   817 000008F3 3C 25                           	CMP	AL,37
   818 000008F5 74 30                           	JE	L222
   819 000008F7 88 84 3D FFFE6FD4               	MOV	BYTE [-102444+EBP+EDI*1],AL
   820 000008FE FF 85 FFFD186C                  	INC	DWORD [-190356+EBP]
   821 00000904                                 L107:
   822 00000904 47                              	INC	EDI
   823 00000905 83 FF 1F                        	CMP	EDI,31
   824 00000908 7E D5                           	JLE	L113
   825 0000090A                                 L106:
   826 0000090A 83 FF 1E                        	CMP	EDI,30
   827 0000090D 7E 0B                           	JLE	L114
   828 0000090F 68 [00000195]                   	PUSH	LC5
   829 00000914 E8 00000347                     	CALL	_end
   830 00000919 5A                              	POP	EDX
   831 0000091A                                 L114:
   832 0000091A C6 84 3D FFFE6FD4 00            	MOV	BYTE [-102444+EBP+EDI*1],0
   833 00000922 E9 FFFFFF57                     	JMP	L98
   834 00000927                                 L222:
   835 00000927 8A 42 01                        	MOV	AL,BYTE [1+EDX]
   836 0000092A 88 84 3D FFFE6FD4               	MOV	BYTE [-102444+EBP+EDI*1],AL
   837 00000931 83 85 FFFD186C 02               	ADD	DWORD [-190356+EBP],2
   838 00000938 EB CA                           	JMP	L107
   839 0000093A                                 L219:
   840 0000093A 6A 0A                           	PUSH	10
   841 0000093C 8D 85 FFFD186C                  	LEA	EAX,DWORD [-190356+EBP]
   842 00000942 50                              	PUSH	EAX
   843 00000943 8D 41 01                        	LEA	EAX,DWORD [1+ECX]
   844 00000946 50                              	PUSH	EAX
   845 00000947 E8 [00000000]                   	CALL	_strtol
   846 0000094C                                 L208:
   847 0000094C 83 C4 0C                        	ADD	ESP,12
   848 0000094F E9 FFFFFA52                     	JMP	L77
   849 00000954                                 L218:
   850 00000954 6A 0A                           	PUSH	10
   851 00000956 8D 85 FFFD186C                  	LEA	EAX,DWORD [-190356+EBP]
   852 0000095C 50                              	PUSH	EAX
   853 0000095D 8D 41 01                        	LEA	EAX,DWORD [1+ECX]
   854 00000960 50                              	PUSH	EAX
   855 00000961 E8 [00000000]                   	CALL	_strtol
   856 00000966 83 C4 0C                        	ADD	ESP,12
   857 00000969 85 C0                           	TEST	EAX,EAX
   858 0000096B 0F 84 FFFFFEF7                  	JE	L88
   859 00000971 8B 85 FFFD186C                  	MOV	EAX,DWORD [-190356+EBP]
   860 00000977 80 38 2E                        	CMP	BYTE [EAX],46
   861 0000097A 0F 85 FFFFFA26                  	JNE	L77
   862 00000980                                 L93:
   863 00000980 8B 95 FFFD186C                  	MOV	EDX,DWORD [-190356+EBP]
   864 00000986 8D 42 01                        	LEA	EAX,DWORD [1+EDX]
   865 00000989 89 85 FFFD186C                  	MOV	DWORD [-190356+EBP],EAX
   866 0000098F 80 7A 01 2E                     	CMP	BYTE [1+EDX],46
   867 00000993 74 EB                           	JE	L93
   868 00000995 E9 FFFFFA0C                     	JMP	L77
   869 0000099A                                 L217:
   870 0000099A 6A 0A                           	PUSH	10
   871 0000099C 8D 85 FFFD186C                  	LEA	EAX,DWORD [-190356+EBP]
   872 000009A2 50                              	PUSH	EAX
   873 000009A3 8D 41 01                        	LEA	EAX,DWORD [1+ECX]
   874 000009A6 50                              	PUSH	EAX
   875 000009A7 E8 [00000000]                   	CALL	_strtol
   876 000009AC 89 85 FFFD1864                  	MOV	DWORD [-190364+EBP],EAX
   877 000009B2 EB 98                           	JMP	L208
   878 000009B4                                 L216:
   879 000009B4 6A 0A                           	PUSH	10
   880 000009B6 8D 85 FFFD186C                  	LEA	EAX,DWORD [-190356+EBP]
   881 000009BC 50                              	PUSH	EAX
   882 000009BD 8D 41 01                        	LEA	EAX,DWORD [1+ECX]
   883 000009C0 50                              	PUSH	EAX
   884 000009C1 E8 [00000000]                   	CALL	_strtol
   885 000009C6 89 85 FFFD1868                  	MOV	DWORD [-190360+EBP],EAX
   886 000009CC E9 FFFFFF7B                     	JMP	L208
   887 000009D1                                 L215:
   888 000009D1 8D 41 01                        	LEA	EAX,DWORD [1+ECX]
   889 000009D4 FF 85 FFFD1868                  	INC	DWORD [-190360+EBP]
   890 000009DA 89 85 FFFD186C                  	MOV	DWORD [-190356+EBP],EAX
   891 000009E0 E9 FFFFF9C1                     	JMP	L77
   892 000009E5                                 L214:
   893 000009E5 8D 41 01                        	LEA	EAX,DWORD [1+ECX]
   894 000009E8 FF 8D FFFD1868                  	DEC	DWORD [-190360+EBP]
   895 000009EE 89 85 FFFD186C                  	MOV	DWORD [-190356+EBP],EAX
   896 000009F4 E9 FFFFF9AD                     	JMP	L77
   897 000009F9                                 L203:
   898 000009F9 31 FF                           	XOR	EDI,EDI
   899 000009FB C6 85 FFFE6FD4 00               	MOV	BYTE [-102444+EBP],0
   900 00000A02                                 L59:
   901 00000A02 8D 41 01                        	LEA	EAX,DWORD [1+ECX]
   902 00000A05 89 85 FFFD186C                  	MOV	DWORD [-190356+EBP],EAX
   903 00000A0B 89 C2                           	MOV	EDX,EAX
   904 00000A0D 8A 41 01                        	MOV	AL,BYTE [1+ECX]
   905 00000A10 3C 2B                           	CMP	AL,43
   906 00000A12 0F 84 00000104                  	JE	L61
   907 00000A18 3C 2D                           	CMP	AL,45
   908 00000A1A 0F 84 000000FC                  	JE	L61
   909 00000A20 3C 23                           	CMP	AL,35
   910 00000A22 0F 84 000000F4                  	JE	L61
   911 00000A28                                 L60:
   912 00000A28 3B BD FFFD1860                  	CMP	EDI,DWORD [-190368+EBP]
   913 00000A2E 74 36                           	JE	L64
   914 00000A30 80 BD FFFE6FD4 00               	CMP	BYTE [-102444+EBP],0
   915 00000A37 0F 84 000000D8                  	JE	L65
   916 00000A3D BA 0000000C                     	MOV	EDX,12
   917 00000A42 89 F8                           	MOV	EAX,EDI
   918 00000A44 89 D1                           	MOV	ECX,EDX
   919 00000A46 99                              	CDQ
   920 00000A47 F7 F9                           	IDIV	ECX
   921 00000A49 B9 00000011                     	MOV	ECX,17
   922 00000A4E 29 C1                           	SUB	ECX,EAX
   923 00000A50 8B 04 95 [000000A0]             	MOV	EAX,DWORD [_tonetable.1+EDX*4]
   924 00000A57 D3 F8                           	SAR	EAX,CL
   925 00000A59 50                              	PUSH	EAX
   926 00000A5A                                 L207:
   927 00000A5A E8 [00000000]                   	CALL	_api_beep
   928 00000A5F 89 BD FFFD1860                  	MOV	DWORD [-190368+EBP],EDI
   929 00000A65 59                              	POP	ECX
   930 00000A66                                 L64:
   931 00000A66 8B 95 FFFD186C                  	MOV	EDX,DWORD [-190356+EBP]
   932 00000A6C 8A 02                           	MOV	AL,BYTE [EDX]
   933 00000A6E 83 E8 30                        	SUB	EAX,48
   934 00000A71 3C 09                           	CMP	AL,9
   935 00000A73 77 12                           	JA	L68
   936 00000A75 6A 0A                           	PUSH	10
   937 00000A77 8D 85 FFFD186C                  	LEA	EAX,DWORD [-190356+EBP]
   938 00000A7D 50                              	PUSH	EAX
   939 00000A7E 52                              	PUSH	EDX
   940 00000A7F E8 [00000000]                   	CALL	_strtol
   941 00000A84 83 C4 0C                        	ADD	ESP,12
   942 00000A87                                 L68:
   943 00000A87 8B 85 FFFD186C                  	MOV	EAX,DWORD [-190356+EBP]
   944 00000A8D 80 38 2E                        	CMP	BYTE [EAX],46
   945 00000A90 74 72                           	JE	L73
   946 00000A92                                 L186:
   947 00000A92 80 BD FFFE6FD4 00               	CMP	BYTE [-102444+EBP],0
   948 00000A99 74 55                           	JE	L74
   949 00000A9B 83 BD FFFD1864 07               	CMP	DWORD [-190364+EBP],7
   950 00000AA2 7F 4C                           	JG	L74
   951 00000AA4 8B 85 FFFD186C                  	MOV	EAX,DWORD [-190356+EBP]
   952 00000AAA 80 38 26                        	CMP	BYTE [EAX],38
   953 00000AAD 74 41                           	JE	L74
   954 00000AAF 8D 85 FFFD1870                  	LEA	EAX,DWORD [-190352+EBP]
   955 00000AB5 50                              	PUSH	EAX
   956 00000AB6 FF B5 FFFD1858                  	PUSH	DWORD [-190376+EBP]
   957 00000ABC 6A 01                           	PUSH	1
   958 00000ABE E8 00000328                     	CALL	_wait
   959 00000AC3 6A 00                           	PUSH	0
   960 00000AC5 C7 85 FFFD1860 00000000         	MOV	DWORD [-190368+EBP],0
   961 00000ACF E8 [00000000]                   	CALL	_api_beep
   962 00000AD4 83 C4 10                        	ADD	ESP,16
   963 00000AD7                                 L75:
   964 00000AD7 8D 85 FFFD1870                  	LEA	EAX,DWORD [-190352+EBP]
   965 00000ADD 50                              	PUSH	EAX
   966 00000ADE FF B5 FFFD1858                  	PUSH	DWORD [-190376+EBP]
   967 00000AE4 6A 01                           	PUSH	1
   968 00000AE6 E8 00000300                     	CALL	_wait
   969 00000AEB E9 FFFFFE5C                     	JMP	L208
   970 00000AF0                                 L74:
   971 00000AF0 8B 85 FFFD186C                  	MOV	EAX,DWORD [-190356+EBP]
   972 00000AF6 80 38 26                        	CMP	BYTE [EAX],38
   973 00000AF9 75 DC                           	JNE	L75
   974 00000AFB 40                              	INC	EAX
   975 00000AFC 89 85 FFFD186C                  	MOV	DWORD [-190356+EBP],EAX
   976 00000B02 EB D3                           	JMP	L75
   977 00000B04                                 L73:
   978 00000B04 40                              	INC	EAX
   979 00000B05 89 85 FFFD186C                  	MOV	DWORD [-190356+EBP],EAX
   980 00000B0B 80 38 2E                        	CMP	BYTE [EAX],46
   981 00000B0E 74 F4                           	JE	L73
   982 00000B10 E9 FFFFFF7D                     	JMP	L186
   983 00000B15                                 L65:
   984 00000B15 6A 00                           	PUSH	0
   985 00000B17 E9 FFFFFF3E                     	JMP	L207
   986 00000B1C                                 L61:
   987 00000B1C 8A 02                           	MOV	AL,BYTE [EDX]
   988 00000B1E 88 85 FFFE6FD7                  	MOV	BYTE [-102441+EBP],AL
   989 00000B24 80 3A 2D                        	CMP	BYTE [EDX],45
   990 00000B27 74 0F                           	JE	L223
   991 00000B29 47                              	INC	EDI
   992 00000B2A                                 L63:
   993 00000B2A 8D 42 01                        	LEA	EAX,DWORD [1+EDX]
   994 00000B2D 89 85 FFFD186C                  	MOV	DWORD [-190356+EBP],EAX
   995 00000B33 E9 FFFFFEF0                     	JMP	L60
   996 00000B38                                 L223:
   997 00000B38 4F                              	DEC	EDI
   998 00000B39 EB EF                           	JMP	L63
   999 00000B3B                                 L57:
  1000 00000B3B 80 FA 52                        	CMP	DL,82
  1001 00000B3E 0F 84 FFFFFEB5                  	JE	L203
  1002 00000B44 6B 85 FFFD1868 0C               	IMUL	EAX,DWORD [-190360+EBP],12
  1003 00000B4B 0F BE D2                        	MOVSX	EDX,DL
  1004 00000B4E C6 85 FFFE6FD4 4F               	MOV	BYTE [-102444+EBP],79
  1005 00000B55 03 04 95 [FFFFFFCC]             	ADD	EAX,DWORD [_notetable.2-260+EDX*4]
  1006 00000B5C 8D 78 0C                        	LEA	EDI,DWORD [12+EAX]
  1007 00000B5F 8A 85 FFFD1868                  	MOV	AL,BYTE [-190360+EBP]
  1008 00000B65 83 C0 30                        	ADD	EAX,48
  1009 00000B68 88 85 FFFE6FD5                  	MOV	BYTE [-102443+EBP],AL
  1010 00000B6E 8A 01                           	MOV	AL,BYTE [ECX]
  1011 00000B70 88 85 FFFE6FD6                  	MOV	BYTE [-102442+EBP],AL
  1012 00000B76 C6 85 FFFE6FD7 20               	MOV	BYTE [-102441+EBP],32
  1013 00000B7D C6 85 FFFE6FD8 00               	MOV	BYTE [-102440+EBP],0
  1014 00000B84 E9 FFFFFE79                     	JMP	L59
  1015 00000B89                                 L212:
  1016 00000B89 C6 01 22                        	MOV	BYTE [ECX],34
  1017 00000B8C BF 00000003                     	MOV	EDI,3
  1018 00000B91 41                              	INC	ECX
  1019 00000B92 E9 FFFFF764                     	JMP	L31
  1020 00000B97                                 L211:
  1021 00000B97 8A 42 01                        	MOV	AL,BYTE [1+EDX]
  1022 00000B9A 3C 2A                           	CMP	AL,42
  1023 00000B9C 74 2C                           	JE	L224
  1024 00000B9E 3C 2F                           	CMP	AL,47
  1025 00000BA0 74 1E                           	JE	L225
  1026 00000BA2 C6 01 2F                        	MOV	BYTE [ECX],47
  1027 00000BA5 8B 85 FFFD186C                  	MOV	EAX,DWORD [-190356+EBP]
  1028 00000BAB 8A 00                           	MOV	AL,BYTE [EAX]
  1029 00000BAD 83 E8 61                        	SUB	EAX,97
  1030 00000BB0 3C 19                           	CMP	AL,25
  1031 00000BB2 0F 87 FFFFF742                  	JA	L206
  1032 00000BB8 C6 01 0F                        	MOV	BYTE [ECX],15
  1033 00000BBB E9 FFFFF73A                     	JMP	L206
  1034 00000BC0                                 L225:
  1035 00000BC0 BF 00000002                     	MOV	EDI,2
  1036 00000BC5 E9 FFFFF731                     	JMP	L31
  1037 00000BCA                                 L224:
  1038 00000BCA BF 00000001                     	MOV	EDI,1
  1039 00000BCF E9 FFFFF727                     	JMP	L31
  1040 00000BD4                                 L33:
  1041 00000BD4 83 FF 01                        	CMP	EDI,1
  1042 00000BD7 74 52                           	JE	L226
  1043 00000BD9                                 L44:
  1044 00000BD9 83 FF 02                        	CMP	EDI,2
  1045 00000BDC 74 40                           	JE	L227
  1046 00000BDE                                 L46:
  1047 00000BDE 83 FF 03                        	CMP	EDI,3
  1048 00000BE1 0F 85 FFFFF714                  	JNE	L31
  1049 00000BE7 8B 85 FFFD186C                  	MOV	EAX,DWORD [-190356+EBP]
  1050 00000BED 8A 00                           	MOV	AL,BYTE [EAX]
  1051 00000BEF 88 01                           	MOV	BYTE [ECX],AL
  1052 00000BF1 41                              	INC	ECX
  1053 00000BF2 8B 95 FFFD186C                  	MOV	EDX,DWORD [-190356+EBP]
  1054 00000BF8 8A 02                           	MOV	AL,BYTE [EDX]
  1055 00000BFA 3C 22                           	CMP	AL,34
  1056 00000BFC 74 19                           	JE	L204
  1057 00000BFE 3C 25                           	CMP	AL,37
  1058 00000C00 0F 85 FFFFF6F5                  	JNE	L31
  1059 00000C06 8D 42 01                        	LEA	EAX,DWORD [1+EDX]
  1060 00000C09 89 85 FFFD186C                  	MOV	DWORD [-190356+EBP],EAX
  1061 00000C0F 8A 42 01                        	MOV	AL,BYTE [1+EDX]
  1062 00000C12 E9 FFFFF6E1                     	JMP	L205
  1063 00000C17                                 L204:
  1064 00000C17 31 FF                           	XOR	EDI,EDI
  1065 00000C19 E9 FFFFF6DD                     	JMP	L31
  1066 00000C1E                                 L227:
  1067 00000C1E 8B 85 FFFD186C                  	MOV	EAX,DWORD [-190356+EBP]
  1068 00000C24 80 38 0A                        	CMP	BYTE [EAX],10
  1069 00000C27 75 B5                           	JNE	L46
  1070 00000C29 EB EC                           	JMP	L204
  1071 00000C2B                                 L226:
  1072 00000C2B 8B 85 FFFD186C                  	MOV	EAX,DWORD [-190356+EBP]
  1073 00000C31 80 38 2A                        	CMP	BYTE [EAX],42
  1074 00000C34 75 A3                           	JNE	L44
  1075 00000C36 80 78 01 2F                     	CMP	BYTE [1+EAX],47
  1076 00000C3A 75 9D                           	JNE	L44
  1077 00000C3C 40                              	INC	EAX
  1078 00000C3D 89 85 FFFD186C                  	MOV	DWORD [-190356+EBP],EAX
  1079 00000C43 EB D2                           	JMP	L204
  1080 00000C45                                 L210:
  1081 00000C45 8D 51 01                        	LEA	EDX,DWORD [1+ECX]
  1082 00000C48                                 L23:
  1083 00000C48 89 D0                           	MOV	EAX,EDX
  1084 00000C4A 89 95 FFFD186C                  	MOV	DWORD [-190356+EBP],EDX
  1085 00000C50 8D 51 02                        	LEA	EDX,DWORD [2+ECX]
  1086 00000C53 89 C1                           	MOV	ECX,EAX
  1087 00000C55 80 7A FF 20                     	CMP	BYTE [-1+EDX],32
  1088 00000C59 74 ED                           	JE	L23
  1089 00000C5B E9 FFFFF5E4                     	JMP	L182
  1090 00000C60                                 	GLOBAL	_end
  1091 00000C60                                 _end:
  1092 00000C60 55                              	PUSH	EBP
  1093 00000C61 89 E5                           	MOV	EBP,ESP
  1094 00000C63 8B 45 08                        	MOV	EAX,DWORD [8+EBP]
  1095 00000C66 85 C0                           	TEST	EAX,EAX
  1096 00000C68 74 07                           	JE	L229
  1097 00000C6A 50                              	PUSH	EAX
  1098 00000C6B E8 [00000000]                   	CALL	_api_putstr0
  1099 00000C70 58                              	POP	EAX
  1100 00000C71                                 L229:
  1101 00000C71 6A 00                           	PUSH	0
  1102 00000C73 E8 [00000000]                   	CALL	_api_beep
  1103 00000C78 58                              	POP	EAX
  1104 00000C79 C9                              	LEAVE
  1105 00000C7A E9 [00000000]                   	JMP	_api_end
  1106 00000C7F                                 	GLOBAL	_putstr
  1107 00000C7F                                 _putstr:
  1108 00000C7F 55                              	PUSH	EBP
  1109 00000C80 83 C9 FF                        	OR	ECX,-1
  1110 00000C83 89 E5                           	MOV	EBP,ESP
  1111 00000C85 57                              	PUSH	EDI
  1112 00000C86 56                              	PUSH	ESI
  1113 00000C87 53                              	PUSH	EBX
  1114 00000C88 83 EC 0C                        	SUB	ESP,12
  1115 00000C8B 8B 55 14                        	MOV	EDX,DWORD [20+EBP]
  1116 00000C8E 8B 75 10                        	MOV	ESI,DWORD [16+EBP]
  1117 00000C91 C1 E2 04                        	SAL	EDX,4
  1118 00000C94 8B 7D 1C                        	MOV	EDI,DWORD [28+EBP]
  1119 00000C97 8D 34 F5 00000008               	LEA	ESI,DWORD [8+ESI*8]
  1120 00000C9E 8D 42 1D                        	LEA	EAX,DWORD [29+EDX]
  1121 00000CA1 89 75 E8                        	MOV	DWORD [-24+EBP],ESI
  1122 00000CA4 FC                              	CLD
  1123 00000CA5 89 45 EC                        	MOV	DWORD [-20+EBP],EAX
  1124 00000CA8 83 C2 2C                        	ADD	EDX,44
  1125 00000CAB 31 C0                           	XOR	EAX,EAX
  1126 00000CAD F2                              	REPNE
  1127 00000CAE AE                              	SCASB
  1128 00000CAF F7 D1                           	NOT	ECX
  1129 00000CB1 6A 00                           	PUSH	0
  1130 00000CB3 8B 45 08                        	MOV	EAX,DWORD [8+EBP]
  1131 00000CB6 52                              	PUSH	EDX
  1132 00000CB7 8D 4C CE F7                     	LEA	ECX,DWORD [-9+ESI+ECX*8]
  1133 00000CBB 51                              	PUSH	ECX
  1134 00000CBC 40                              	INC	EAX
  1135 00000CBD FF 75 EC                        	PUSH	DWORD [-20+EBP]
  1136 00000CC0 56                              	PUSH	ESI
  1137 00000CC1 8D 7D F2                        	LEA	EDI,DWORD [-14+EBP]
  1138 00000CC4 50                              	PUSH	EAX
  1139 00000CC5 E8 [00000000]                   	CALL	_api_boxfilwin
  1140 00000CCA 83 C4 18                        	ADD	ESP,24
  1141 00000CCD 8B 45 EC                        	MOV	EAX,DWORD [-20+EBP]
  1142 00000CD0 8B 5D 0C                        	MOV	EBX,DWORD [12+EBP]
  1143 00000CD3 69 C0 00000150                  	IMUL	EAX,EAX,336
  1144 00000CD9 C6 45 F3 00                     	MOV	BYTE [-13+EBP],0
  1145 00000CDD 01 C3                           	ADD	EBX,EAX
  1146 00000CDF                                 L231:
  1147 00000CDF 8B 45 1C                        	MOV	EAX,DWORD [28+EBP]
  1148 00000CE2 8A 08                           	MOV	CL,BYTE [EAX]
  1149 00000CE4 0F B6 D1                        	MOVZX	EDX,CL
  1150 00000CE7 85 D2                           	TEST	EDX,EDX
  1151 00000CE9 0F 84 000000DE                  	JE	L232
  1152 00000CEF 83 FA 20                        	CMP	EDX,32
  1153 00000CF2 0F 84 000000AE                  	JE	L235
  1154 00000CF8 8D 42 9F                        	LEA	EAX,DWORD [-97+EDX]
  1155 00000CFB 83 F8 07                        	CMP	EAX,7
  1156 00000CFE 0F 87 000000AD                  	JA	L236
  1157 00000D04 C1 E2 04                        	SAL	EDX,4
  1158 00000D07 01 F3                           	ADD	EBX,ESI
  1159 00000D09 81 C2 [FFFFF9F0]                	ADD	EDX,_charset-1552
  1160 00000D0F 31 C9                           	XOR	ECX,ECX
  1161 00000D11                                 L249:
  1162 00000D11 80 3C 11 00                     	CMP	BYTE [ECX+EDX*1],0
  1163 00000D15 79 05                           	JNS	L241
  1164 00000D17 8A 45 18                        	MOV	AL,BYTE [24+EBP]
  1165 00000D1A 88 03                           	MOV	BYTE [EBX],AL
  1166 00000D1C                                 L241:
  1167 00000D1C 8A 04 11                        	MOV	AL,BYTE [ECX+EDX*1]
  1168 00000D1F 83 E0 40                        	AND	EAX,64
  1169 00000D22 84 C0                           	TEST	AL,AL
  1170 00000D24 74 06                           	JE	L242
  1171 00000D26 8A 45 18                        	MOV	AL,BYTE [24+EBP]
  1172 00000D29 88 43 01                        	MOV	BYTE [1+EBX],AL
  1173 00000D2C                                 L242:
  1174 00000D2C 8A 04 11                        	MOV	AL,BYTE [ECX+EDX*1]
  1175 00000D2F 83 E0 20                        	AND	EAX,32
  1176 00000D32 84 C0                           	TEST	AL,AL
  1177 00000D34 74 06                           	JE	L243
  1178 00000D36 8A 45 18                        	MOV	AL,BYTE [24+EBP]
  1179 00000D39 88 43 02                        	MOV	BYTE [2+EBX],AL
  1180 00000D3C                                 L243:
  1181 00000D3C 8A 04 11                        	MOV	AL,BYTE [ECX+EDX*1]
  1182 00000D3F 83 E0 10                        	AND	EAX,16
  1183 00000D42 84 C0                           	TEST	AL,AL
  1184 00000D44 74 06                           	JE	L244
  1185 00000D46 8A 45 18                        	MOV	AL,BYTE [24+EBP]
  1186 00000D49 88 43 03                        	MOV	BYTE [3+EBX],AL
  1187 00000D4C                                 L244:
  1188 00000D4C 8A 04 11                        	MOV	AL,BYTE [ECX+EDX*1]
  1189 00000D4F 83 E0 08                        	AND	EAX,8
  1190 00000D52 84 C0                           	TEST	AL,AL
  1191 00000D54 74 06                           	JE	L245
  1192 00000D56 8A 45 18                        	MOV	AL,BYTE [24+EBP]
  1193 00000D59 88 43 04                        	MOV	BYTE [4+EBX],AL
  1194 00000D5C                                 L245:
  1195 00000D5C 8A 04 11                        	MOV	AL,BYTE [ECX+EDX*1]
  1196 00000D5F 83 E0 04                        	AND	EAX,4
  1197 00000D62 84 C0                           	TEST	AL,AL
  1198 00000D64 74 06                           	JE	L246
  1199 00000D66 8A 45 18                        	MOV	AL,BYTE [24+EBP]
  1200 00000D69 88 43 05                        	MOV	BYTE [5+EBX],AL
  1201 00000D6C                                 L246:
  1202 00000D6C 8A 04 11                        	MOV	AL,BYTE [ECX+EDX*1]
  1203 00000D6F 83 E0 02                        	AND	EAX,2
  1204 00000D72 84 C0                           	TEST	AL,AL
  1205 00000D74 74 06                           	JE	L247
  1206 00000D76 8A 45 18                        	MOV	AL,BYTE [24+EBP]
  1207 00000D79 88 43 06                        	MOV	BYTE [6+EBX],AL
  1208 00000D7C                                 L247:
  1209 00000D7C 8A 04 11                        	MOV	AL,BYTE [ECX+EDX*1]
  1210 00000D7F 83 E0 01                        	AND	EAX,1
  1211 00000D82 84 C0                           	TEST	AL,AL
  1212 00000D84 74 06                           	JE	L248
  1213 00000D86 8A 45 18                        	MOV	AL,BYTE [24+EBP]
  1214 00000D89 88 43 07                        	MOV	BYTE [7+EBX],AL
  1215 00000D8C                                 L248:
  1216 00000D8C 41                              	INC	ECX
  1217 00000D8D 81 C3 00000150                  	ADD	EBX,336
  1218 00000D93 83 F9 0F                        	CMP	ECX,15
  1219 00000D96 0F 8E FFFFFF75                  	JLE	L249
  1220 00000D9C 89 D8                           	MOV	EAX,EBX
  1221 00000D9E 29 F0                           	SUB	EAX,ESI
  1222 00000DA0 8D 98 FFFFEB00                  	LEA	EBX,DWORD [-5376+EAX]
  1223 00000DA6                                 L235:
  1224 00000DA6 FF 45 1C                        	INC	DWORD [28+EBP]
  1225 00000DA9 83 C6 08                        	ADD	ESI,8
  1226 00000DAC E9 FFFFFF2E                     	JMP	L231
  1227 00000DB1                                 L236:
  1228 00000DB1 57                              	PUSH	EDI
  1229 00000DB2 8B 45 08                        	MOV	EAX,DWORD [8+EBP]
  1230 00000DB5 6A 01                           	PUSH	1
  1231 00000DB7 40                              	INC	EAX
  1232 00000DB8 FF 75 18                        	PUSH	DWORD [24+EBP]
  1233 00000DBB FF 75 EC                        	PUSH	DWORD [-20+EBP]
  1234 00000DBE 56                              	PUSH	ESI
  1235 00000DBF 88 4D F2                        	MOV	BYTE [-14+EBP],CL
  1236 00000DC2 50                              	PUSH	EAX
  1237 00000DC3 E8 [00000000]                   	CALL	_api_putstrwin
  1238 00000DC8 83 C4 18                        	ADD	ESP,24
  1239 00000DCB EB D9                           	JMP	L235
  1240 00000DCD                                 L232:
  1241 00000DCD 8B 45 EC                        	MOV	EAX,DWORD [-20+EBP]
  1242 00000DD0 83 C0 10                        	ADD	EAX,16
  1243 00000DD3 50                              	PUSH	EAX
  1244 00000DD4 56                              	PUSH	ESI
  1245 00000DD5 FF 75 EC                        	PUSH	DWORD [-20+EBP]
  1246 00000DD8 FF 75 E8                        	PUSH	DWORD [-24+EBP]
  1247 00000DDB FF 75 08                        	PUSH	DWORD [8+EBP]
  1248 00000DDE E8 [00000000]                   	CALL	_api_refreshwin
  1249 00000DE3 8D 65 F4                        	LEA	ESP,DWORD [-12+EBP]
  1250 00000DE6 5B                              	POP	EBX
  1251 00000DE7 5E                              	POP	ESI
  1252 00000DE8 5F                              	POP	EDI
  1253 00000DE9 5D                              	POP	EBP
  1254 00000DEA C3                              	RET
  1255 00000DEB                                 	GLOBAL	_wait
  1256 00000DEB                                 _wait:
  1257 00000DEB 55                              	PUSH	EBP
  1258 00000DEC 89 E5                           	MOV	EBP,ESP
  1259 00000DEE 56                              	PUSH	ESI
  1260 00000DEF 53                              	PUSH	EBX
  1261 00000DF0 8B 5D 08                        	MOV	EBX,DWORD [8+EBP]
  1262 00000DF3 8B 75 10                        	MOV	ESI,DWORD [16+EBP]
  1263 00000DF6 85 DB                           	TEST	EBX,EBX
  1264 00000DF8 7E 5C                           	JLE	L254
  1265 00000DFA 53                              	PUSH	EBX
  1266 00000DFB BB 00000080                     	MOV	EBX,128
  1267 00000E00 FF 75 0C                        	PUSH	DWORD [12+EBP]
  1268 00000E03 E8 [00000000]                   	CALL	_api_settimer
  1269 00000E08 59                              	POP	ECX
  1270 00000E09 58                              	POP	EAX
  1271 00000E0A                                 L256:
  1272 00000E0A 6A 01                           	PUSH	1
  1273 00000E0C E8 [00000000]                   	CALL	_api_getkey
  1274 00000E11 5A                              	POP	EDX
  1275 00000E12 39 C3                           	CMP	EBX,EAX
  1276 00000E14 74 39                           	JE	L253
  1277 00000E16 83 F8 34                        	CMP	EAX,52
  1278 00000E19 74 2F                           	JE	L265
  1279 00000E1B                                 L260:
  1280 00000E1B 83 F8 36                        	CMP	EAX,54
  1281 00000E1E 74 24                           	JE	L266
  1282 00000E20                                 L261:
  1283 00000E20 83 F8 20                        	CMP	EAX,32
  1284 00000E23 74 19                           	JE	L267
  1285 00000E25                                 L262:
  1286 00000E25 83 F8 51                        	CMP	EAX,81
  1287 00000E28 74 05                           	JE	L264
  1288 00000E2A 83 F8 71                        	CMP	EAX,113
  1289 00000E2D 75 DB                           	JNE	L256
  1290 00000E2F                                 L264:
  1291 00000E2F 6A 00                           	PUSH	0
  1292 00000E31 E8 [00000000]                   	CALL	_api_beep
  1293 00000E36 E8 [00000000]                   	CALL	_api_end
  1294 00000E3B 58                              	POP	EAX
  1295 00000E3C EB CC                           	JMP	L256
  1296 00000E3E                                 L267:
  1297 00000E3E C6 46 02 01                     	MOV	BYTE [2+ESI],1
  1298 00000E42 EB E1                           	JMP	L262
  1299 00000E44                                 L266:
  1300 00000E44 C6 46 01 01                     	MOV	BYTE [1+ESI],1
  1301 00000E48 EB D6                           	JMP	L261
  1302 00000E4A                                 L265:
  1303 00000E4A C6 06 01                        	MOV	BYTE [ESI],1
  1304 00000E4D EB CC                           	JMP	L260
  1305 00000E4F                                 L253:
  1306 00000E4F 8D 65 F8                        	LEA	ESP,DWORD [-8+EBP]
  1307 00000E52 5B                              	POP	EBX
  1308 00000E53 5E                              	POP	ESI
  1309 00000E54 5D                              	POP	EBP
  1310 00000E55 C3                              	RET
  1311 00000E56                                 L254:
  1312 00000E56 BB 0000000A                     	MOV	EBX,10
  1313 00000E5B EB AD                           	JMP	L256
  1314 00000E5D                                 	GLOBAL	_setdec8
  1315 00000E5D                                 _setdec8:
  1316 00000E5D 55                              	PUSH	EBP
  1317 00000E5E B9 00000007                     	MOV	ECX,7
  1318 00000E63 89 E5                           	MOV	EBP,ESP
  1319 00000E65 57                              	PUSH	EDI
  1320 00000E66 56                              	PUSH	ESI
  1321 00000E67 53                              	PUSH	EBX
  1322 00000E68 8B 5D 08                        	MOV	EBX,DWORD [8+EBP]
  1323 00000E6B                                 L273:
  1324 00000E6B 8B 45 0C                        	MOV	EAX,DWORD [12+EBP]
  1325 00000E6E BA 0000000A                     	MOV	EDX,10
  1326 00000E73 89 D7                           	MOV	EDI,EDX
  1327 00000E75 99                              	CDQ
  1328 00000E76 F7 FF                           	IDIV	EDI
  1329 00000E78 83 C2 30                        	ADD	EDX,48
  1330 00000E7B 88 14 19                        	MOV	BYTE [ECX+EBX*1],DL
  1331 00000E7E 49                              	DEC	ECX
  1332 00000E7F 89 45 0C                        	MOV	DWORD [12+EBP],EAX
  1333 00000E82 79 E7                           	JNS	L273
  1334 00000E84 C6 43 08 00                     	MOV	BYTE [8+EBX],0
  1335 00000E88 5B                              	POP	EBX
  1336 00000E89 5E                              	POP	ESI
  1337 00000E8A 5F                              	POP	EDI
  1338 00000E8B 5D                              	POP	EBP
  1339 00000E8C C3                              	RET
