     1 00000000                                 [FORMAT "WCOFF"]
     2 00000000                                 [INSTRSET "i486p"]
     3 00000000                                 [OPTIMIZE 1]
     4 00000000                                 [OPTION 1]
     5 00000000                                 [BITS 32]
     6 00000000                                 	EXTERN	__alloca
     7 00000000                                 	EXTERN	_api_getlang
     8 00000000                                 	EXTERN	_api_cmdline
     9 00000000                                 	EXTERN	_api_putstr0
    10 00000000                                 	EXTERN	_api_end
    11 00000000                                 	EXTERN	_strtol
    12 00000000                                 	EXTERN	_api_openwin
    13 00000000                                 	EXTERN	_api_boxfilwin
    14 00000000                                 	EXTERN	_api_alloctimer
    15 00000000                                 	EXTERN	_api_inittimer
    16 00000000                                 	EXTERN	_api_settimer
    17 00000000                                 	EXTERN	_api_fopen
    18 00000000                                 	EXTERN	_api_fsize
    19 00000000                                 	EXTERN	_api_fread
    20 00000000                                 	EXTERN	_api_fclose
    21 00000000                                 	EXTERN	_api_getkey
    22 00000000                                 	EXTERN	_api_refreshwin
    23 00000000                                 	EXTERN	_api_putstrwin
    24 00000000                                 [FILE "notepad.c"]
    25                                          [SECTION .data]
    26 00000000                                 LC0:
    27 00000000 20 3E 6E 6F 74 65 70 61 64 20   	DB	" >notepad file [-w30 -h10 -t4]",0x0A,0x00
       0000000A 66 69 6C 65 20 5B 2D 77 33 30 
       00000014 20 2D 68 31 30 20 2D 74 34 5D 
       0000001E 0A 00 
    28 00000020                                 LC1:
    29 00000020 6E 6F 74 65 70 61 64 00         	DB	"notepad",0x00
    30 00000028                                 LC2:
    31 00000028 66 69 6C 65 20 6F 70 65 6E 20   	DB	"file open error.",0x0A,0x00
       00000032 65 72 72 6F 72 2E 0A 00 
    32                                          [SECTION .text]
    33 00000000                                 	GLOBAL	_HariMain
    34 00000000                                 _HariMain:
    35 00000000 55                              	PUSH	EBP
    36 00000001 B8 000F9458                     	MOV	EAX,1021016
    37 00000006 89 E5                           	MOV	EBP,ESP
    38 00000008 57                              	PUSH	EDI
    39 00000009 56                              	PUSH	ESI
    40 0000000A 31 FF                           	XOR	EDI,EDI
    41 0000000C 53                              	PUSH	EBX
    42 0000000D 8D 9D FFF06BD4                  	LEA	EBX,DWORD [-1020972+EBP]
    43 00000013 E8 [00000000]                   	CALL	__alloca
    44 00000018 C7 85 FFF06BCC 00000046         	MOV	DWORD [-1020980+EBP],70
    45 00000022 C7 85 FFF06BC8 0000001E         	MOV	DWORD [-1020984+EBP],30
    46 0000002C C7 85 FFF06BC4 00000004         	MOV	DWORD [-1020988+EBP],4
    47 00000036 C7 85 FFF06BC0 00000001         	MOV	DWORD [-1020992+EBP],1
    48 00000040 C7 85 FFF06BBC 00000001         	MOV	DWORD [-1020996+EBP],1
    49 0000004A E8 [00000000]                   	CALL	_api_getlang
    50 0000004F 6A 1E                           	PUSH	30
    51 00000051 53                              	PUSH	EBX
    52 00000052 89 85 FFF06BB4                  	MOV	DWORD [-1021004+EBP],EAX
    53 00000058 C7 85 FFF06BB0 00000000         	MOV	DWORD [-1021008+EBP],0
    54 00000062 C7 85 FFF06BAC 00000000         	MOV	DWORD [-1021012+EBP],0
    55 0000006C E8 [00000000]                   	CALL	_api_cmdline
    56 00000071 89 D9                           	MOV	ECX,EBX
    57 00000073 58                              	POP	EAX
    58 00000074 89 9D FFF06BD0                  	MOV	DWORD [-1020976+EBP],EBX
    59 0000007A 5A                              	POP	EDX
    60 0000007B 80 BD FFF06BD4 20               	CMP	BYTE [-1020972+EBP],32
    61 00000082 7E 19                           	JLE	L105
    62 00000084 8D 95 FFF06BD5                  	LEA	EDX,DWORD [-1020971+EBP]
    63 0000008A                                 L6:
    64 0000008A 89 D0                           	MOV	EAX,EDX
    65 0000008C 89 95 FFF06BD0                  	MOV	DWORD [-1020976+EBP],EDX
    66 00000092 8D 51 02                        	LEA	EDX,DWORD [2+ECX]
    67 00000095 89 C1                           	MOV	ECX,EAX
    68 00000097 80 7A FF 20                     	CMP	BYTE [-1+EDX],32
    69 0000009B 7F ED                           	JG	L6
    70 0000009D                                 L105:
    71 0000009D 8B 85 FFF06BD0                  	MOV	EAX,DWORD [-1020976+EBP]
    72 000000A3 80 38 00                        	CMP	BYTE [EAX],0
    73 000000A6 0F 84 0000012D                  	JE	L107
    74 000000AC FF B5 FFF06BD0                  	PUSH	DWORD [-1020976+EBP]
    75 000000B2 E8 00000543                     	CALL	_skipspace
    76 000000B7 5E                              	POP	ESI
    77 000000B8 89 C2                           	MOV	EDX,EAX
    78 000000BA 89 85 FFF06BD0                  	MOV	DWORD [-1020976+EBP],EAX
    79 000000C0 8A 08                           	MOV	CL,BYTE [EAX]
    80 000000C2 80 F9 2D                        	CMP	CL,45
    81 000000C5 74 40                           	JE	L117
    82 000000C7 85 FF                           	TEST	EDI,EDI
    83 000000C9 74 12                           	JE	L118
    84 000000CB                                 L23:
    85 000000CB 68 [00000000]                   	PUSH	LC0
    86 000000D0 E8 [00000000]                   	CALL	_api_putstr0
    87 000000D5 E8 [00000000]                   	CALL	_api_end
    88 000000DA 5B                              	POP	EBX
    89 000000DB EB C0                           	JMP	L105
    90 000000DD                                 L118:
    91 000000DD 89 C7                           	MOV	EDI,EAX
    92 000000DF 80 F9 20                        	CMP	CL,32
    93 000000E2 7E 15                           	JLE	L109
    94 000000E4                                 L30:
    95 000000E4 8B 95 FFF06BD0                  	MOV	EDX,DWORD [-1020976+EBP]
    96 000000EA 8D 42 01                        	LEA	EAX,DWORD [1+EDX]
    97 000000ED 89 85 FFF06BD0                  	MOV	DWORD [-1020976+EBP],EAX
    98 000000F3 80 7A 01 20                     	CMP	BYTE [1+EDX],32
    99 000000F7 7F EB                           	JG	L30
   100 000000F9                                 L109:
   101 000000F9 8B 85 FFF06BD0                  	MOV	EAX,DWORD [-1020976+EBP]
   102 000000FF 89 85 FFF06BAC                  	MOV	DWORD [-1021012+EBP],EAX
   103 00000105 EB 96                           	JMP	L105
   104 00000107                                 L117:
   105 00000107 8A 40 01                        	MOV	AL,BYTE [1+EAX]
   106 0000010A 3C 77                           	CMP	AL,119
   107 0000010C 0F 84 00000081                  	JE	L119
   108 00000112 3C 68                           	CMP	AL,104
   109 00000114 74 36                           	JE	L120
   110 00000116 3C 74                           	CMP	AL,116
   111 00000118 75 B1                           	JNE	L23
   112 0000011A 6A 00                           	PUSH	0
   113 0000011C 8D 85 FFF06BD0                  	LEA	EAX,DWORD [-1020976+EBP]
   114 00000122 50                              	PUSH	EAX
   115 00000123 8D 42 02                        	LEA	EAX,DWORD [2+EDX]
   116 00000126 50                              	PUSH	EAX
   117 00000127 E8 [00000000]                   	CALL	_strtol
   118 0000012C 83 C4 0C                        	ADD	ESP,12
   119 0000012F 85 C0                           	TEST	EAX,EAX
   120 00000131 89 85 FFF06BC4                  	MOV	DWORD [-1020988+EBP],EAX
   121 00000137 0F 8F FFFFFF60                  	JG	L105
   122 0000013D C7 85 FFF06BC4 00000004         	MOV	DWORD [-1020988+EBP],4
   123 00000147 E9 FFFFFF51                     	JMP	L105
   124 0000014C                                 L120:
   125 0000014C 6A 00                           	PUSH	0
   126 0000014E 8D 85 FFF06BD0                  	LEA	EAX,DWORD [-1020976+EBP]
   127 00000154 50                              	PUSH	EAX
   128 00000155 8D 42 02                        	LEA	EAX,DWORD [2+EDX]
   129 00000158 50                              	PUSH	EAX
   130 00000159 E8 [00000000]                   	CALL	_strtol
   131 0000015E 83 C4 0C                        	ADD	ESP,12
   132 00000161 85 C0                           	TEST	EAX,EAX
   133 00000163 89 85 FFF06BC8                  	MOV	DWORD [-1020984+EBP],EAX
   134 00000169 7E 1C                           	JLE	L121
   135 0000016B                                 L17:
   136 0000016B 83 BD FFF06BC8 2D               	CMP	DWORD [-1020984+EBP],45
   137 00000172 0F 8E FFFFFF25                  	JLE	L105
   138 00000178 C7 85 FFF06BC8 0000002D         	MOV	DWORD [-1020984+EBP],45
   139 00000182 E9 FFFFFF16                     	JMP	L105
   140 00000187                                 L121:
   141 00000187 C7 85 FFF06BC8 00000001         	MOV	DWORD [-1020984+EBP],1
   142 00000191 EB D8                           	JMP	L17
   143 00000193                                 L119:
   144 00000193 6A 00                           	PUSH	0
   145 00000195 8D 85 FFF06BD0                  	LEA	EAX,DWORD [-1020976+EBP]
   146 0000019B 50                              	PUSH	EAX
   147 0000019C 8D 42 02                        	LEA	EAX,DWORD [2+EDX]
   148 0000019F 50                              	PUSH	EAX
   149 000001A0 E8 [00000000]                   	CALL	_strtol
   150 000001A5 83 C4 0C                        	ADD	ESP,12
   151 000001A8 83 F8 13                        	CMP	EAX,19
   152 000001AB 89 85 FFF06BCC                  	MOV	DWORD [-1020980+EBP],EAX
   153 000001B1 7F 0A                           	JG	L13
   154 000001B3 C7 85 FFF06BCC 00000014         	MOV	DWORD [-1020980+EBP],20
   155 000001BD                                 L13:
   156 000001BD 83 BD FFF06BCC 7E               	CMP	DWORD [-1020980+EBP],126
   157 000001C4 0F 8E FFFFFED3                  	JLE	L105
   158 000001CA C7 85 FFF06BCC 0000007E         	MOV	DWORD [-1020980+EBP],126
   159 000001D4 E9 FFFFFEC4                     	JMP	L105
   160 000001D9                                 L107:
   161 000001D9 85 FF                           	TEST	EDI,EDI
   162 000001DB 0F 84 FFFFFEEA                  	JE	L23
   163 000001E1 8B B5 FFF06BC8                  	MOV	ESI,DWORD [-1020984+EBP]
   164 000001E7 8B 9D FFF06BCC                  	MOV	EBX,DWORD [-1020980+EBP]
   165 000001ED C1 E6 04                        	SAL	ESI,4
   166 000001F0 68 [00000020]                   	PUSH	LC1
   167 000001F5 C1 E3 03                        	SAL	EBX,3
   168 000001F8 6A FF                           	PUSH	-1
   169 000001FA 8D 46 25                        	LEA	EAX,DWORD [37+ESI]
   170 000001FD 83 C6 1E                        	ADD	ESI,30
   171 00000200 50                              	PUSH	EAX
   172 00000201 8D 43 10                        	LEA	EAX,DWORD [16+EBX]
   173 00000204 50                              	PUSH	EAX
   174 00000205 83 C3 09                        	ADD	EBX,9
   175 00000208 8D 85 FFF42BF4                  	LEA	EAX,DWORD [-775180+EBP]
   176 0000020E 50                              	PUSH	EAX
   177 0000020F E8 [00000000]                   	CALL	_api_openwin
   178 00000214 6A 07                           	PUSH	7
   179 00000216 56                              	PUSH	ESI
   180 00000217 53                              	PUSH	EBX
   181 00000218 89 85 FFF06BB8                  	MOV	DWORD [-1021000+EBP],EAX
   182 0000021E 6A 1B                           	PUSH	27
   183 00000220 6A 06                           	PUSH	6
   184 00000222 50                              	PUSH	EAX
   185 00000223 E8 [00000000]                   	CALL	_api_boxfilwin
   186 00000228 83 C4 2C                        	ADD	ESP,44
   187 0000022B C7 85 FFF06BA4 00000007         	MOV	DWORD [-1021020+EBP],7
   188 00000235 C7 85 FFF06BA0 0000001D         	MOV	DWORD [-1021024+EBP],29
   189 0000023F C7 85 FFF06B9C 00000000         	MOV	DWORD [-1021028+EBP],0
   190 00000249 E8 [00000000]                   	CALL	_api_alloctimer
   191 0000024E 6A 00                           	PUSH	0
   192 00000250 50                              	PUSH	EAX
   193 00000251 89 85 FFF06BA8                  	MOV	DWORD [-1021016+EBP],EAX
   194 00000257 E8 [00000000]                   	CALL	_api_inittimer
   195 0000025C 6A 32                           	PUSH	50
   196 0000025E FF B5 FFF06BA8                  	PUSH	DWORD [-1021016+EBP]
   197 00000264 E8 [00000000]                   	CALL	_api_settimer
   198 00000269 8B 95 FFF06BAC                  	MOV	EDX,DWORD [-1021012+EBP]
   199 0000026F C6 02 00                        	MOV	BYTE [EDX],0
   200 00000272 57                              	PUSH	EDI
   201 00000273 E8 [00000000]                   	CALL	_api_fopen
   202 00000278 83 C4 14                        	ADD	ESP,20
   203 0000027B 89 C7                           	MOV	EDI,EAX
   204 0000027D 85 C0                           	TEST	EAX,EAX
   205 0000027F 75 10                           	JNE	L33
   206 00000281 68 [00000028]                   	PUSH	LC2
   207 00000286 E8 [00000000]                   	CALL	_api_putstr0
   208 0000028B E8 [00000000]                   	CALL	_api_end
   209 00000290 59                              	POP	ECX
   210 00000291                                 L33:
   211 00000291 6A 00                           	PUSH	0
   212 00000293 57                              	PUSH	EDI
   213 00000294 E8 [00000000]                   	CALL	_api_fsize
   214 00000299 89 C6                           	MOV	ESI,EAX
   215 0000029B 58                              	POP	EAX
   216 0000029C 5A                              	POP	EDX
   217 0000029D 81 FE 0003BFFE                  	CMP	ESI,245758
   218 000002A3 7E 05                           	JLE	L34
   219 000002A5 BE 0003BFFE                     	MOV	ESI,245758
   220 000002AA                                 L34:
   221 000002AA 57                              	PUSH	EDI
   222 000002AB 8D 9D FFF06BF5                  	LEA	EBX,DWORD [-1020939+EBP]
   223 000002B1 56                              	PUSH	ESI
   224 000002B2 53                              	PUSH	EBX
   225 000002B3 C6 85 FFF06BF4 0A               	MOV	BYTE [-1020940+EBP],10
   226 000002BA E8 [00000000]                   	CALL	_api_fread
   227 000002BF 57                              	PUSH	EDI
   228 000002C0 89 DF                           	MOV	EDI,EBX
   229 000002C2 E8 [00000000]                   	CALL	_api_fclose
   230 000002C7 C6 84 35 FFF06BF5 00            	MOV	BYTE [-1020939+EBP+ESI*1],0
   231 000002CF 83 C4 10                        	ADD	ESP,16
   232 000002D2 89 9D FFF06BD0                  	MOV	DWORD [-1020976+EBP],EBX
   233 000002D8 80 BD FFF06BF5 00               	CMP	BYTE [-1020939+EBP],0
   234 000002DF 74 24                           	JE	L111
   235 000002E1                                 L40:
   236 000002E1 8B 85 FFF06BD0                  	MOV	EAX,DWORD [-1020976+EBP]
   237 000002E7 8A 00                           	MOV	AL,BYTE [EAX]
   238 000002E9 3C 0D                           	CMP	AL,13
   239 000002EB 74 03                           	JE	L37
   240 000002ED 88 07                           	MOV	BYTE [EDI],AL
   241 000002EF 47                              	INC	EDI
   242 000002F0                                 L37:
   243 000002F0 8B 95 FFF06BD0                  	MOV	EDX,DWORD [-1020976+EBP]
   244 000002F6 8D 42 01                        	LEA	EAX,DWORD [1+EDX]
   245 000002F9 89 85 FFF06BD0                  	MOV	DWORD [-1020976+EBP],EAX
   246 000002FF 80 7A 01 00                     	CMP	BYTE [1+EDX],0
   247 00000303 75 DC                           	JNE	L40
   248 00000305                                 L111:
   249 00000305 8D 85 FFF06BF5                  	LEA	EAX,DWORD [-1020939+EBP]
   250 0000030B C6 07 00                        	MOV	BYTE [EDI],0
   251 0000030E 89 85 FFF06BD0                  	MOV	DWORD [-1020976+EBP],EAX
   252 00000314                                 L41:
   253 00000314 FF B5 FFF06BB4                  	PUSH	DWORD [-1021004+EBP]
   254 0000031A FF B5 FFF06BC4                  	PUSH	DWORD [-1020988+EBP]
   255 00000320 FF B5 FFF06BD0                  	PUSH	DWORD [-1020976+EBP]
   256 00000326 FF B5 FFF06BB0                  	PUSH	DWORD [-1021008+EBP]
   257 0000032C FF B5 FFF06BC8                  	PUSH	DWORD [-1020984+EBP]
   258 00000332 FF B5 FFF06BCC                  	PUSH	DWORD [-1020980+EBP]
   259 00000338 FF B5 FFF06BB8                  	PUSH	DWORD [-1021000+EBP]
   260 0000033E E8 000002CC                     	CALL	_textview
   261 00000343 8B 85 FFF06BA0                  	MOV	EAX,DWORD [-1021024+EBP]
   262 00000349 FF B5 FFF06B9C                  	PUSH	DWORD [-1021028+EBP]
   263 0000034F 83 C0 10                        	ADD	EAX,16
   264 00000352 50                              	PUSH	EAX
   265 00000353 8B 85 FFF06BA4                  	MOV	EAX,DWORD [-1021020+EBP]
   266 00000359 40                              	INC	EAX
   267 0000035A 50                              	PUSH	EAX
   268 0000035B FF B5 FFF06BA0                  	PUSH	DWORD [-1021024+EBP]
   269 00000361 FF B5 FFF06BA4                  	PUSH	DWORD [-1021020+EBP]
   270 00000367 FF B5 FFF06BB8                  	PUSH	DWORD [-1021000+EBP]
   271 0000036D E8 [00000000]                   	CALL	_api_boxfilwin
   272 00000372 83 C4 34                        	ADD	ESP,52
   273 00000375 6A 01                           	PUSH	1
   274 00000377 E8 [00000000]                   	CALL	_api_getkey
   275 0000037C 89 C7                           	MOV	EDI,EAX
   276 0000037E 58                              	POP	EAX
   277 0000037F 83 FF 01                        	CMP	EDI,1
   278 00000382 0F 84 00000246                  	JE	L122
   279 00000388                                 L44:
   280 00000388 85 FF                           	TEST	EDI,EDI
   281 0000038A 75 27                           	JNE	L45
   282 0000038C 6A 01                           	PUSH	1
   283 0000038E FF B5 FFF06BA8                  	PUSH	DWORD [-1021016+EBP]
   284 00000394 C7 85 FFF06B9C 00000000         	MOV	DWORD [-1021028+EBP],0
   285 0000039E E8 [00000000]                   	CALL	_api_inittimer
   286 000003A3 6A 32                           	PUSH	50
   287 000003A5 FF B5 FFF06BA8                  	PUSH	DWORD [-1021016+EBP]
   288 000003AB E8 [00000000]                   	CALL	_api_settimer
   289 000003B0 83 C4 10                        	ADD	ESP,16
   290 000003B3                                 L45:
   291 000003B3 83 FF 51                        	CMP	EDI,81
   292 000003B6 0F 84 00000208                  	JE	L47
   293 000003BC 83 FF 71                        	CMP	EDI,113
   294 000003BF 0F 84 000001FF                  	JE	L47
   295 000003C5                                 L46:
   296 000003C5 8D 4F BF                        	LEA	ECX,DWORD [-65+EDI]
   297 000003C8 83 F9 05                        	CMP	ECX,5
   298 000003CB 77 10                           	JA	L48
   299 000003CD C7 85 FFF06BC0 00000001         	MOV	DWORD [-1020992+EBP],1
   300 000003D7 D3 A5 FFF06BC0                  	SAL	DWORD [-1020992+EBP],CL
   301 000003DD                                 L48:
   302 000003DD 8D 4F 9F                        	LEA	ECX,DWORD [-97+EDI]
   303 000003E0 83 F9 05                        	CMP	ECX,5
   304 000003E3 77 10                           	JA	L49
   305 000003E5 C7 85 FFF06BBC 00000001         	MOV	DWORD [-1020996+EBP],1
   306 000003EF D3 A5 FFF06BBC                  	SAL	DWORD [-1020996+EBP],CL
   307 000003F5                                 L49:
   308 000003F5 83 FF 3C                        	CMP	EDI,60
   309 000003F8 0F 84 0000019E                  	JE	L123
   310 000003FE                                 L50:
   311 000003FE 83 FF 3E                        	CMP	EDI,62
   312 00000401 0F 84 0000017A                  	JE	L124
   313 00000407                                 L51:
   314 00000407 83 FF 34                        	CMP	EDI,52
   315 0000040A 0F 84 00000130                  	JE	L125
   316 00000410                                 L52:
   317 00000410 83 FF 36                        	CMP	EDI,54
   318 00000413 0F 84 000000E8                  	JE	L126
   319 00000419                                 L60:
   320 00000419 83 FF 38                        	CMP	EDI,56
   321 0000041C 74 77                           	JE	L127
   322 0000041E                                 L67:
   323 0000041E 83 FF 32                        	CMP	EDI,50
   324 00000421 0F 85 FFFFFEED                  	JNE	L41
   325 00000427 8B 85 FFF06BC8                  	MOV	EAX,DWORD [-1020984+EBP]
   326 0000042D C1 E0 04                        	SAL	EAX,4
   327 00000430 83 C0 0C                        	ADD	EAX,12
   328 00000433 39 85 FFF06BA0                  	CMP	DWORD [-1021024+EBP],EAX
   329 00000439 7E 4E                           	JLE	L128
   330 0000043B                                 L88:
   331 0000043B 31 F6                           	XOR	ESI,ESI
   332 0000043D 3B B5 FFF06BBC                  	CMP	ESI,DWORD [-1020996+EBP]
   333 00000443 7D 32                           	JGE	L92
   334 00000445                                 L102:
   335 00000445 8B BD FFF06BD0                  	MOV	EDI,DWORD [-1020976+EBP]
   336 0000044B 8A 07                           	MOV	AL,BYTE [EDI]
   337 0000044D 84 C0                           	TEST	AL,AL
   338 0000044F 74 0F                           	JE	L96
   339 00000451 3C 0A                           	CMP	AL,10
   340 00000453 74 0B                           	JE	L96
   341 00000455                                 L100:
   342 00000455 47                              	INC	EDI
   343 00000456 8A 07                           	MOV	AL,BYTE [EDI]
   344 00000458 84 C0                           	TEST	AL,AL
   345 0000045A 74 04                           	JE	L96
   346 0000045C 3C 0A                           	CMP	AL,10
   347 0000045E 75 F5                           	JNE	L100
   348 00000460                                 L96:
   349 00000460 80 3F 00                        	CMP	BYTE [EDI],0
   350 00000463 74 12                           	JE	L92
   351 00000465 8D 47 01                        	LEA	EAX,DWORD [1+EDI]
   352 00000468 46                              	INC	ESI
   353 00000469 89 85 FFF06BD0                  	MOV	DWORD [-1020976+EBP],EAX
   354 0000046F 3B B5 FFF06BBC                  	CMP	ESI,DWORD [-1020996+EBP]
   355 00000475 7C CE                           	JL	L102
   356 00000477                                 L92:
   357 00000477 6A 00                           	PUSH	0
   358 00000479 E8 [00000000]                   	CALL	_api_getkey
   359 0000047E 5A                              	POP	EDX
   360 0000047F 83 F8 32                        	CMP	EAX,50
   361 00000482 74 B7                           	JE	L88
   362 00000484 E9 FFFFFE8B                     	JMP	L41
   363 00000489                                 L128:
   364 00000489 83 85 FFF06BA0 10               	ADD	DWORD [-1021024+EBP],16
   365 00000490 E9 FFFFFE7F                     	JMP	L41
   366 00000495                                 L127:
   367 00000495 83 BD FFF06BA0 2C               	CMP	DWORD [-1021024+EBP],44
   368 0000049C 7E 0C                           	JLE	L70
   369 0000049E 83 AD FFF06BA0 10               	SUB	DWORD [-1021024+EBP],16
   370 000004A5 E9 FFFFFF74                     	JMP	L67
   371 000004AA                                 L70:
   372 000004AA 31 F6                           	XOR	ESI,ESI
   373 000004AC 3B B5 FFF06BBC                  	CMP	ESI,DWORD [-1020996+EBP]
   374 000004B2 7D 3B                           	JGE	L74
   375 000004B4                                 L83:
   376 000004B4 8D 85 FFF06BF5                  	LEA	EAX,DWORD [-1020939+EBP]
   377 000004BA 8B 95 FFF06BD0                  	MOV	EDX,DWORD [-1020976+EBP]
   378 000004C0 39 C2                           	CMP	EDX,EAX
   379 000004C2 74 2B                           	JE	L74
   380 000004C4 8D 42 FF                        	LEA	EAX,DWORD [-1+EDX]
   381 000004C7 89 85 FFF06BD0                  	MOV	DWORD [-1020976+EBP],EAX
   382 000004CD 80 78 FF 0A                     	CMP	BYTE [-1+EAX],10
   383 000004D1 74 13                           	JE	L114
   384 000004D3                                 L82:
   385 000004D3 8B 85 FFF06BD0                  	MOV	EAX,DWORD [-1020976+EBP]
   386 000004D9 48                              	DEC	EAX
   387 000004DA 89 85 FFF06BD0                  	MOV	DWORD [-1020976+EBP],EAX
   388 000004E0 80 78 FF 0A                     	CMP	BYTE [-1+EAX],10
   389 000004E4 75 ED                           	JNE	L82
   390 000004E6                                 L114:
   391 000004E6 46                              	INC	ESI
   392 000004E7 3B B5 FFF06BBC                  	CMP	ESI,DWORD [-1020996+EBP]
   393 000004ED 7C C5                           	JL	L83
   394 000004EF                                 L74:
   395 000004EF 6A 00                           	PUSH	0
   396 000004F1 E8 [00000000]                   	CALL	_api_getkey
   397 000004F6 59                              	POP	ECX
   398 000004F7 83 F8 38                        	CMP	EAX,56
   399 000004FA 74 AE                           	JE	L70
   400 000004FC E9 FFFFFF1D                     	JMP	L67
   401 00000501                                 L126:
   402 00000501 8B 95 FFF06BCC                  	MOV	EDX,DWORD [-1020980+EBP]
   403 00000507 8D 04 D5 FFFFFFFF               	LEA	EAX,DWORD [-1+EDX*8]
   404 0000050E 39 85 FFF06BA4                  	CMP	DWORD [-1021020+EBP],EAX
   405 00000514 7F 0C                           	JG	L63
   406 00000516 83 85 FFF06BA4 08               	ADD	DWORD [-1021020+EBP],8
   407 0000051D E9 FFFFFEF7                     	JMP	L60
   408 00000522                                 L63:
   409 00000522 8B 8D FFF06BC0                  	MOV	ECX,DWORD [-1020992+EBP]
   410 00000528 6A 00                           	PUSH	0
   411 0000052A 01 8D FFF06BB0                  	ADD	DWORD [-1021008+EBP],ECX
   412 00000530 E8 [00000000]                   	CALL	_api_getkey
   413 00000535 83 F8 36                        	CMP	EAX,54
   414 00000538 5B                              	POP	EBX
   415 00000539 74 E7                           	JE	L63
   416 0000053B E9 FFFFFED9                     	JMP	L60
   417 00000540                                 L125:
   418 00000540 83 BD FFF06BA4 0D               	CMP	DWORD [-1021020+EBP],13
   419 00000547 7E 0C                           	JLE	L55
   420 00000549 83 AD FFF06BA4 08               	SUB	DWORD [-1021020+EBP],8
   421 00000550 E9 FFFFFEBB                     	JMP	L52
   422 00000555                                 L55:
   423 00000555 8B 85 FFF06BC0                  	MOV	EAX,DWORD [-1020992+EBP]
   424 0000055B 29 85 FFF06BB0                  	SUB	DWORD [-1021008+EBP],EAX
   425 00000561 78 12                           	JS	L129
   426 00000563                                 L58:
   427 00000563 6A 00                           	PUSH	0
   428 00000565 E8 [00000000]                   	CALL	_api_getkey
   429 0000056A 5E                              	POP	ESI
   430 0000056B 83 F8 34                        	CMP	EAX,52
   431 0000056E 74 E5                           	JE	L55
   432 00000570 E9 FFFFFE9B                     	JMP	L52
   433 00000575                                 L129:
   434 00000575 C7 85 FFF06BB0 00000000         	MOV	DWORD [-1021008+EBP],0
   435 0000057F EB E2                           	JMP	L58
   436 00000581                                 L124:
   437 00000581 81 BD FFF06BC4 000000FF         	CMP	DWORD [-1020988+EBP],255
   438 0000058B 0F 8F FFFFFE76                  	JG	L51
   439 00000591 D1 A5 FFF06BC4                  	SAL	DWORD [-1020988+EBP],1
   440 00000597 E9 FFFFFE6B                     	JMP	L51
   441 0000059C                                 L123:
   442 0000059C 83 BD FFF06BC4 01               	CMP	DWORD [-1020988+EBP],1
   443 000005A3 0F 8E FFFFFE55                  	JLE	L50
   444 000005A9 8B 85 FFF06BC4                  	MOV	EAX,DWORD [-1020988+EBP]
   445 000005AF BA 00000002                     	MOV	EDX,2
   446 000005B4 89 D1                           	MOV	ECX,EDX
   447 000005B6 99                              	CDQ
   448 000005B7 F7 F9                           	IDIV	ECX
   449 000005B9 89 85 FFF06BC4                  	MOV	DWORD [-1020988+EBP],EAX
   450 000005BF E9 FFFFFE3A                     	JMP	L50
   451 000005C4                                 L47:
   452 000005C4 E8 [00000000]                   	CALL	_api_end
   453 000005C9 E9 FFFFFDF7                     	JMP	L46
   454 000005CE                                 L122:
   455 000005CE 6A 00                           	PUSH	0
   456 000005D0 FF B5 FFF06BA8                  	PUSH	DWORD [-1021016+EBP]
   457 000005D6 C7 85 FFF06B9C 00000007         	MOV	DWORD [-1021028+EBP],7
   458 000005E0 E8 [00000000]                   	CALL	_api_inittimer
   459 000005E5 6A 32                           	PUSH	50
   460 000005E7 FF B5 FFF06BA8                  	PUSH	DWORD [-1021016+EBP]
   461 000005ED E8 [00000000]                   	CALL	_api_settimer
   462 000005F2 83 C4 10                        	ADD	ESP,16
   463 000005F5 E9 FFFFFD8E                     	JMP	L44
   464 000005FA                                 	GLOBAL	_skipspace
   465 000005FA                                 _skipspace:
   466 000005FA 55                              	PUSH	EBP
   467 000005FB 89 E5                           	MOV	EBP,ESP
   468 000005FD 8B 45 08                        	MOV	EAX,DWORD [8+EBP]
   469 00000600 80 38 20                        	CMP	BYTE [EAX],32
   470 00000603 74 02                           	JE	L135
   471 00000605                                 L137:
   472 00000605 5D                              	POP	EBP
   473 00000606 C3                              	RET
   474 00000607                                 L135:
   475 00000607 40                              	INC	EAX
   476 00000608 80 38 20                        	CMP	BYTE [EAX],32
   477 0000060B 74 FA                           	JE	L135
   478 0000060D EB F6                           	JMP	L137
   479 0000060F                                 	GLOBAL	_textview
   480 0000060F                                 _textview:
   481 0000060F 55                              	PUSH	EBP
   482 00000610 89 E5                           	MOV	EBP,ESP
   483 00000612 57                              	PUSH	EDI
   484 00000613 56                              	PUSH	ESI
   485 00000614 53                              	PUSH	EBX
   486 00000615 83 EC 18                        	SUB	ESP,24
   487 00000618 8B 45 08                        	MOV	EAX,DWORD [8+EBP]
   488 0000061B 8B 55 0C                        	MOV	EDX,DWORD [12+EBP]
   489 0000061E 89 45 F0                        	MOV	DWORD [-16+EBP],EAX
   490 00000621 8B 75 10                        	MOV	ESI,DWORD [16+EBP]
   491 00000624 8B 45 14                        	MOV	EAX,DWORD [20+EBP]
   492 00000627 89 55 EC                        	MOV	DWORD [-20+EBP],EDX
   493 0000062A 89 45 E8                        	MOV	DWORD [-24+EBP],EAX
   494 0000062D 8B 55 18                        	MOV	EDX,DWORD [24+EBP]
   495 00000630 8B 45 1C                        	MOV	EAX,DWORD [28+EBP]
   496 00000633 89 55 E4                        	MOV	DWORD [-28+EBP],EDX
   497 00000636 89 45 E0                        	MOV	DWORD [-32+EBP],EAX
   498 00000639 8B 55 20                        	MOV	EDX,DWORD [32+EBP]
   499 0000063C 89 F0                           	MOV	EAX,ESI
   500 0000063E 89 55 DC                        	MOV	DWORD [-36+EBP],EDX
   501 00000641 C1 E0 04                        	SAL	EAX,4
   502 00000644 6A 07                           	PUSH	7
   503 00000646 83 C0 1E                        	ADD	EAX,30
   504 00000649 50                              	PUSH	EAX
   505 0000064A 8B 55 EC                        	MOV	EDX,DWORD [-20+EBP]
   506 0000064D 8D 04 D5 00000009               	LEA	EAX,DWORD [9+EDX*8]
   507 00000654 50                              	PUSH	EAX
   508 00000655 6A 1D                           	PUSH	29
   509 00000657 6A 06                           	PUSH	6
   510 00000659 8B 45 F0                        	MOV	EAX,DWORD [-16+EBP]
   511 0000065C 40                              	INC	EAX
   512 0000065D 50                              	PUSH	EAX
   513 0000065E E8 [00000000]                   	CALL	_api_boxfilwin
   514 00000663 83 C4 18                        	ADD	ESP,24
   515 00000666 85 F6                           	TEST	ESI,ESI
   516 00000668 7E 2B                           	JLE	L145
   517 0000066A BF 0000001D                     	MOV	EDI,29
   518 0000066F 89 F3                           	MOV	EBX,ESI
   519 00000671                                 L143:
   520 00000671 FF 75 DC                        	PUSH	DWORD [-36+EBP]
   521 00000674 FF 75 E0                        	PUSH	DWORD [-32+EBP]
   522 00000677 FF 75 E4                        	PUSH	DWORD [-28+EBP]
   523 0000067A FF 75 E8                        	PUSH	DWORD [-24+EBP]
   524 0000067D 57                              	PUSH	EDI
   525 0000067E 83 C7 10                        	ADD	EDI,16
   526 00000681 FF 75 EC                        	PUSH	DWORD [-20+EBP]
   527 00000684 FF 75 F0                        	PUSH	DWORD [-16+EBP]
   528 00000687 E8 0000003F                     	CALL	_lineview
   529 0000068C 83 C4 1C                        	ADD	ESP,28
   530 0000068F 4B                              	DEC	EBX
   531 00000690 89 45 E4                        	MOV	DWORD [-28+EBP],EAX
   532 00000693 75 DC                           	JNE	L143
   533 00000695                                 L145:
   534 00000695 C1 E6 04                        	SAL	ESI,4
   535 00000698 8B 55 EC                        	MOV	EDX,DWORD [-20+EBP]
   536 0000069B C7 45 10 0000001D               	MOV	DWORD [16+EBP],29
   537 000006A2 8D 46 1E                        	LEA	EAX,DWORD [30+ESI]
   538 000006A5 89 45 18                        	MOV	DWORD [24+EBP],EAX
   539 000006A8 8D 04 D5 00000009               	LEA	EAX,DWORD [9+EDX*8]
   540 000006AF 89 45 14                        	MOV	DWORD [20+EBP],EAX
   541 000006B2 8B 45 F0                        	MOV	EAX,DWORD [-16+EBP]
   542 000006B5 C7 45 0C 00000006               	MOV	DWORD [12+EBP],6
   543 000006BC 89 45 08                        	MOV	DWORD [8+EBP],EAX
   544 000006BF 8D 65 F4                        	LEA	ESP,DWORD [-12+EBP]
   545 000006C2 5B                              	POP	EBX
   546 000006C3 5E                              	POP	ESI
   547 000006C4 5F                              	POP	EDI
   548 000006C5 5D                              	POP	EBP
   549 000006C6 E9 [00000000]                   	JMP	_api_refreshwin
   550 000006CB                                 	GLOBAL	_lineview
   551 000006CB                                 _lineview:
   552 000006CB 55                              	PUSH	EBP
   553 000006CC 89 E5                           	MOV	EBP,ESP
   554 000006CE 57                              	PUSH	EDI
   555 000006CF 56                              	PUSH	ESI
   556 000006D0 53                              	PUSH	EBX
   557 000006D1 81 EC 00000090                  	SUB	ESP,144
   558 000006D7 8B 7D 14                        	MOV	EDI,DWORD [20+EBP]
   559 000006DA 8B 75 0C                        	MOV	ESI,DWORD [12+EBP]
   560 000006DD 89 FA                           	MOV	EDX,EDI
   561 000006DF 8B 5D 18                        	MOV	EBX,DWORD [24+EBP]
   562 000006E2 F7 DA                           	NEG	EDX
   563 000006E4                                 L147:
   564 000006E4 8A 03                           	MOV	AL,BYTE [EBX]
   565 000006E6 84 C0                           	TEST	AL,AL
   566 000006E8 0F 84 000001F7                  	JE	L148
   567 000006EE 3C 0A                           	CMP	AL,10
   568 000006F0 0F 84 000001EE                  	JE	L186
   569 000006F6 83 7D 20 00                     	CMP	DWORD [32+EBP],0
   570 000006FA 75 19                           	JNE	L152
   571 000006FC 3C 09                           	CMP	AL,9
   572 000006FE 0F 84 000001C4                  	JE	L187
   573 00000704 85 D2                           	TEST	EDX,EDX
   574 00000706 78 0B                           	JS	L155
   575 00000708 39 F2                           	CMP	EDX,ESI
   576 0000070A 7D 07                           	JGE	L155
   577 0000070C 88 84 15 FFFFFF64               	MOV	BYTE [-156+EBP+EDX*1],AL
   578 00000713                                 L155:
   579 00000713 42                              	INC	EDX
   580 00000714                                 L154:
   581 00000714 43                              	INC	EBX
   582 00000715                                 L152:
   583 00000715 83 7D 20 01                     	CMP	DWORD [32+EBP],1
   584 00000719 0F 84 0000011B                  	JE	L188
   585 0000071F                                 L156:
   586 0000071F 83 7D 20 02                     	CMP	DWORD [32+EBP],2
   587 00000723 0F 84 0000008A                  	JE	L189
   588 00000729                                 L166:
   589 00000729 83 7D 20 03                     	CMP	DWORD [32+EBP],3
   590 0000072D 75 B5                           	JNE	L147
   591 0000072F 8A 0B                           	MOV	CL,BYTE [EBX]
   592 00000731 80 F9 09                        	CMP	CL,9
   593 00000734 74 60                           	JE	L190
   594 00000736 8D 41 5F                        	LEA	EAX,DWORD [95+ECX]
   595 00000739 3C 5D                           	CMP	AL,93
   596 0000073B 76 13                           	JBE	L191
   597 0000073D 85 D2                           	TEST	EDX,EDX
   598 0000073F 78 0B                           	JS	L183
   599 00000741 39 F2                           	CMP	EDX,ESI
   600 00000743 7D 07                           	JGE	L183
   601 00000745 88 8C 15 FFFFFF64               	MOV	BYTE [-156+EBP+EDX*1],CL
   602 0000074C                                 L183:
   603 0000074C 42                              	INC	EDX
   604 0000074D 43                              	INC	EBX
   605 0000074E EB 94                           	JMP	L147
   606 00000750                                 L191:
   607 00000750 83 FA FF                        	CMP	EDX,-1
   608 00000753 74 38                           	JE	L192
   609 00000755                                 L179:
   610 00000755 85 D2                           	TEST	EDX,EDX
   611 00000757 78 18                           	JS	L180
   612 00000759 8D 46 FF                        	LEA	EAX,DWORD [-1+ESI]
   613 0000075C 39 C2                           	CMP	EDX,EAX
   614 0000075E 7D 11                           	JGE	L180
   615 00000760 88 8C 15 FFFFFF64               	MOV	BYTE [-156+EBP+EDX*1],CL
   616 00000767 8A 43 01                        	MOV	AL,BYTE [1+EBX]
   617 0000076A 88 84 15 FFFFFF65               	MOV	BYTE [-155+EBP+EDX*1],AL
   618 00000771                                 L180:
   619 00000771 8D 46 FF                        	LEA	EAX,DWORD [-1+ESI]
   620 00000774 39 C2                           	CMP	EDX,EAX
   621 00000776 74 0B                           	JE	L193
   622 00000778                                 L181:
   623 00000778 83 C2 02                        	ADD	EDX,2
   624 0000077B 83 C3 02                        	ADD	EBX,2
   625 0000077E E9 FFFFFF61                     	JMP	L147
   626 00000783                                 L193:
   627 00000783 C6 84 15 FFFFFF64 20            	MOV	BYTE [-156+EBP+EDX*1],32
   628 0000078B EB EB                           	JMP	L181
   629 0000078D                                 L192:
   630 0000078D C6 85 FFFFFF64 20               	MOV	BYTE [-156+EBP],32
   631 00000794 EB BF                           	JMP	L179
   632 00000796                                 L190:
   633 00000796 FF 75 1C                        	PUSH	DWORD [28+EBP]
   634 00000799 8D 85 FFFFFF64                  	LEA	EAX,DWORD [-156+EBP]
   635 0000079F 43                              	INC	EBX
   636 000007A0 50                              	PUSH	EAX
   637 000007A1 57                              	PUSH	EDI
   638 000007A2 56                              	PUSH	ESI
   639 000007A3 52                              	PUSH	EDX
   640 000007A4 E8 00000174                     	CALL	_puttab
   641 000007A9 83 C4 14                        	ADD	ESP,20
   642 000007AC 89 C2                           	MOV	EDX,EAX
   643 000007AE E9 FFFFFF31                     	JMP	L147
   644 000007B3                                 L189:
   645 000007B3 8A 0B                           	MOV	CL,BYTE [EBX]
   646 000007B5 80 F9 09                        	CMP	CL,9
   647 000007B8 74 63                           	JE	L194
   648 000007BA 8D 41 5F                        	LEA	EAX,DWORD [95+ECX]
   649 000007BD 3C 5D                           	CMP	AL,93
   650 000007BF 77 46                           	JA	L169
   651 000007C1 83 FA FF                        	CMP	EDX,-1
   652 000007C4 74 38                           	JE	L195
   653 000007C6                                 L170:
   654 000007C6 85 D2                           	TEST	EDX,EDX
   655 000007C8 78 18                           	JS	L171
   656 000007CA 8D 46 FF                        	LEA	EAX,DWORD [-1+ESI]
   657 000007CD 39 C2                           	CMP	EDX,EAX
   658 000007CF 7D 11                           	JGE	L171
   659 000007D1 88 8C 15 FFFFFF64               	MOV	BYTE [-156+EBP+EDX*1],CL
   660 000007D8 8A 43 01                        	MOV	AL,BYTE [1+EBX]
   661 000007DB 88 84 15 FFFFFF65               	MOV	BYTE [-155+EBP+EDX*1],AL
   662 000007E2                                 L171:
   663 000007E2 8D 46 FF                        	LEA	EAX,DWORD [-1+ESI]
   664 000007E5 39 C2                           	CMP	EDX,EAX
   665 000007E7 74 0B                           	JE	L196
   666 000007E9                                 L172:
   667 000007E9 83 C2 02                        	ADD	EDX,2
   668 000007EC 83 C3 02                        	ADD	EBX,2
   669 000007EF E9 FFFFFF35                     	JMP	L166
   670 000007F4                                 L196:
   671 000007F4 C6 84 15 FFFFFF64 20            	MOV	BYTE [-156+EBP+EDX*1],32
   672 000007FC EB EB                           	JMP	L172
   673 000007FE                                 L195:
   674 000007FE C6 85 FFFFFF64 20               	MOV	BYTE [-156+EBP],32
   675 00000805 EB BF                           	JMP	L170
   676 00000807                                 L169:
   677 00000807 85 D2                           	TEST	EDX,EDX
   678 00000809 78 0B                           	JS	L174
   679 0000080B 39 F2                           	CMP	EDX,ESI
   680 0000080D 7D 07                           	JGE	L174
   681 0000080F 88 8C 15 FFFFFF64               	MOV	BYTE [-156+EBP+EDX*1],CL
   682 00000816                                 L174:
   683 00000816 42                              	INC	EDX
   684 00000817 43                              	INC	EBX
   685 00000818 E9 FFFFFF0C                     	JMP	L166
   686 0000081D                                 L194:
   687 0000081D FF 75 1C                        	PUSH	DWORD [28+EBP]
   688 00000820 8D 85 FFFFFF64                  	LEA	EAX,DWORD [-156+EBP]
   689 00000826 43                              	INC	EBX
   690 00000827 50                              	PUSH	EAX
   691 00000828 57                              	PUSH	EDI
   692 00000829 56                              	PUSH	ESI
   693 0000082A 52                              	PUSH	EDX
   694 0000082B E8 000000ED                     	CALL	_puttab
   695 00000830 83 C4 14                        	ADD	ESP,20
   696 00000833 89 C2                           	MOV	EDX,EAX
   697 00000835 E9 FFFFFEEF                     	JMP	L166
   698 0000083A                                 L188:
   699 0000083A 8A 0B                           	MOV	CL,BYTE [EBX]
   700 0000083C 80 F9 09                        	CMP	CL,9
   701 0000083F 74 6A                           	JE	L197
   702 00000841 8D 41 7F                        	LEA	EAX,DWORD [127+ECX]
   703 00000844 3C 1E                           	CMP	AL,30
   704 00000846 76 07                           	JBE	L160
   705 00000848 8D 41 20                        	LEA	EAX,DWORD [32+ECX]
   706 0000084B 3C 1C                           	CMP	AL,28
   707 0000084D 77 46                           	JA	L159
   708 0000084F                                 L160:
   709 0000084F 83 FA FF                        	CMP	EDX,-1
   710 00000852 74 38                           	JE	L198
   711 00000854                                 L161:
   712 00000854 85 D2                           	TEST	EDX,EDX
   713 00000856 78 18                           	JS	L162
   714 00000858 8D 46 FF                        	LEA	EAX,DWORD [-1+ESI]
   715 0000085B 39 C2                           	CMP	EDX,EAX
   716 0000085D 7D 11                           	JGE	L162
   717 0000085F 88 8C 15 FFFFFF64               	MOV	BYTE [-156+EBP+EDX*1],CL
   718 00000866 8A 43 01                        	MOV	AL,BYTE [1+EBX]
   719 00000869 88 84 15 FFFFFF65               	MOV	BYTE [-155+EBP+EDX*1],AL
   720 00000870                                 L162:
   721 00000870 8D 46 FF                        	LEA	EAX,DWORD [-1+ESI]
   722 00000873 39 C2                           	CMP	EDX,EAX
   723 00000875 74 0B                           	JE	L199
   724 00000877                                 L163:
   725 00000877 83 C2 02                        	ADD	EDX,2
   726 0000087A 83 C3 02                        	ADD	EBX,2
   727 0000087D E9 FFFFFE9D                     	JMP	L156
   728 00000882                                 L199:
   729 00000882 C6 84 15 FFFFFF64 20            	MOV	BYTE [-156+EBP+EDX*1],32
   730 0000088A EB EB                           	JMP	L163
   731 0000088C                                 L198:
   732 0000088C C6 85 FFFFFF64 20               	MOV	BYTE [-156+EBP],32
   733 00000893 EB BF                           	JMP	L161
   734 00000895                                 L159:
   735 00000895 85 D2                           	TEST	EDX,EDX
   736 00000897 78 0B                           	JS	L165
   737 00000899 39 F2                           	CMP	EDX,ESI
   738 0000089B 7D 07                           	JGE	L165
   739 0000089D 88 8C 15 FFFFFF64               	MOV	BYTE [-156+EBP+EDX*1],CL
   740 000008A4                                 L165:
   741 000008A4 42                              	INC	EDX
   742 000008A5 43                              	INC	EBX
   743 000008A6 E9 FFFFFE74                     	JMP	L156
   744 000008AB                                 L197:
   745 000008AB FF 75 1C                        	PUSH	DWORD [28+EBP]
   746 000008AE 8D 85 FFFFFF64                  	LEA	EAX,DWORD [-156+EBP]
   747 000008B4 43                              	INC	EBX
   748 000008B5 50                              	PUSH	EAX
   749 000008B6 57                              	PUSH	EDI
   750 000008B7 56                              	PUSH	ESI
   751 000008B8 52                              	PUSH	EDX
   752 000008B9 E8 0000005F                     	CALL	_puttab
   753 000008BE 83 C4 14                        	ADD	ESP,20
   754 000008C1 89 C2                           	MOV	EDX,EAX
   755 000008C3 E9 FFFFFE57                     	JMP	L156
   756 000008C8                                 L187:
   757 000008C8 FF 75 1C                        	PUSH	DWORD [28+EBP]
   758 000008CB 8D 85 FFFFFF64                  	LEA	EAX,DWORD [-156+EBP]
   759 000008D1 50                              	PUSH	EAX
   760 000008D2 57                              	PUSH	EDI
   761 000008D3 56                              	PUSH	ESI
   762 000008D4 52                              	PUSH	EDX
   763 000008D5 E8 00000043                     	CALL	_puttab
   764 000008DA 83 C4 14                        	ADD	ESP,20
   765 000008DD 89 C2                           	MOV	EDX,EAX
   766 000008DF E9 FFFFFE30                     	JMP	L154
   767 000008E4                                 L186:
   768 000008E4 43                              	INC	EBX
   769 000008E5                                 L148:
   770 000008E5 39 F2                           	CMP	EDX,ESI
   771 000008E7 7E 02                           	JLE	L184
   772 000008E9 89 F2                           	MOV	EDX,ESI
   773 000008EB                                 L184:
   774 000008EB 85 D2                           	TEST	EDX,EDX
   775 000008ED 7E 24                           	JLE	L185
   776 000008EF 8D 85 FFFFFF64                  	LEA	EAX,DWORD [-156+EBP]
   777 000008F5 50                              	PUSH	EAX
   778 000008F6 8B 45 08                        	MOV	EAX,DWORD [8+EBP]
   779 000008F9 52                              	PUSH	EDX
   780 000008FA 40                              	INC	EAX
   781 000008FB 6A 00                           	PUSH	0
   782 000008FD FF 75 10                        	PUSH	DWORD [16+EBP]
   783 00000900 6A 08                           	PUSH	8
   784 00000902 50                              	PUSH	EAX
   785 00000903 C6 84 15 FFFFFF64 00            	MOV	BYTE [-156+EBP+EDX*1],0
   786 0000090B E8 [00000000]                   	CALL	_api_putstrwin
   787 00000910 83 C4 18                        	ADD	ESP,24
   788 00000913                                 L185:
   789 00000913 8D 65 F4                        	LEA	ESP,DWORD [-12+EBP]
   790 00000916 89 D8                           	MOV	EAX,EBX
   791 00000918 5B                              	POP	EBX
   792 00000919 5E                              	POP	ESI
   793 0000091A 5F                              	POP	EDI
   794 0000091B 5D                              	POP	EBP
   795 0000091C C3                              	RET
   796 0000091D                                 	GLOBAL	_puttab
   797 0000091D                                 _puttab:
   798 0000091D 55                              	PUSH	EBP
   799 0000091E 89 E5                           	MOV	EBP,ESP
   800 00000920 57                              	PUSH	EDI
   801 00000921 56                              	PUSH	ESI
   802 00000922 53                              	PUSH	EBX
   803 00000923 8B 4D 08                        	MOV	ECX,DWORD [8+EBP]
   804 00000926 8B 7D 10                        	MOV	EDI,DWORD [16+EBP]
   805 00000929 8B 75 14                        	MOV	ESI,DWORD [20+EBP]
   806 0000092C 8B 5D 18                        	MOV	EBX,DWORD [24+EBP]
   807 0000092F                                 L201:
   808 0000092F 85 C9                           	TEST	ECX,ECX
   809 00000931 78 09                           	JS	L204
   810 00000933 3B 4D 0C                        	CMP	ECX,DWORD [12+EBP]
   811 00000936 7D 04                           	JGE	L204
   812 00000938 C6 04 31 20                     	MOV	BYTE [ECX+ESI*1],32
   813 0000093C                                 L204:
   814 0000093C 41                              	INC	ECX
   815 0000093D 8D 04 0F                        	LEA	EAX,DWORD [EDI+ECX*1]
   816 00000940 99                              	CDQ
   817 00000941 F7 FB                           	IDIV	EBX
   818 00000943 85 D2                           	TEST	EDX,EDX
   819 00000945 75 E8                           	JNE	L201
   820 00000947 5B                              	POP	EBX
   821 00000948 89 C8                           	MOV	EAX,ECX
   822 0000094A 5E                              	POP	ESI
   823 0000094B 5F                              	POP	EDI
   824 0000094C 5D                              	POP	EBP
   825 0000094D C3                              	RET
