     1 00000000                                 [FORMAT "WCOFF"]
     2 00000000                                 [INSTRSET "i486p"]
     3 00000000                                 [OPTIMIZE 1]
     4 00000000                                 [OPTION 1]
     5 00000000                                 [BITS 32]
     6 00000000                                 	EXTERN	__alloca
     7 00000000                                 	EXTERN	_api_getlang
     8 00000000                                 	EXTERN	_api_initmalloc
     9 00000000                                 	EXTERN	_api_openwin
    10 00000000                                 	EXTERN	_api_boxfilwin
    11 00000000                                 	EXTERN	_api_fopen
    12 00000000                                 	EXTERN	_api_fsize
    13 00000000                                 	EXTERN	_api_fread
    14 00000000                                 	EXTERN	_api_fclose
    15 00000000                                 	EXTERN	_api_getkey
    16 00000000                                 	EXTERN	_api_end
    17 00000000                                 	EXTERN	_api_putstrwin
    18 00000000                                 	EXTERN	_api_putstr0
    19 00000000                                 [FILE "info.c"]
    20                                          [SECTION .data]
    21 00000000                                 LC0:
    22 00000000 B8 F6 C8 CB D0 C5 CF A2 00      	DB	0xB8,0xF6,0xC8,0xCB,0xD0,0xC5,0xCF,0xA2,0x00
    23 00000009                                 LC1:
    24 00000009 69 6E 66 6F 2E 74 78 74 00      	DB	"info.txt",0x00
    25 00000012                                 LC2:
    26 00000012 46 69 6C 65 20 6E 6F 74 20 66   	DB	"File not found.",0x0A,0x00
       0000001C 6F 75 6E 64 2E 0A 00 
    27                                          [SECTION .text]
    28 00000000                                 	GLOBAL	_HariMain
    29 00000000                                 _HariMain:
    30 00000000 55                              	PUSH	EBP
    31 00000001 B8 000F9404                     	MOV	EAX,1020932
    32 00000006 89 E5                           	MOV	EBP,ESP
    33 00000008 57                              	PUSH	EDI
    34 00000009 56                              	PUSH	ESI
    35 0000000A 53                              	PUSH	EBX
    36 0000000B E8 [00000000]                   	CALL	__alloca
    37 00000010 E8 [00000000]                   	CALL	_api_getlang
    38 00000015 E8 [00000000]                   	CALL	_api_initmalloc
    39 0000001A 8D 85 FFF42BF4                  	LEA	EAX,DWORD [-775180+EBP]
    40 00000020 68 [00000000]                   	PUSH	LC0
    41 00000025 6A FF                           	PUSH	-1
    42 00000027 68 000000C5                     	PUSH	197
    43 0000002C 68 00000100                     	PUSH	256
    44 00000031 50                              	PUSH	EAX
    45 00000032 E8 [00000000]                   	CALL	_api_openwin
    46 00000037 6A 07                           	PUSH	7
    47 00000039 68 000000BE                     	PUSH	190
    48 0000003E 68 000000FA                     	PUSH	250
    49 00000043 89 85 FFF06BF0                  	MOV	DWORD [-1020944+EBP],EAX
    50 00000049 6A 1B                           	PUSH	27
    51 0000004B 6A 06                           	PUSH	6
    52 0000004D 50                              	PUSH	EAX
    53 0000004E E8 [00000000]                   	CALL	_api_boxfilwin
    54 00000053 83 C4 2C                        	ADD	ESP,44
    55 00000056 68 [00000009]                   	PUSH	LC1
    56 0000005B E8 [00000000]                   	CALL	_api_fopen
    57 00000060 5B                              	POP	EBX
    58 00000061 89 C7                           	MOV	EDI,EAX
    59 00000063 85 C0                           	TEST	EAX,EAX
    60 00000065 0F 84 00000082                  	JE	L14
    61 0000006B                                 L2:
    62 0000006B 6A 00                           	PUSH	0
    63 0000006D 8D 9D FFF06BF4                  	LEA	EBX,DWORD [-1020940+EBP]
    64 00000073 57                              	PUSH	EDI
    65 00000074 E8 [00000000]                   	CALL	_api_fsize
    66 00000079 57                              	PUSH	EDI
    67 0000007A 89 C6                           	MOV	ESI,EAX
    68 0000007C 50                              	PUSH	EAX
    69 0000007D 53                              	PUSH	EBX
    70 0000007E E8 [00000000]                   	CALL	_api_fread
    71 00000083 57                              	PUSH	EDI
    72 00000084 E8 [00000000]                   	CALL	_api_fclose
    73 00000089 83 C4 18                        	ADD	ESP,24
    74 0000008C C6 84 35 FFF06BF5 00            	MOV	BYTE [-1020939+EBP+ESI*1],0
    75 00000094 89 D8                           	MOV	EAX,EBX
    76 00000096 80 BD FFF06BF4 00               	CMP	BYTE [-1020940+EBP],0
    77 0000009D 74 10                           	JE	L9
    78 0000009F BE 0000001D                     	MOV	ESI,29
    79 000000A4                                 L8:
    80 000000A4 80 3B 0D                        	CMP	BYTE [EBX],13
    81 000000A7 74 20                           	JE	L15
    82 000000A9                                 L5:
    83 000000A9 43                              	INC	EBX
    84 000000AA 80 3B 00                        	CMP	BYTE [EBX],0
    85 000000AD 75 F5                           	JNE	L8
    86 000000AF                                 L9:
    87 000000AF 6A 01                           	PUSH	1
    88 000000B1 E8 [00000000]                   	CALL	_api_getkey
    89 000000B6 5A                              	POP	EDX
    90 000000B7 83 F8 0A                        	CMP	EAX,10
    91 000000BA 75 F3                           	JNE	L9
    92 000000BC E8 [00000000]                   	CALL	_api_end
    93 000000C1 8D 65 F4                        	LEA	ESP,DWORD [-12+EBP]
    94 000000C4 5B                              	POP	EBX
    95 000000C5 5E                              	POP	ESI
    96 000000C6 5F                              	POP	EDI
    97 000000C7 5D                              	POP	EBP
    98 000000C8 C3                              	RET
    99 000000C9                                 L15:
   100 000000C9 89 DA                           	MOV	EDX,EBX
   101 000000CB C6 03 00                        	MOV	BYTE [EBX],0
   102 000000CE 29 C2                           	SUB	EDX,EAX
   103 000000D0 50                              	PUSH	EAX
   104 000000D1 52                              	PUSH	EDX
   105 000000D2 6A 00                           	PUSH	0
   106 000000D4 56                              	PUSH	ESI
   107 000000D5 83 C6 10                        	ADD	ESI,16
   108 000000D8 6A 08                           	PUSH	8
   109 000000DA FF B5 FFF06BF0                  	PUSH	DWORD [-1020944+EBP]
   110 000000E0 E8 [00000000]                   	CALL	_api_putstrwin
   111 000000E5 83 C4 18                        	ADD	ESP,24
   112 000000E8 8D 43 02                        	LEA	EAX,DWORD [2+EBX]
   113 000000EB EB BC                           	JMP	L5
   114 000000ED                                 L14:
   115 000000ED 68 [00000012]                   	PUSH	LC2
   116 000000F2 E8 [00000000]                   	CALL	_api_putstr0
   117 000000F7 E8 [00000000]                   	CALL	_api_end
   118 000000FC 59                              	POP	ECX
   119 000000FD E9 FFFFFF69                     	JMP	L2
