     1 00000000                                 [FORMAT "WCOFF"]
     2 00000000                                 [INSTRSET "i486p"]
     3 00000000                                 [OPTIMIZE 1]
     4 00000000                                 [OPTION 1]
     5 00000000                                 [BITS 32]
     6 00000000                                 	EXTERN	__alloca
     7 00000000                                 	EXTERN	_api_getlang
     8 00000000                                 	EXTERN	_api_cmdline
     9 00000000                                 	EXTERN	_api_putstr0
    10 00000000                                 	EXTERN	_api_end
    11 00000000                                 	EXTERN	_strtol
    12 00000000                                 	EXTERN	_api_openwin
    13 00000000                                 	EXTERN	_api_boxfilwin
    14 00000000                                 	EXTERN	_api_alloctimer
    15 00000000                                 	EXTERN	_api_inittimer
    16 00000000                                 	EXTERN	_api_settimer
    17 00000000                                 	EXTERN	_api_fopen
    18 00000000                                 	EXTERN	_api_fsize
    19 00000000                                 	EXTERN	_api_fread
    20 00000000                                 	EXTERN	_api_fclose
    21 00000000                                 	EXTERN	_api_getkey
    22 00000000                                 	EXTERN	_api_refreshwin
    23 00000000                                 	EXTERN	_api_putstrwin
    24 00000000                                 [FILE "tview.c"]
    25                                          [SECTION .data]
    26 00000000                                 LC0:
    27 00000000 20 3E 74 76 69 65 77 20 66 69   	DB	" >tview file [-w30 -h10 -t4]",0x0A,0x00
       0000000A 6C 65 20 5B 2D 77 33 30 20 2D 
       00000014 68 31 30 20 2D 74 34 5D 0A 00 
    28 0000001E                                 LC1:
    29 0000001E 74 76 69 65 77 00               	DB	"tview",0x00
    30 00000024                                 LC2:
    31 00000024 66 69 6C 65 20 6F 70 65 6E 20   	DB	"file open error.",0x0A,0x00
       0000002E 65 72 72 6F 72 2E 0A 00 
    32                                          [SECTION .text]
    33 00000000                                 	GLOBAL	_HariMain
    34 00000000                                 _HariMain:
    35 00000000 55                              	PUSH	EBP
    36 00000001 B8 000F9450                     	MOV	EAX,1021008
    37 00000006 89 E5                           	MOV	EBP,ESP
    38 00000008 57                              	PUSH	EDI
    39 00000009 56                              	PUSH	ESI
    40 0000000A 31 FF                           	XOR	EDI,EDI
    41 0000000C 53                              	PUSH	EBX
    42 0000000D 8D 9D FFF06BD4                  	LEA	EBX,DWORD [-1020972+EBP]
    43 00000013 E8 [00000000]                   	CALL	__alloca
    44 00000018 C7 85 FFF06BCC 0000001E         	MOV	DWORD [-1020980+EBP],30
    45 00000022 C7 85 FFF06BC8 0000000A         	MOV	DWORD [-1020984+EBP],10
    46 0000002C C7 85 FFF06BC4 00000004         	MOV	DWORD [-1020988+EBP],4
    47 00000036 C7 85 FFF06BC0 00000001         	MOV	DWORD [-1020992+EBP],1
    48 00000040 C7 85 FFF06BBC 00000001         	MOV	DWORD [-1020996+EBP],1
    49 0000004A E8 [00000000]                   	CALL	_api_getlang
    50 0000004F 6A 1E                           	PUSH	30
    51 00000051 53                              	PUSH	EBX
    52 00000052 89 85 FFF06BB4                  	MOV	DWORD [-1021004+EBP],EAX
    53 00000058 C7 85 FFF06BB0 00000000         	MOV	DWORD [-1021008+EBP],0
    54 00000062 C7 85 FFF06BAC 00000000         	MOV	DWORD [-1021012+EBP],0
    55 0000006C E8 [00000000]                   	CALL	_api_cmdline
    56 00000071 89 D9                           	MOV	ECX,EBX
    57 00000073 58                              	POP	EAX
    58 00000074 89 9D FFF06BD0                  	MOV	DWORD [-1020976+EBP],EBX
    59 0000007A 5A                              	POP	EDX
    60 0000007B 80 BD FFF06BD4 20               	CMP	BYTE [-1020972+EBP],32
    61 00000082 7E 19                           	JLE	L97
    62 00000084 8D 95 FFF06BD5                  	LEA	EDX,DWORD [-1020971+EBP]
    63 0000008A                                 L6:
    64 0000008A 89 D0                           	MOV	EAX,EDX
    65 0000008C 89 95 FFF06BD0                  	MOV	DWORD [-1020976+EBP],EDX
    66 00000092 8D 51 02                        	LEA	EDX,DWORD [2+ECX]
    67 00000095 89 C1                           	MOV	ECX,EAX
    68 00000097 80 7A FF 20                     	CMP	BYTE [-1+EDX],32
    69 0000009B 7F ED                           	JG	L6
    70 0000009D                                 L97:
    71 0000009D 8B 85 FFF06BD0                  	MOV	EAX,DWORD [-1020976+EBP]
    72 000000A3 80 38 00                        	CMP	BYTE [EAX],0
    73 000000A6 0F 84 0000012D                  	JE	L99
    74 000000AC FF B5 FFF06BD0                  	PUSH	DWORD [-1020976+EBP]
    75 000000B2 E8 000004AB                     	CALL	_skipspace
    76 000000B7 5E                              	POP	ESI
    77 000000B8 89 C2                           	MOV	EDX,EAX
    78 000000BA 89 85 FFF06BD0                  	MOV	DWORD [-1020976+EBP],EAX
    79 000000C0 8A 08                           	MOV	CL,BYTE [EAX]
    80 000000C2 80 F9 2D                        	CMP	CL,45
    81 000000C5 74 40                           	JE	L110
    82 000000C7 85 FF                           	TEST	EDI,EDI
    83 000000C9 74 12                           	JE	L111
    84 000000CB                                 L23:
    85 000000CB 68 [00000000]                   	PUSH	LC0
    86 000000D0 E8 [00000000]                   	CALL	_api_putstr0
    87 000000D5 E8 [00000000]                   	CALL	_api_end
    88 000000DA 5B                              	POP	EBX
    89 000000DB EB C0                           	JMP	L97
    90 000000DD                                 L111:
    91 000000DD 89 C7                           	MOV	EDI,EAX
    92 000000DF 80 F9 20                        	CMP	CL,32
    93 000000E2 7E 15                           	JLE	L101
    94 000000E4                                 L30:
    95 000000E4 8B 95 FFF06BD0                  	MOV	EDX,DWORD [-1020976+EBP]
    96 000000EA 8D 42 01                        	LEA	EAX,DWORD [1+EDX]
    97 000000ED 89 85 FFF06BD0                  	MOV	DWORD [-1020976+EBP],EAX
    98 000000F3 80 7A 01 20                     	CMP	BYTE [1+EDX],32
    99 000000F7 7F EB                           	JG	L30
   100 000000F9                                 L101:
   101 000000F9 8B 85 FFF06BD0                  	MOV	EAX,DWORD [-1020976+EBP]
   102 000000FF 89 85 FFF06BAC                  	MOV	DWORD [-1021012+EBP],EAX
   103 00000105 EB 96                           	JMP	L97
   104 00000107                                 L110:
   105 00000107 8A 40 01                        	MOV	AL,BYTE [1+EAX]
   106 0000010A 3C 77                           	CMP	AL,119
   107 0000010C 0F 84 00000081                  	JE	L112
   108 00000112 3C 68                           	CMP	AL,104
   109 00000114 74 36                           	JE	L113
   110 00000116 3C 74                           	CMP	AL,116
   111 00000118 75 B1                           	JNE	L23
   112 0000011A 6A 00                           	PUSH	0
   113 0000011C 8D 85 FFF06BD0                  	LEA	EAX,DWORD [-1020976+EBP]
   114 00000122 50                              	PUSH	EAX
   115 00000123 8D 42 02                        	LEA	EAX,DWORD [2+EDX]
   116 00000126 50                              	PUSH	EAX
   117 00000127 E8 [00000000]                   	CALL	_strtol
   118 0000012C 83 C4 0C                        	ADD	ESP,12
   119 0000012F 85 C0                           	TEST	EAX,EAX
   120 00000131 89 85 FFF06BC4                  	MOV	DWORD [-1020988+EBP],EAX
   121 00000137 0F 8F FFFFFF60                  	JG	L97
   122 0000013D C7 85 FFF06BC4 00000004         	MOV	DWORD [-1020988+EBP],4
   123 00000147 E9 FFFFFF51                     	JMP	L97
   124 0000014C                                 L113:
   125 0000014C 6A 00                           	PUSH	0
   126 0000014E 8D 85 FFF06BD0                  	LEA	EAX,DWORD [-1020976+EBP]
   127 00000154 50                              	PUSH	EAX
   128 00000155 8D 42 02                        	LEA	EAX,DWORD [2+EDX]
   129 00000158 50                              	PUSH	EAX
   130 00000159 E8 [00000000]                   	CALL	_strtol
   131 0000015E 83 C4 0C                        	ADD	ESP,12
   132 00000161 85 C0                           	TEST	EAX,EAX
   133 00000163 89 85 FFF06BC8                  	MOV	DWORD [-1020984+EBP],EAX
   134 00000169 7E 1C                           	JLE	L114
   135 0000016B                                 L17:
   136 0000016B 83 BD FFF06BC8 2D               	CMP	DWORD [-1020984+EBP],45
   137 00000172 0F 8E FFFFFF25                  	JLE	L97
   138 00000178 C7 85 FFF06BC8 0000002D         	MOV	DWORD [-1020984+EBP],45
   139 00000182 E9 FFFFFF16                     	JMP	L97
   140 00000187                                 L114:
   141 00000187 C7 85 FFF06BC8 00000001         	MOV	DWORD [-1020984+EBP],1
   142 00000191 EB D8                           	JMP	L17
   143 00000193                                 L112:
   144 00000193 6A 00                           	PUSH	0
   145 00000195 8D 85 FFF06BD0                  	LEA	EAX,DWORD [-1020976+EBP]
   146 0000019B 50                              	PUSH	EAX
   147 0000019C 8D 42 02                        	LEA	EAX,DWORD [2+EDX]
   148 0000019F 50                              	PUSH	EAX
   149 000001A0 E8 [00000000]                   	CALL	_strtol
   150 000001A5 83 C4 0C                        	ADD	ESP,12
   151 000001A8 83 F8 13                        	CMP	EAX,19
   152 000001AB 89 85 FFF06BCC                  	MOV	DWORD [-1020980+EBP],EAX
   153 000001B1 7F 0A                           	JG	L13
   154 000001B3 C7 85 FFF06BCC 00000014         	MOV	DWORD [-1020980+EBP],20
   155 000001BD                                 L13:
   156 000001BD 83 BD FFF06BCC 7E               	CMP	DWORD [-1020980+EBP],126
   157 000001C4 0F 8E FFFFFED3                  	JLE	L97
   158 000001CA C7 85 FFF06BCC 0000007E         	MOV	DWORD [-1020980+EBP],126
   159 000001D4 E9 FFFFFEC4                     	JMP	L97
   160 000001D9                                 L99:
   161 000001D9 85 FF                           	TEST	EDI,EDI
   162 000001DB 0F 84 FFFFFEEA                  	JE	L23
   163 000001E1 8B B5 FFF06BC8                  	MOV	ESI,DWORD [-1020984+EBP]
   164 000001E7 8B 9D FFF06BCC                  	MOV	EBX,DWORD [-1020980+EBP]
   165 000001ED C1 E6 04                        	SAL	ESI,4
   166 000001F0 68 [0000001E]                   	PUSH	LC1
   167 000001F5 C1 E3 03                        	SAL	EBX,3
   168 000001F8 6A FF                           	PUSH	-1
   169 000001FA 8D 46 25                        	LEA	EAX,DWORD [37+ESI]
   170 000001FD 83 C6 1E                        	ADD	ESI,30
   171 00000200 50                              	PUSH	EAX
   172 00000201 8D 43 10                        	LEA	EAX,DWORD [16+EBX]
   173 00000204 50                              	PUSH	EAX
   174 00000205 83 C3 09                        	ADD	EBX,9
   175 00000208 8D 85 FFF42BF4                  	LEA	EAX,DWORD [-775180+EBP]
   176 0000020E 50                              	PUSH	EAX
   177 0000020F E8 [00000000]                   	CALL	_api_openwin
   178 00000214 6A 07                           	PUSH	7
   179 00000216 56                              	PUSH	ESI
   180 00000217 53                              	PUSH	EBX
   181 00000218 89 85 FFF06BB8                  	MOV	DWORD [-1021000+EBP],EAX
   182 0000021E 6A 1B                           	PUSH	27
   183 00000220 6A 06                           	PUSH	6
   184 00000222 50                              	PUSH	EAX
   185 00000223 E8 [00000000]                   	CALL	_api_boxfilwin
   186 00000228 83 C4 2C                        	ADD	ESP,44
   187 0000022B C7 85 FFF06BA4 00000000         	MOV	DWORD [-1021020+EBP],0
   188 00000235 E8 [00000000]                   	CALL	_api_alloctimer
   189 0000023A 6A 00                           	PUSH	0
   190 0000023C 50                              	PUSH	EAX
   191 0000023D 89 85 FFF06BA8                  	MOV	DWORD [-1021016+EBP],EAX
   192 00000243 E8 [00000000]                   	CALL	_api_inittimer
   193 00000248 6A 32                           	PUSH	50
   194 0000024A FF B5 FFF06BA8                  	PUSH	DWORD [-1021016+EBP]
   195 00000250 E8 [00000000]                   	CALL	_api_settimer
   196 00000255 8B 8D FFF06BAC                  	MOV	ECX,DWORD [-1021012+EBP]
   197 0000025B C6 01 00                        	MOV	BYTE [ECX],0
   198 0000025E 57                              	PUSH	EDI
   199 0000025F E8 [00000000]                   	CALL	_api_fopen
   200 00000264 83 C4 14                        	ADD	ESP,20
   201 00000267 89 C7                           	MOV	EDI,EAX
   202 00000269 85 C0                           	TEST	EAX,EAX
   203 0000026B 75 10                           	JNE	L33
   204 0000026D 68 [00000024]                   	PUSH	LC2
   205 00000272 E8 [00000000]                   	CALL	_api_putstr0
   206 00000277 E8 [00000000]                   	CALL	_api_end
   207 0000027C 59                              	POP	ECX
   208 0000027D                                 L33:
   209 0000027D 6A 00                           	PUSH	0
   210 0000027F 57                              	PUSH	EDI
   211 00000280 E8 [00000000]                   	CALL	_api_fsize
   212 00000285 89 C6                           	MOV	ESI,EAX
   213 00000287 58                              	POP	EAX
   214 00000288 5A                              	POP	EDX
   215 00000289 81 FE 0003BFFE                  	CMP	ESI,245758
   216 0000028F 7E 05                           	JLE	L34
   217 00000291 BE 0003BFFE                     	MOV	ESI,245758
   218 00000296                                 L34:
   219 00000296 57                              	PUSH	EDI
   220 00000297 8D 9D FFF06BF5                  	LEA	EBX,DWORD [-1020939+EBP]
   221 0000029D 56                              	PUSH	ESI
   222 0000029E 53                              	PUSH	EBX
   223 0000029F C6 85 FFF06BF4 0A               	MOV	BYTE [-1020940+EBP],10
   224 000002A6 E8 [00000000]                   	CALL	_api_fread
   225 000002AB 57                              	PUSH	EDI
   226 000002AC 89 DF                           	MOV	EDI,EBX
   227 000002AE E8 [00000000]                   	CALL	_api_fclose
   228 000002B3 C6 84 35 FFF06BF5 00            	MOV	BYTE [-1020939+EBP+ESI*1],0
   229 000002BB 83 C4 10                        	ADD	ESP,16
   230 000002BE 89 9D FFF06BD0                  	MOV	DWORD [-1020976+EBP],EBX
   231 000002C4 80 BD FFF06BF5 00               	CMP	BYTE [-1020939+EBP],0
   232 000002CB 74 24                           	JE	L103
   233 000002CD                                 L40:
   234 000002CD 8B 85 FFF06BD0                  	MOV	EAX,DWORD [-1020976+EBP]
   235 000002D3 8A 00                           	MOV	AL,BYTE [EAX]
   236 000002D5 3C 0D                           	CMP	AL,13
   237 000002D7 74 03                           	JE	L37
   238 000002D9 88 07                           	MOV	BYTE [EDI],AL
   239 000002DB 47                              	INC	EDI
   240 000002DC                                 L37:
   241 000002DC 8B 95 FFF06BD0                  	MOV	EDX,DWORD [-1020976+EBP]
   242 000002E2 8D 42 01                        	LEA	EAX,DWORD [1+EDX]
   243 000002E5 89 85 FFF06BD0                  	MOV	DWORD [-1020976+EBP],EAX
   244 000002EB 80 7A 01 00                     	CMP	BYTE [1+EDX],0
   245 000002EF 75 DC                           	JNE	L40
   246 000002F1                                 L103:
   247 000002F1 8D 85 FFF06BF5                  	LEA	EAX,DWORD [-1020939+EBP]
   248 000002F7 C6 07 00                        	MOV	BYTE [EDI],0
   249 000002FA 89 85 FFF06BD0                  	MOV	DWORD [-1020976+EBP],EAX
   250 00000300                                 L41:
   251 00000300 FF B5 FFF06BB4                  	PUSH	DWORD [-1021004+EBP]
   252 00000306 FF B5 FFF06BC4                  	PUSH	DWORD [-1020988+EBP]
   253 0000030C FF B5 FFF06BD0                  	PUSH	DWORD [-1020976+EBP]
   254 00000312 FF B5 FFF06BB0                  	PUSH	DWORD [-1021008+EBP]
   255 00000318 FF B5 FFF06BC8                  	PUSH	DWORD [-1020984+EBP]
   256 0000031E FF B5 FFF06BCC                  	PUSH	DWORD [-1020980+EBP]
   257 00000324 FF B5 FFF06BB8                  	PUSH	DWORD [-1021000+EBP]
   258 0000032A E8 00000248                     	CALL	_textview
   259 0000032F 6A 01                           	PUSH	1
   260 00000331 E8 [00000000]                   	CALL	_api_getkey
   261 00000336 83 C4 20                        	ADD	ESP,32
   262 00000339 89 C7                           	MOV	EDI,EAX
   263 0000033B 83 F8 01                        	CMP	EAX,1
   264 0000033E 0F 84 000001F2                  	JE	L115
   265 00000344                                 L44:
   266 00000344 85 FF                           	TEST	EDI,EDI
   267 00000346 75 27                           	JNE	L45
   268 00000348 6A 01                           	PUSH	1
   269 0000034A FF B5 FFF06BA8                  	PUSH	DWORD [-1021016+EBP]
   270 00000350 C7 85 FFF06BA4 00000000         	MOV	DWORD [-1021020+EBP],0
   271 0000035A E8 [00000000]                   	CALL	_api_inittimer
   272 0000035F 6A 32                           	PUSH	50
   273 00000361 FF B5 FFF06BA8                  	PUSH	DWORD [-1021016+EBP]
   274 00000367 E8 [00000000]                   	CALL	_api_settimer
   275 0000036C 83 C4 10                        	ADD	ESP,16
   276 0000036F                                 L45:
   277 0000036F FF B5 FFF06BA4                  	PUSH	DWORD [-1021020+EBP]
   278 00000375 6A 2B                           	PUSH	43
   279 00000377 6A 07                           	PUSH	7
   280 00000379 6A 1B                           	PUSH	27
   281 0000037B 6A 06                           	PUSH	6
   282 0000037D FF B5 FFF06BB8                  	PUSH	DWORD [-1021000+EBP]
   283 00000383 E8 [00000000]                   	CALL	_api_boxfilwin
   284 00000388 83 C4 18                        	ADD	ESP,24
   285 0000038B 83 FF 51                        	CMP	EDI,81
   286 0000038E 0F 84 00000198                  	JE	L47
   287 00000394 83 FF 71                        	CMP	EDI,113
   288 00000397 0F 84 0000018F                  	JE	L47
   289 0000039D                                 L46:
   290 0000039D 8D 4F BF                        	LEA	ECX,DWORD [-65+EDI]
   291 000003A0 83 F9 05                        	CMP	ECX,5
   292 000003A3 77 10                           	JA	L48
   293 000003A5 C7 85 FFF06BC0 00000001         	MOV	DWORD [-1020992+EBP],1
   294 000003AF D3 A5 FFF06BC0                  	SAL	DWORD [-1020992+EBP],CL
   295 000003B5                                 L48:
   296 000003B5 8D 4F 9F                        	LEA	ECX,DWORD [-97+EDI]
   297 000003B8 83 F9 05                        	CMP	ECX,5
   298 000003BB 77 10                           	JA	L49
   299 000003BD C7 85 FFF06BBC 00000001         	MOV	DWORD [-1020996+EBP],1
   300 000003C7 D3 A5 FFF06BBC                  	SAL	DWORD [-1020996+EBP],CL
   301 000003CD                                 L49:
   302 000003CD 83 FF 3C                        	CMP	EDI,60
   303 000003D0 0F 84 0000012E                  	JE	L116
   304 000003D6                                 L50:
   305 000003D6 83 FF 3E                        	CMP	EDI,62
   306 000003D9 0F 84 0000010A                  	JE	L117
   307 000003DF                                 L51:
   308 000003DF 83 FF 34                        	CMP	EDI,52
   309 000003E2 0F 84 000000D5                  	JE	L53
   310 000003E8                                 L52:
   311 000003E8 83 FF 36                        	CMP	EDI,54
   312 000003EB 0F 84 000000AE                  	JE	L59
   313 000003F1                                 L58:
   314 000003F1 83 FF 38                        	CMP	EDI,56
   315 000003F4 74 52                           	JE	L64
   316 000003F6                                 L63:
   317 000003F6 83 FF 32                        	CMP	EDI,50
   318 000003F9                                 L109:
   319 000003F9 0F 85 FFFFFF01                  	JNE	L41
   320 000003FF 31 F6                           	XOR	ESI,ESI
   321 00000401 3B B5 FFF06BBC                  	CMP	ESI,DWORD [-1020996+EBP]
   322 00000407 7D 32                           	JGE	L84
   323 00000409                                 L94:
   324 00000409 8B BD FFF06BD0                  	MOV	EDI,DWORD [-1020976+EBP]
   325 0000040F 8A 07                           	MOV	AL,BYTE [EDI]
   326 00000411 84 C0                           	TEST	AL,AL
   327 00000413 74 0F                           	JE	L88
   328 00000415 3C 0A                           	CMP	AL,10
   329 00000417 74 0B                           	JE	L88
   330 00000419                                 L92:
   331 00000419 47                              	INC	EDI
   332 0000041A 8A 07                           	MOV	AL,BYTE [EDI]
   333 0000041C 84 C0                           	TEST	AL,AL
   334 0000041E 74 04                           	JE	L88
   335 00000420 3C 0A                           	CMP	AL,10
   336 00000422 75 F5                           	JNE	L92
   337 00000424                                 L88:
   338 00000424 80 3F 00                        	CMP	BYTE [EDI],0
   339 00000427 74 12                           	JE	L84
   340 00000429 8D 47 01                        	LEA	EAX,DWORD [1+EDI]
   341 0000042C 46                              	INC	ESI
   342 0000042D 89 85 FFF06BD0                  	MOV	DWORD [-1020976+EBP],EAX
   343 00000433 3B B5 FFF06BBC                  	CMP	ESI,DWORD [-1020996+EBP]
   344 00000439 7C CE                           	JL	L94
   345 0000043B                                 L84:
   346 0000043B 6A 00                           	PUSH	0
   347 0000043D E8 [00000000]                   	CALL	_api_getkey
   348 00000442 5A                              	POP	EDX
   349 00000443 83 F8 32                        	CMP	EAX,50
   350 00000446 EB B1                           	JMP	L109
   351 00000448                                 L64:
   352 00000448 31 F6                           	XOR	ESI,ESI
   353 0000044A 3B B5 FFF06BBC                  	CMP	ESI,DWORD [-1020996+EBP]
   354 00000450 7D 3B                           	JGE	L68
   355 00000452                                 L77:
   356 00000452 8D 85 FFF06BF5                  	LEA	EAX,DWORD [-1020939+EBP]
   357 00000458 8B 95 FFF06BD0                  	MOV	EDX,DWORD [-1020976+EBP]
   358 0000045E 39 C2                           	CMP	EDX,EAX
   359 00000460 74 2B                           	JE	L68
   360 00000462 8D 42 FF                        	LEA	EAX,DWORD [-1+EDX]
   361 00000465 89 85 FFF06BD0                  	MOV	DWORD [-1020976+EBP],EAX
   362 0000046B 80 78 FF 0A                     	CMP	BYTE [-1+EAX],10
   363 0000046F 74 13                           	JE	L106
   364 00000471                                 L76:
   365 00000471 8B 85 FFF06BD0                  	MOV	EAX,DWORD [-1020976+EBP]
   366 00000477 48                              	DEC	EAX
   367 00000478 89 85 FFF06BD0                  	MOV	DWORD [-1020976+EBP],EAX
   368 0000047E 80 78 FF 0A                     	CMP	BYTE [-1+EAX],10
   369 00000482 75 ED                           	JNE	L76
   370 00000484                                 L106:
   371 00000484 46                              	INC	ESI
   372 00000485 3B B5 FFF06BBC                  	CMP	ESI,DWORD [-1020996+EBP]
   373 0000048B 7C C5                           	JL	L77
   374 0000048D                                 L68:
   375 0000048D 6A 00                           	PUSH	0
   376 0000048F E8 [00000000]                   	CALL	_api_getkey
   377 00000494 59                              	POP	ECX
   378 00000495 83 F8 38                        	CMP	EAX,56
   379 00000498 74 AE                           	JE	L64
   380 0000049A E9 FFFFFF57                     	JMP	L63
   381 0000049F                                 L59:
   382 0000049F 8B 8D FFF06BC0                  	MOV	ECX,DWORD [-1020992+EBP]
   383 000004A5 6A 00                           	PUSH	0
   384 000004A7 01 8D FFF06BB0                  	ADD	DWORD [-1021008+EBP],ECX
   385 000004AD E8 [00000000]                   	CALL	_api_getkey
   386 000004B2 83 F8 36                        	CMP	EAX,54
   387 000004B5 5B                              	POP	EBX
   388 000004B6 74 E7                           	JE	L59
   389 000004B8 E9 FFFFFF34                     	JMP	L58
   390 000004BD                                 L53:
   391 000004BD 8B 85 FFF06BC0                  	MOV	EAX,DWORD [-1020992+EBP]
   392 000004C3 29 85 FFF06BB0                  	SUB	DWORD [-1021008+EBP],EAX
   393 000004C9 78 12                           	JS	L118
   394 000004CB                                 L56:
   395 000004CB 6A 00                           	PUSH	0
   396 000004CD E8 [00000000]                   	CALL	_api_getkey
   397 000004D2 5E                              	POP	ESI
   398 000004D3 83 F8 34                        	CMP	EAX,52
   399 000004D6 74 E5                           	JE	L53
   400 000004D8 E9 FFFFFF0B                     	JMP	L52
   401 000004DD                                 L118:
   402 000004DD C7 85 FFF06BB0 00000000         	MOV	DWORD [-1021008+EBP],0
   403 000004E7 EB E2                           	JMP	L56
   404 000004E9                                 L117:
   405 000004E9 81 BD FFF06BC4 000000FF         	CMP	DWORD [-1020988+EBP],255
   406 000004F3 0F 8F FFFFFEE6                  	JG	L51
   407 000004F9 D1 A5 FFF06BC4                  	SAL	DWORD [-1020988+EBP],1
   408 000004FF E9 FFFFFEDB                     	JMP	L51
   409 00000504                                 L116:
   410 00000504 83 BD FFF06BC4 01               	CMP	DWORD [-1020988+EBP],1
   411 0000050B 0F 8E FFFFFEC5                  	JLE	L50
   412 00000511 8B 85 FFF06BC4                  	MOV	EAX,DWORD [-1020988+EBP]
   413 00000517 BA 00000002                     	MOV	EDX,2
   414 0000051C 89 D1                           	MOV	ECX,EDX
   415 0000051E 99                              	CDQ
   416 0000051F F7 F9                           	IDIV	ECX
   417 00000521 89 85 FFF06BC4                  	MOV	DWORD [-1020988+EBP],EAX
   418 00000527 E9 FFFFFEAA                     	JMP	L50
   419 0000052C                                 L47:
   420 0000052C E8 [00000000]                   	CALL	_api_end
   421 00000531 E9 FFFFFE67                     	JMP	L46
   422 00000536                                 L115:
   423 00000536 6A 00                           	PUSH	0
   424 00000538 FF B5 FFF06BA8                  	PUSH	DWORD [-1021016+EBP]
   425 0000053E C7 85 FFF06BA4 00000007         	MOV	DWORD [-1021020+EBP],7
   426 00000548 E8 [00000000]                   	CALL	_api_inittimer
   427 0000054D 6A 32                           	PUSH	50
   428 0000054F FF B5 FFF06BA8                  	PUSH	DWORD [-1021016+EBP]
   429 00000555 E8 [00000000]                   	CALL	_api_settimer
   430 0000055A 83 C4 10                        	ADD	ESP,16
   431 0000055D E9 FFFFFDE2                     	JMP	L44
   432 00000562                                 	GLOBAL	_skipspace
   433 00000562                                 _skipspace:
   434 00000562 55                              	PUSH	EBP
   435 00000563 89 E5                           	MOV	EBP,ESP
   436 00000565 8B 45 08                        	MOV	EAX,DWORD [8+EBP]
   437 00000568 80 38 20                        	CMP	BYTE [EAX],32
   438 0000056B 74 02                           	JE	L124
   439 0000056D                                 L126:
   440 0000056D 5D                              	POP	EBP
   441 0000056E C3                              	RET
   442 0000056F                                 L124:
   443 0000056F 40                              	INC	EAX
   444 00000570 80 38 20                        	CMP	BYTE [EAX],32
   445 00000573 74 FA                           	JE	L124
   446 00000575 EB F6                           	JMP	L126
   447 00000577                                 	GLOBAL	_textview
   448 00000577                                 _textview:
   449 00000577 55                              	PUSH	EBP
   450 00000578 89 E5                           	MOV	EBP,ESP
   451 0000057A 57                              	PUSH	EDI
   452 0000057B 56                              	PUSH	ESI
   453 0000057C 53                              	PUSH	EBX
   454 0000057D 83 EC 18                        	SUB	ESP,24
   455 00000580 8B 45 08                        	MOV	EAX,DWORD [8+EBP]
   456 00000583 8B 55 0C                        	MOV	EDX,DWORD [12+EBP]
   457 00000586 89 45 F0                        	MOV	DWORD [-16+EBP],EAX
   458 00000589 8B 75 10                        	MOV	ESI,DWORD [16+EBP]
   459 0000058C 8B 45 14                        	MOV	EAX,DWORD [20+EBP]
   460 0000058F 89 55 EC                        	MOV	DWORD [-20+EBP],EDX
   461 00000592 89 45 E8                        	MOV	DWORD [-24+EBP],EAX
   462 00000595 8B 55 18                        	MOV	EDX,DWORD [24+EBP]
   463 00000598 8B 45 1C                        	MOV	EAX,DWORD [28+EBP]
   464 0000059B 89 55 E4                        	MOV	DWORD [-28+EBP],EDX
   465 0000059E 89 45 E0                        	MOV	DWORD [-32+EBP],EAX
   466 000005A1 8B 55 20                        	MOV	EDX,DWORD [32+EBP]
   467 000005A4 89 F0                           	MOV	EAX,ESI
   468 000005A6 89 55 DC                        	MOV	DWORD [-36+EBP],EDX
   469 000005A9 C1 E0 04                        	SAL	EAX,4
   470 000005AC 6A 07                           	PUSH	7
   471 000005AE 83 C0 1C                        	ADD	EAX,28
   472 000005B1 50                              	PUSH	EAX
   473 000005B2 8B 55 EC                        	MOV	EDX,DWORD [-20+EBP]
   474 000005B5 8D 04 D5 00000007               	LEA	EAX,DWORD [7+EDX*8]
   475 000005BC 50                              	PUSH	EAX
   476 000005BD 6A 1D                           	PUSH	29
   477 000005BF 6A 08                           	PUSH	8
   478 000005C1 8B 45 F0                        	MOV	EAX,DWORD [-16+EBP]
   479 000005C4 40                              	INC	EAX
   480 000005C5 50                              	PUSH	EAX
   481 000005C6 E8 [00000000]                   	CALL	_api_boxfilwin
   482 000005CB 83 C4 18                        	ADD	ESP,24
   483 000005CE 85 F6                           	TEST	ESI,ESI
   484 000005D0 7E 2B                           	JLE	L134
   485 000005D2 BF 0000001D                     	MOV	EDI,29
   486 000005D7 89 F3                           	MOV	EBX,ESI
   487 000005D9                                 L132:
   488 000005D9 FF 75 DC                        	PUSH	DWORD [-36+EBP]
   489 000005DC FF 75 E0                        	PUSH	DWORD [-32+EBP]
   490 000005DF FF 75 E4                        	PUSH	DWORD [-28+EBP]
   491 000005E2 FF 75 E8                        	PUSH	DWORD [-24+EBP]
   492 000005E5 57                              	PUSH	EDI
   493 000005E6 83 C7 10                        	ADD	EDI,16
   494 000005E9 FF 75 EC                        	PUSH	DWORD [-20+EBP]
   495 000005EC FF 75 F0                        	PUSH	DWORD [-16+EBP]
   496 000005EF E8 0000003F                     	CALL	_lineview
   497 000005F4 83 C4 1C                        	ADD	ESP,28
   498 000005F7 4B                              	DEC	EBX
   499 000005F8 89 45 E4                        	MOV	DWORD [-28+EBP],EAX
   500 000005FB 75 DC                           	JNE	L132
   501 000005FD                                 L134:
   502 000005FD C1 E6 04                        	SAL	ESI,4
   503 00000600 8B 55 EC                        	MOV	EDX,DWORD [-20+EBP]
   504 00000603 C7 45 10 0000001D               	MOV	DWORD [16+EBP],29
   505 0000060A 8D 46 1D                        	LEA	EAX,DWORD [29+ESI]
   506 0000060D 89 45 18                        	MOV	DWORD [24+EBP],EAX
   507 00000610 8D 04 D5 00000008               	LEA	EAX,DWORD [8+EDX*8]
   508 00000617 89 45 14                        	MOV	DWORD [20+EBP],EAX
   509 0000061A 8B 45 F0                        	MOV	EAX,DWORD [-16+EBP]
   510 0000061D C7 45 0C 00000008               	MOV	DWORD [12+EBP],8
   511 00000624 89 45 08                        	MOV	DWORD [8+EBP],EAX
   512 00000627 8D 65 F4                        	LEA	ESP,DWORD [-12+EBP]
   513 0000062A 5B                              	POP	EBX
   514 0000062B 5E                              	POP	ESI
   515 0000062C 5F                              	POP	EDI
   516 0000062D 5D                              	POP	EBP
   517 0000062E E9 [00000000]                   	JMP	_api_refreshwin
   518 00000633                                 	GLOBAL	_lineview
   519 00000633                                 _lineview:
   520 00000633 55                              	PUSH	EBP
   521 00000634 89 E5                           	MOV	EBP,ESP
   522 00000636 57                              	PUSH	EDI
   523 00000637 56                              	PUSH	ESI
   524 00000638 53                              	PUSH	EBX
   525 00000639 81 EC 00000090                  	SUB	ESP,144
   526 0000063F 8B 7D 14                        	MOV	EDI,DWORD [20+EBP]
   527 00000642 8B 75 0C                        	MOV	ESI,DWORD [12+EBP]
   528 00000645 89 FA                           	MOV	EDX,EDI
   529 00000647 8B 5D 18                        	MOV	EBX,DWORD [24+EBP]
   530 0000064A F7 DA                           	NEG	EDX
   531 0000064C                                 L136:
   532 0000064C 8A 03                           	MOV	AL,BYTE [EBX]
   533 0000064E 84 C0                           	TEST	AL,AL
   534 00000650 0F 84 000001F7                  	JE	L137
   535 00000656 3C 0A                           	CMP	AL,10
   536 00000658 0F 84 000001EE                  	JE	L175
   537 0000065E 83 7D 20 00                     	CMP	DWORD [32+EBP],0
   538 00000662 75 19                           	JNE	L141
   539 00000664 3C 09                           	CMP	AL,9
   540 00000666 0F 84 000001C4                  	JE	L176
   541 0000066C 85 D2                           	TEST	EDX,EDX
   542 0000066E 78 0B                           	JS	L144
   543 00000670 39 F2                           	CMP	EDX,ESI
   544 00000672 7D 07                           	JGE	L144
   545 00000674 88 84 15 FFFFFF64               	MOV	BYTE [-156+EBP+EDX*1],AL
   546 0000067B                                 L144:
   547 0000067B 42                              	INC	EDX
   548 0000067C                                 L143:
   549 0000067C 43                              	INC	EBX
   550 0000067D                                 L141:
   551 0000067D 83 7D 20 01                     	CMP	DWORD [32+EBP],1
   552 00000681 0F 84 0000011B                  	JE	L177
   553 00000687                                 L145:
   554 00000687 83 7D 20 02                     	CMP	DWORD [32+EBP],2
   555 0000068B 0F 84 0000008A                  	JE	L178
   556 00000691                                 L155:
   557 00000691 83 7D 20 03                     	CMP	DWORD [32+EBP],3
   558 00000695 75 B5                           	JNE	L136
   559 00000697 8A 0B                           	MOV	CL,BYTE [EBX]
   560 00000699 80 F9 09                        	CMP	CL,9
   561 0000069C 74 60                           	JE	L179
   562 0000069E 8D 41 5F                        	LEA	EAX,DWORD [95+ECX]
   563 000006A1 3C 5D                           	CMP	AL,93
   564 000006A3 76 13                           	JBE	L180
   565 000006A5 85 D2                           	TEST	EDX,EDX
   566 000006A7 78 0B                           	JS	L172
   567 000006A9 39 F2                           	CMP	EDX,ESI
   568 000006AB 7D 07                           	JGE	L172
   569 000006AD 88 8C 15 FFFFFF64               	MOV	BYTE [-156+EBP+EDX*1],CL
   570 000006B4                                 L172:
   571 000006B4 42                              	INC	EDX
   572 000006B5 43                              	INC	EBX
   573 000006B6 EB 94                           	JMP	L136
   574 000006B8                                 L180:
   575 000006B8 83 FA FF                        	CMP	EDX,-1
   576 000006BB 74 38                           	JE	L181
   577 000006BD                                 L168:
   578 000006BD 85 D2                           	TEST	EDX,EDX
   579 000006BF 78 18                           	JS	L169
   580 000006C1 8D 46 FF                        	LEA	EAX,DWORD [-1+ESI]
   581 000006C4 39 C2                           	CMP	EDX,EAX
   582 000006C6 7D 11                           	JGE	L169
   583 000006C8 88 8C 15 FFFFFF64               	MOV	BYTE [-156+EBP+EDX*1],CL
   584 000006CF 8A 43 01                        	MOV	AL,BYTE [1+EBX]
   585 000006D2 88 84 15 FFFFFF65               	MOV	BYTE [-155+EBP+EDX*1],AL
   586 000006D9                                 L169:
   587 000006D9 8D 46 FF                        	LEA	EAX,DWORD [-1+ESI]
   588 000006DC 39 C2                           	CMP	EDX,EAX
   589 000006DE 74 0B                           	JE	L182
   590 000006E0                                 L170:
   591 000006E0 83 C2 02                        	ADD	EDX,2
   592 000006E3 83 C3 02                        	ADD	EBX,2
   593 000006E6 E9 FFFFFF61                     	JMP	L136
   594 000006EB                                 L182:
   595 000006EB C6 84 15 FFFFFF64 20            	MOV	BYTE [-156+EBP+EDX*1],32
   596 000006F3 EB EB                           	JMP	L170
   597 000006F5                                 L181:
   598 000006F5 C6 85 FFFFFF64 20               	MOV	BYTE [-156+EBP],32
   599 000006FC EB BF                           	JMP	L168
   600 000006FE                                 L179:
   601 000006FE FF 75 1C                        	PUSH	DWORD [28+EBP]
   602 00000701 8D 85 FFFFFF64                  	LEA	EAX,DWORD [-156+EBP]
   603 00000707 43                              	INC	EBX
   604 00000708 50                              	PUSH	EAX
   605 00000709 57                              	PUSH	EDI
   606 0000070A 56                              	PUSH	ESI
   607 0000070B 52                              	PUSH	EDX
   608 0000070C E8 00000174                     	CALL	_puttab
   609 00000711 83 C4 14                        	ADD	ESP,20
   610 00000714 89 C2                           	MOV	EDX,EAX
   611 00000716 E9 FFFFFF31                     	JMP	L136
   612 0000071B                                 L178:
   613 0000071B 8A 0B                           	MOV	CL,BYTE [EBX]
   614 0000071D 80 F9 09                        	CMP	CL,9
   615 00000720 74 63                           	JE	L183
   616 00000722 8D 41 5F                        	LEA	EAX,DWORD [95+ECX]
   617 00000725 3C 5D                           	CMP	AL,93
   618 00000727 77 46                           	JA	L158
   619 00000729 83 FA FF                        	CMP	EDX,-1
   620 0000072C 74 38                           	JE	L184
   621 0000072E                                 L159:
   622 0000072E 85 D2                           	TEST	EDX,EDX
   623 00000730 78 18                           	JS	L160
   624 00000732 8D 46 FF                        	LEA	EAX,DWORD [-1+ESI]
   625 00000735 39 C2                           	CMP	EDX,EAX
   626 00000737 7D 11                           	JGE	L160
   627 00000739 88 8C 15 FFFFFF64               	MOV	BYTE [-156+EBP+EDX*1],CL
   628 00000740 8A 43 01                        	MOV	AL,BYTE [1+EBX]
   629 00000743 88 84 15 FFFFFF65               	MOV	BYTE [-155+EBP+EDX*1],AL
   630 0000074A                                 L160:
   631 0000074A 8D 46 FF                        	LEA	EAX,DWORD [-1+ESI]
   632 0000074D 39 C2                           	CMP	EDX,EAX
   633 0000074F 74 0B                           	JE	L185
   634 00000751                                 L161:
   635 00000751 83 C2 02                        	ADD	EDX,2
   636 00000754 83 C3 02                        	ADD	EBX,2
   637 00000757 E9 FFFFFF35                     	JMP	L155
   638 0000075C                                 L185:
   639 0000075C C6 84 15 FFFFFF64 20            	MOV	BYTE [-156+EBP+EDX*1],32
   640 00000764 EB EB                           	JMP	L161
   641 00000766                                 L184:
   642 00000766 C6 85 FFFFFF64 20               	MOV	BYTE [-156+EBP],32
   643 0000076D EB BF                           	JMP	L159
   644 0000076F                                 L158:
   645 0000076F 85 D2                           	TEST	EDX,EDX
   646 00000771 78 0B                           	JS	L163
   647 00000773 39 F2                           	CMP	EDX,ESI
   648 00000775 7D 07                           	JGE	L163
   649 00000777 88 8C 15 FFFFFF64               	MOV	BYTE [-156+EBP+EDX*1],CL
   650 0000077E                                 L163:
   651 0000077E 42                              	INC	EDX
   652 0000077F 43                              	INC	EBX
   653 00000780 E9 FFFFFF0C                     	JMP	L155
   654 00000785                                 L183:
   655 00000785 FF 75 1C                        	PUSH	DWORD [28+EBP]
   656 00000788 8D 85 FFFFFF64                  	LEA	EAX,DWORD [-156+EBP]
   657 0000078E 43                              	INC	EBX
   658 0000078F 50                              	PUSH	EAX
   659 00000790 57                              	PUSH	EDI
   660 00000791 56                              	PUSH	ESI
   661 00000792 52                              	PUSH	EDX
   662 00000793 E8 000000ED                     	CALL	_puttab
   663 00000798 83 C4 14                        	ADD	ESP,20
   664 0000079B 89 C2                           	MOV	EDX,EAX
   665 0000079D E9 FFFFFEEF                     	JMP	L155
   666 000007A2                                 L177:
   667 000007A2 8A 0B                           	MOV	CL,BYTE [EBX]
   668 000007A4 80 F9 09                        	CMP	CL,9
   669 000007A7 74 6A                           	JE	L186
   670 000007A9 8D 41 7F                        	LEA	EAX,DWORD [127+ECX]
   671 000007AC 3C 1E                           	CMP	AL,30
   672 000007AE 76 07                           	JBE	L149
   673 000007B0 8D 41 20                        	LEA	EAX,DWORD [32+ECX]
   674 000007B3 3C 1C                           	CMP	AL,28
   675 000007B5 77 46                           	JA	L148
   676 000007B7                                 L149:
   677 000007B7 83 FA FF                        	CMP	EDX,-1
   678 000007BA 74 38                           	JE	L187
   679 000007BC                                 L150:
   680 000007BC 85 D2                           	TEST	EDX,EDX
   681 000007BE 78 18                           	JS	L151
   682 000007C0 8D 46 FF                        	LEA	EAX,DWORD [-1+ESI]
   683 000007C3 39 C2                           	CMP	EDX,EAX
   684 000007C5 7D 11                           	JGE	L151
   685 000007C7 88 8C 15 FFFFFF64               	MOV	BYTE [-156+EBP+EDX*1],CL
   686 000007CE 8A 43 01                        	MOV	AL,BYTE [1+EBX]
   687 000007D1 88 84 15 FFFFFF65               	MOV	BYTE [-155+EBP+EDX*1],AL
   688 000007D8                                 L151:
   689 000007D8 8D 46 FF                        	LEA	EAX,DWORD [-1+ESI]
   690 000007DB 39 C2                           	CMP	EDX,EAX
   691 000007DD 74 0B                           	JE	L188
   692 000007DF                                 L152:
   693 000007DF 83 C2 02                        	ADD	EDX,2
   694 000007E2 83 C3 02                        	ADD	EBX,2
   695 000007E5 E9 FFFFFE9D                     	JMP	L145
   696 000007EA                                 L188:
   697 000007EA C6 84 15 FFFFFF64 20            	MOV	BYTE [-156+EBP+EDX*1],32
   698 000007F2 EB EB                           	JMP	L152
   699 000007F4                                 L187:
   700 000007F4 C6 85 FFFFFF64 20               	MOV	BYTE [-156+EBP],32
   701 000007FB EB BF                           	JMP	L150
   702 000007FD                                 L148:
   703 000007FD 85 D2                           	TEST	EDX,EDX
   704 000007FF 78 0B                           	JS	L154
   705 00000801 39 F2                           	CMP	EDX,ESI
   706 00000803 7D 07                           	JGE	L154
   707 00000805 88 8C 15 FFFFFF64               	MOV	BYTE [-156+EBP+EDX*1],CL
   708 0000080C                                 L154:
   709 0000080C 42                              	INC	EDX
   710 0000080D 43                              	INC	EBX
   711 0000080E E9 FFFFFE74                     	JMP	L145
   712 00000813                                 L186:
   713 00000813 FF 75 1C                        	PUSH	DWORD [28+EBP]
   714 00000816 8D 85 FFFFFF64                  	LEA	EAX,DWORD [-156+EBP]
   715 0000081C 43                              	INC	EBX
   716 0000081D 50                              	PUSH	EAX
   717 0000081E 57                              	PUSH	EDI
   718 0000081F 56                              	PUSH	ESI
   719 00000820 52                              	PUSH	EDX
   720 00000821 E8 0000005F                     	CALL	_puttab
   721 00000826 83 C4 14                        	ADD	ESP,20
   722 00000829 89 C2                           	MOV	EDX,EAX
   723 0000082B E9 FFFFFE57                     	JMP	L145
   724 00000830                                 L176:
   725 00000830 FF 75 1C                        	PUSH	DWORD [28+EBP]
   726 00000833 8D 85 FFFFFF64                  	LEA	EAX,DWORD [-156+EBP]
   727 00000839 50                              	PUSH	EAX
   728 0000083A 57                              	PUSH	EDI
   729 0000083B 56                              	PUSH	ESI
   730 0000083C 52                              	PUSH	EDX
   731 0000083D E8 00000043                     	CALL	_puttab
   732 00000842 83 C4 14                        	ADD	ESP,20
   733 00000845 89 C2                           	MOV	EDX,EAX
   734 00000847 E9 FFFFFE30                     	JMP	L143
   735 0000084C                                 L175:
   736 0000084C 43                              	INC	EBX
   737 0000084D                                 L137:
   738 0000084D 39 F2                           	CMP	EDX,ESI
   739 0000084F 7E 02                           	JLE	L173
   740 00000851 89 F2                           	MOV	EDX,ESI
   741 00000853                                 L173:
   742 00000853 85 D2                           	TEST	EDX,EDX
   743 00000855 7E 24                           	JLE	L174
   744 00000857 8D 85 FFFFFF64                  	LEA	EAX,DWORD [-156+EBP]
   745 0000085D 50                              	PUSH	EAX
   746 0000085E 8B 45 08                        	MOV	EAX,DWORD [8+EBP]
   747 00000861 52                              	PUSH	EDX
   748 00000862 40                              	INC	EAX
   749 00000863 6A 00                           	PUSH	0
   750 00000865 FF 75 10                        	PUSH	DWORD [16+EBP]
   751 00000868 6A 08                           	PUSH	8
   752 0000086A 50                              	PUSH	EAX
   753 0000086B C6 84 15 FFFFFF64 00            	MOV	BYTE [-156+EBP+EDX*1],0
   754 00000873 E8 [00000000]                   	CALL	_api_putstrwin
   755 00000878 83 C4 18                        	ADD	ESP,24
   756 0000087B                                 L174:
   757 0000087B 8D 65 F4                        	LEA	ESP,DWORD [-12+EBP]
   758 0000087E 89 D8                           	MOV	EAX,EBX
   759 00000880 5B                              	POP	EBX
   760 00000881 5E                              	POP	ESI
   761 00000882 5F                              	POP	EDI
   762 00000883 5D                              	POP	EBP
   763 00000884 C3                              	RET
   764 00000885                                 	GLOBAL	_puttab
   765 00000885                                 _puttab:
   766 00000885 55                              	PUSH	EBP
   767 00000886 89 E5                           	MOV	EBP,ESP
   768 00000888 57                              	PUSH	EDI
   769 00000889 56                              	PUSH	ESI
   770 0000088A 53                              	PUSH	EBX
   771 0000088B 8B 4D 08                        	MOV	ECX,DWORD [8+EBP]
   772 0000088E 8B 7D 10                        	MOV	EDI,DWORD [16+EBP]
   773 00000891 8B 75 14                        	MOV	ESI,DWORD [20+EBP]
   774 00000894 8B 5D 18                        	MOV	EBX,DWORD [24+EBP]
   775 00000897                                 L190:
   776 00000897 85 C9                           	TEST	ECX,ECX
   777 00000899 78 09                           	JS	L193
   778 0000089B 3B 4D 0C                        	CMP	ECX,DWORD [12+EBP]
   779 0000089E 7D 04                           	JGE	L193
   780 000008A0 C6 04 31 20                     	MOV	BYTE [ECX+ESI*1],32
   781 000008A4                                 L193:
   782 000008A4 41                              	INC	ECX
   783 000008A5 8D 04 0F                        	LEA	EAX,DWORD [EDI+ECX*1]
   784 000008A8 99                              	CDQ
   785 000008A9 F7 FB                           	IDIV	EBX
   786 000008AB 85 D2                           	TEST	EDX,EDX
   787 000008AD 75 E8                           	JNE	L190
   788 000008AF 5B                              	POP	EBX
   789 000008B0 89 C8                           	MOV	EAX,ECX
   790 000008B2 5E                              	POP	ESI
   791 000008B3 5F                              	POP	EDI
   792 000008B4 5D                              	POP	EBP
   793 000008B5 C3                              	RET
