     1 00000000                                 [FORMAT "WCOFF"]
     2 00000000                                 [INSTRSET "i486p"]
     3 00000000                                 [OPTIMIZE 1]
     4 00000000                                 [OPTION 1]
     5 00000000                                 [BITS 32]
     6 00000000                                 	EXTERN	_api_getlang
     7 00000000                                 	EXTERN	_api_end
     8 00000000                                 	EXTERN	_api_putstr0
     9 00000000                                 	EXTERN	_s3.2
    10 00000000                                 	EXTERN	_s2.1
    11 00000000                                 	EXTERN	_s1.0
    12 00000000                                 [FILE "chklang.c"]
    13                                          [SECTION .data]
    14 00000000                                 _s1.0:
    15 00000000 93                              	DB	-109
    16 00000001 FA                              	DB	-6
    17 00000002 96                              	DB	-106
    18 00000003 7B                              	DB	123
    19 00000004 8C                              	DB	-116
    20 00000005 EA                              	DB	-22
    21 00000006 83                              	DB	-125
    22 00000007 56                              	DB	86
    23 00000008 83                              	DB	-125
    24 00000009 74                              	DB	116
    25 0000000A 83                              	DB	-125
    26 0000000B 67                              	DB	103
    27 0000000C 4A                              	DB	74
    28 0000000D 49                              	DB	73
    29 0000000E 53                              	DB	83
    30 0000000F 83                              	DB	-125
    31 00000010 82                              	DB	-126
    32 00000011 81                              	DB	-127
    33 00000012 5B                              	DB	91
    34 00000013 83                              	DB	-125
    35 00000014 68                              	DB	104
    36 00000015 0A                              	DB	10
    37 00000016 00                              	DB	0
    38 00000017                                 _s2.1:
    39 00000017 C6                              	DB	-58
    40 00000018 FC                              	DB	-4
    41 00000019 CB                              	DB	-53
    42 0000001A DC                              	DB	-36
    43 0000001B B8                              	DB	-72
    44 0000001C EC                              	DB	-20
    45 0000001D 45                              	DB	69
    46 0000001E 55                              	DB	85
    47 0000001F 43                              	DB	67
    48 00000020 A5                              	DB	-91
    49 00000021 E2                              	DB	-30
    50 00000022 A1                              	DB	-95
    51 00000023 BC                              	DB	-68
    52 00000024 A5                              	DB	-91
    53 00000025 C9                              	DB	-55
    54 00000026 0A                              	DB	10
    55 00000027 00                              	DB	0
    56 00000028                                 _s3.2:
    57 00000028 CE                              	DB	-50
    58 00000029 D2                              	DB	-46
    59 0000002A 20                              	DB	32
    60 0000002B CA                              	DB	-54
    61 0000002C C7                              	DB	-57
    62 0000002D A1                              	DB	-95
    63 0000002E A2                              	DB	-94
    64 0000002F A1                              	DB	-95
    65 00000030 A3                              	DB	-93
    66 00000031 0A                              	DB	10
    67 00000032 00                              	DB	0
    68 00000033 00 00 00 00 00 00 00 00 00      	RESB	9
    69 0000003C                                 LC1:
    70 0000003C C4 E3 BA C3 A3 AC B5 B1 C7 B0   	DB	0xC4,0xE3,0xBA,0xC3,0xA3,0xAC,0xB5,0xB1,0xC7,0xB0,0xB4,0xA6,0xD3,0xDA,0xD6,0xD0,0xCE,0xC4,0xC4,0xA3,0xCA,0xBD,"!",0x0A,0x00
       00000046 B4 A6 D3 DA D6 D0 CE C4 C4 A3 
       00000050 CA BD 21 0A 00 
    71 00000055                                 LC0:
    72 00000055 45 6E 67 6C 69 73 68 20 41 53   	DB	"English ASCII mode",0x0A,0x00
       0000005F 43 49 49 20 6D 6F 64 65 0A 00 
    73                                          [SECTION .text]
    74 00000000                                 	GLOBAL	_HariMain
    75 00000000                                 _HariMain:
    76 00000000 55                              	PUSH	EBP
    77 00000001 89 E5                           	MOV	EBP,ESP
    78 00000003 53                              	PUSH	EBX
    79 00000004 E8 [00000000]                   	CALL	_api_getlang
    80 00000009 89 C3                           	MOV	EBX,EAX
    81 0000000B 85 C0                           	TEST	EAX,EAX
    82 0000000D 74 77                           	JE	L12
    83 0000000F                                 L2:
    84 0000000F 83 FB 01                        	CMP	EBX,1
    85 00000012 74 65                           	JE	L13
    86 00000014                                 L3:
    87 00000014 83 FB 02                        	CMP	EBX,2
    88 00000017 74 53                           	JE	L14
    89 00000019                                 L4:
    90 00000019 83 FB 03                        	CMP	EBX,3
    91 0000001C 74 09                           	JE	L15
    92 0000001E                                 L5:
    93 0000001E 8B 5D FC                        	MOV	EBX,DWORD [-4+EBP]
    94 00000021 C9                              	LEAVE
    95 00000022 E9 [00000000]                   	JMP	_api_end
    96 00000027                                 L15:
    97 00000027 68 [0000003C]                   	PUSH	LC1
    98 0000002C BB 000000A1                     	MOV	EBX,161
    99 00000031 E8 [00000000]                   	CALL	_api_putstr0
   100 00000036 68 [00000028]                   	PUSH	_s3.2
   101 0000003B E8 [00000000]                   	CALL	_api_putstr0
   102 00000040 5A                              	POP	EDX
   103 00000041 59                              	POP	ECX
   104 00000042                                 L10:
   105 00000042 88 1D [00000029]                	MOV	BYTE [_s3.2+1],BL
   106 00000048 43                              	INC	EBX
   107 00000049 C6 05 [00000028] A1             	MOV	BYTE [_s3.2],-95
   108 00000050 C6 05 [0000002A] 00             	MOV	BYTE [_s3.2+2],0
   109 00000057 68 [00000028]                   	PUSH	_s3.2
   110 0000005C E8 [00000000]                   	CALL	_api_putstr0
   111 00000061 81 FB 000000CB                  	CMP	EBX,203
   112 00000067 58                              	POP	EAX
   113 00000068 7E D8                           	JLE	L10
   114 0000006A EB B2                           	JMP	L5
   115 0000006C                                 L14:
   116 0000006C 68 [00000017]                   	PUSH	_s2.1
   117 00000071 E8 [00000000]                   	CALL	_api_putstr0
   118 00000076 58                              	POP	EAX
   119 00000077 EB A0                           	JMP	L4
   120 00000079                                 L13:
   121 00000079 68 [00000000]                   	PUSH	_s1.0
   122 0000007E E8 [00000000]                   	CALL	_api_putstr0
   123 00000083 58                              	POP	EAX
   124 00000084 EB 8E                           	JMP	L3
   125 00000086                                 L12:
   126 00000086 68 [00000055]                   	PUSH	LC0
   127 0000008B E8 [00000000]                   	CALL	_api_putstr0
   128 00000090 58                              	POP	EAX
   129 00000091 E9 FFFFFF79                     	JMP	L2
